#
# A fatal error has been detected by the Java Runtime Environment:
#
#  SIGSEGV (0xb) at pc=0x00007fb058a09978, pid=33670, tid=33700
#
# JRE version: OpenJDK Runtime Environment (11.0.10+9) (build 11.0.10+9)
# Java VM: OpenJDK 64-Bit Server VM (11.0.10+9, mixed mode, tiered, compressed oops, g1 gc, linux-amd64)
# Problematic frame:
# V  [libjvm.so+0x832978]
#
# Core dump will be written. Default location: Core dumps may be processed with "/usr/lib/systemd/systemd-coredump %P %u %g %s %t %c %h" (or dumping to /home/qihang/IdeaProjects/SpringCloud/cloud2020/core.33670)
#
# If you would like to submit a bug report, please visit:
#   https://bugreport.java.com/bugreport/crash.jsp
#

---------------  S U M M A R Y ------------

Command Line: -Dmaven.multiModuleProjectDirectory=/home/qihang/IdeaProjects/SpringCloud/cloud2020 -Dmaven.home=/opt/intellij-idea-ultimate-edition/plugins/maven/lib/maven3 -Dclassworlds.conf=/opt/intellij-idea-ultimate-edition/plugins/maven/lib/maven3/bin/m2.conf -Dmaven.ext.class.path=/opt/intellij-idea-ultimate-edition/plugins/maven/lib/maven-event-listener.jar -Dfile.encoding=UTF-8 org.codehaus.classworlds.Launcher -Didea.version=2020.3.3 install

Host: Intel(R) Core(TM) i7-4790 CPU @ 3.60GHz, 8 cores, 15G, Manjaro Linux
Time: Mon Mar 29 14:04:16 2021 CST elapsed time: 13.899878 seconds (0d 0h 0m 13s)

---------------  T H R E A D  ---------------

Current thread (0x00007fb050218800):  JavaThread "C2 CompilerThread0" daemon [_thread_in_native, id=33700, stack(0x00007fb0380a7000,0x00007fb0381a8000)]


Current CompileTask:
C2:  13899 4441       4       org.codehaus.plexus.util.xml.Xpp3DomBuilder::build (413 bytes)

Stack: [0x00007fb0380a7000,0x00007fb0381a8000],  sp=0x00007fb0381a3280,  free space=1008k
Native frames: (J=compiled Java code, A=aot compiled Java code, j=interpreted, Vv=VM code, C=native code)
V  [libjvm.so+0x832978]
V  [libjvm.so+0x56f524]
V  [libjvm.so+0x6220b9]
V  [libjvm.so+0x625dfd]
V  [libjvm.so+0x54b2cc]
V  [libjvm.so+0x62e906]
V  [libjvm.so+0x62fb68]
V  [libjvm.so+0xd7b06a]
V  [libjvm.so+0xd775d1]
V  [libjvm.so+0xbe4791]


siginfo: si_signo: 11 (SIGSEGV), si_code: 1 (SEGV_MAPERR), si_addr: 0x00007f9059382e74

Register to memory mapping:

RAX=0x0000000000000008 is an unknown value
RBX=0x00007fb0381a3880 is pointing into the stack for thread: 0x00007fb050218800
RCX=0x00000000000008a3 is an unknown value
RDX=0x0000000000000008 is an unknown value
RSP=0x00007fb0381a3280 is pointing into the stack for thread: 0x00007fb050218800
RBP=0x00007fb0381a34a0 is pointing into the stack for thread: 0x00007fb050218800
RSI=0x00007f9059382e60 is an unknown value
RDI=0x00007f9059382e74 is an unknown value
R8 =0x00007faff05cc5a0 points into unknown readable memory: 0x000000000007f000 | 00 f0 07 00 00 00 00 00
R9 =0x0000000000000020 is an unknown value
R10=0x00007faffc9184d8 points into unknown readable memory: 0x00007fb0592cf4e8 | e8 f4 2c 59 b0 7f 00 00
R11=0x0000000000080000 is an unknown value
R12=0x00007faff0161000 points into unknown readable memory: 0x00007fb05928e108 | 08 e1 28 59 b0 7f 00 00
R13=0x00007faffce71e50 points into unknown readable memory: 0x3ef14bbc4992caa7 | a7 ca 92 49 bc 4b f1 3e
R14=0x00007faff08b31d0 points into unknown readable memory: 0x00007fb0592799f0 | f0 99 27 59 b0 7f 00 00
R15=0x0000000000000913 is an unknown value


Registers:
RAX=0x0000000000000008, RBX=0x00007fb0381a3880, RCX=0x00000000000008a3, RDX=0x0000000000000008
RSP=0x00007fb0381a3280, RBP=0x00007fb0381a34a0, RSI=0x00007f9059382e60, RDI=0x00007f9059382e74
R8 =0x00007faff05cc5a0, R9 =0x0000000000000020, R10=0x00007faffc9184d8, R11=0x0000000000080000
R12=0x00007faff0161000, R13=0x00007faffce71e50, R14=0x00007faff08b31d0, R15=0x0000000000000913
RIP=0x00007fb058a09978, EFLAGS=0x0000000000010206, CSGSFS=0x002b000000000033, ERR=0x0000000000000004
  TRAPNO=0x000000000000000e

Top of Stack: (sp=0x00007fb0381a3280)
0x00007fb0381a3280:   00007fb0381a3370 00007fb0381a3330
0x00007fb0381a3290:   0000000000000000 000000000000000c
0x00007fb0381a32a0:   0000002600000080 00007fb0381a3310
0x00007fb0381a32b0:   00007fb0381a32f0 00007fb0381a33d0 

Instructions: (pc=0x00007fb058a09978)
0x00007fb058a09878:   0f 1f 84 00 00 00 00 00 f2 0f 10 85 38 fe ff ff
0x00007fb058a09888:   f2 0f 10 0d 38 60 64 00 66 0f 54 05 58 60 64 00
0x00007fb058a09898:   66 0f 2e c8 72 14 f2 41 0f 10 45 08 f2 0f 5c 85
0x00007fb058a098a8:   38 fe ff ff f2 41 0f 11 45 08 41 8b 44 24 2c 83
0x00007fb058a098b8:   e0 1f 83 f8 12 0f 84 cd 03 00 00 48 8b 85 38 ff
0x00007fb058a098c8:   ff ff 4c 03 04 f0 89 d0 41 8b 08 f7 d0 21 c8 41
0x00007fb058a098d8:   89 00 85 ca 74 52 83 ad 30 ff ff ff 01 49 8d 7d
0x00007fb058a098e8:   38 67 e8 81 30 45 00 84 c0 74 3d 41 8b 95 90 00
0x00007fb058a098f8:   00 00 85 d2 74 32 41 f6 85 98 00 00 00 06 0f 84
0x00007fb058a09908:   14 05 00 00 8b 85 70 fe ff ff 41 0f b7 95 96 00
0x00007fb058a09918:   00 00 29 d0 89 85 70 fe ff ff 3b 85 7c fe ff ff
0x00007fb058a09928:   0f 84 11 06 00 00 66 90 41 f6 44 24 30 01 0f 84
0x00007fb058a09938:   04 ff ff ff 49 8b 44 24 08 48 8b bd 38 ff ff ff
0x00007fb058a09948:   48 8b 40 08 48 63 50 28 48 8b 83 28 01 00 00 8b
0x00007fb058a09958:   0c 90 b8 01 00 00 00 89 ce 89 ca d3 e0 c1 ee 08
0x00007fb058a09968:   c1 ea 05 48 8b 34 f7 83 e2 07 48 8d 3c 96 89 c2
0x00007fb058a09978:   8b 37 f7 d2 21 f2 89 17 85 f0 0f 84 b8 fe ff ff
0x00007fb058a09988:   48 8b 43 70 48 8d 14 89 83 ad 30 ff ff ff 01 48
0x00007fb058a09998:   c1 e2 05 48 03 50 20 f2 0f 10 42 08 f2 0f 5c 85
0x00007fb058a099a8:   38 fe ff ff 48 8d 7a 38 48 89 95 38 fe ff ff f2
0x00007fb058a099b8:   0f 11 42 08 67 e8 ae 2f 45 00 84 c0 0f 84 76 fe
0x00007fb058a099c8:   ff ff 48 8b 95 38 fe ff ff 8b 82 90 00 00 00 85
0x00007fb058a099d8:   c0 0f 84 61 fe ff ff f6 82 98 00 00 00 06 0f 84
0x00007fb058a099e8:   7b 05 00 00 8b 85 70 fe ff ff 0f b7 92 96 00 00
0x00007fb058a099f8:   00 29 d0 89 85 70 fe ff ff 3b 85 7c fe ff ff 0f
0x00007fb058a09a08:   85 33 fe ff ff 8b 85 2c fe ff ff 89 85 74 fe ff
0x00007fb058a09a18:   ff e9 22 fe ff ff 66 90 48 8d 05 b9 bd 98 00 41
0x00007fb058a09a28:   8b 4d 3c 48 8b 50 18 41 8b 45 38 23 4a 04 23 02
0x00007fb058a09a38:   09 c8 41 8b 4d 40 23 4a 08 09 c8 41 8b 4d 44 23
0x00007fb058a09a48:   4a 0c 09 c8 41 8b 4d 48 23 4a 10 09 c8 41 8b 4d
0x00007fb058a09a58:   4c 23 4a 14 09 c8 41 8b 4d 50 23 4a 18 09 c8 41
0x00007fb058a09a68:   8b 4d 54 23 4a 1c 09 c8 41 8b 4d 58 23 4a 20 09 


Stack slot to memory mapping:
stack at sp + 0 slots: 0x00007fb0381a3370 is pointing into the stack for thread: 0x00007fb050218800
stack at sp + 1 slots: 0x00007fb0381a3330 is pointing into the stack for thread: 0x00007fb050218800
stack at sp + 2 slots: 0x0 is NULL
stack at sp + 3 slots: 0x000000000000000c is an unknown value
stack at sp + 4 slots: 0x0000002600000080 is an unknown value
stack at sp + 5 slots: 0x00007fb0381a3310 is pointing into the stack for thread: 0x00007fb050218800
stack at sp + 6 slots: 0x00007fb0381a32f0 is pointing into the stack for thread: 0x00007fb050218800
stack at sp + 7 slots: 0x00007fb0381a33d0 is pointing into the stack for thread: 0x00007fb050218800


---------------  P R O C E S S  ---------------

Threads class SMR info:
_java_thread_list=0x00007fb000242510, length=11, elements={
0x00007fb050017000, 0x00007fb0501fb800, 0x00007fb0501ff800, 0x00007fb050214800,
0x00007fb050216800, 0x00007fb050218800, 0x00007fb05021a800, 0x00007fb05021c800,
0x00007fb05028d000, 0x00007fb0006d7800, 0x00007fb000241800
}

Java Threads: ( => current thread )
  0x00007fb050017000 JavaThread "main" [_thread_in_native, id=33671, stack(0x00007fb057d9a000,0x00007fb057e9b000)]
  0x00007fb0501fb800 JavaThread "Reference Handler" daemon [_thread_blocked, id=33694, stack(0x00007fb05429b000,0x00007fb05439c000)]
  0x00007fb0501ff800 JavaThread "Finalizer" daemon [_thread_blocked, id=33695, stack(0x00007fb05419a000,0x00007fb05429b000)]
  0x00007fb050214800 JavaThread "Signal Dispatcher" daemon [_thread_blocked, id=33697, stack(0x00007fb054099000,0x00007fb05419a000)]
  0x00007fb050216800 JavaThread "Service Thread" daemon [_thread_blocked, id=33698, stack(0x00007fb0381a8000,0x00007fb0382a9000)]
=>0x00007fb050218800 JavaThread "C2 CompilerThread0" daemon [_thread_in_native, id=33700, stack(0x00007fb0380a7000,0x00007fb0381a8000)]
  0x00007fb05021a800 JavaThread "C1 CompilerThread0" daemon [_thread_blocked, id=33701, stack(0x00007fb02c2af000,0x00007fb02c3b0000)]
  0x00007fb05021c800 JavaThread "Sweeper thread" daemon [_thread_blocked, id=33702, stack(0x00007fb02c1ae000,0x00007fb02c2af000)]
  0x00007fb05028d000 JavaThread "Common-Cleaner" daemon [_thread_blocked, id=33704, stack(0x00007fb025eff000,0x00007fb026000000)]
  0x00007fb0006d7800 JavaThread "C2 CompilerThread1" daemon [_thread_in_native, id=33764, stack(0x00007fb025dfe000,0x00007fb025eff000)]
  0x00007fb000241800 JavaThread "C2 CompilerThread2" daemon [_thread_in_native, id=33779, stack(0x00007fb0256fa000,0x00007fb0257fb000)]

Other Threads:
  0x00007fb0501f3800 VMThread "VM Thread" [stack: 0x00007fb05439e000,0x00007fb05449e000] [id=33692]
  0x00007fb05027b800 WatcherThread [stack: 0x00007fb02c0ae000,0x00007fb02c1ae000] [id=33703]
  0x00007fb05002e800 GCTaskThread "GC Thread#0" [stack: 0x00007fb057a4e000,0x00007fb057b4e000] [id=33672]
  0x00007fb018001000 GCTaskThread "GC Thread#1" [stack: 0x00007fb0255fa000,0x00007fb0256fa000] [id=33726]
  0x00007fb018002800 GCTaskThread "GC Thread#2" [stack: 0x00007fb0254f8000,0x00007fb0255f8000] [id=33727]
  0x00007fb018004000 GCTaskThread "GC Thread#3" [stack: 0x00007fb0253f6000,0x00007fb0254f6000] [id=33728]
  0x00007fb018006000 GCTaskThread "GC Thread#4" [stack: 0x00007fb0252f4000,0x00007fb0253f4000] [id=33729]
  0x00007fb018008000 GCTaskThread "GC Thread#5" [stack: 0x00007fb0251f2000,0x00007fb0252f2000] [id=33730]
  0x00007fb05008c800 ConcurrentGCThread "G1 Main Marker" [stack: 0x00007fb0558f4000,0x00007fb0559f4000] [id=33674]
  0x00007fb05008e800 ConcurrentGCThread "G1 Conc#0" [stack: 0x00007fb0557f2000,0x00007fb0558f2000] [id=33682]
  0x00007fb028001000 ConcurrentGCThread "G1 Conc#1" [stack: 0x00007fb0248f0000,0x00007fb0249f0000] [id=33833]
  0x00007fb05018e800 ConcurrentGCThread "G1 Refine#0" [stack: 0x00007fb054ee8000,0x00007fb054fe8000] [id=33684]
  0x00007fb050190800 ConcurrentGCThread "G1 Young RemSet Sampling" [stack: 0x00007fb054de6000,0x00007fb054ee6000] [id=33687]

Threads with active compile tasks:
C2 CompilerThread0  13904 4441       4       org.codehaus.plexus.util.xml.Xpp3DomBuilder::build (413 bytes)
C2 CompilerThread1  13904 4442       4       org.codehaus.plexus.util.xml.pull.MXParser::parseAttribute (1641 bytes)
C2 CompilerThread2  13904 4462       4       org.apache.maven.repository.internal.ArtifactDescriptorReaderDelegate::convert (205 bytes)

VM state:not at safepoint (normal execution)

VM Mutex/Monitor currently owned by a thread: None

Heap address: 0x0000000707600000, size: 3978 MB, Compressed Oops mode: Zero based, Oop shift amount: 3
Narrow klass base: 0x0000000800000000, Narrow klass shift: 0
Compressed class space size: 1073741824 Address: 0x0000000800000000

Heap:
 garbage-first heap   total 256000K, used 75738K [0x0000000707600000, 0x0000000800000000)
  region size 1024K, 64 young (65536K), 7 survivors (7168K)
 Metaspace       used 24853K, capacity 25481K, committed 25856K, reserved 1073152K
  class space    used 2534K, capacity 2718K, committed 2816K, reserved 1048576K
Heap Regions: E=young(eden), S=young(survivor), O=old, HS=humongous(starts), HC=humongous(continues), CS=collection set, F=free, A=archive, TAMS=top-at-mark-start (previous, next)
|   0|0x0000000707600000, 0x0000000707700000, 0x0000000707700000|100%| O|  |TAMS 0x0000000707669e00, 0x0000000707600000| Untracked 
|   1|0x0000000707700000, 0x0000000707800000, 0x0000000707800000|100%| O|  |TAMS 0x0000000707700000, 0x0000000707700000| Untracked 
|   2|0x0000000707800000, 0x0000000707900000, 0x0000000707900000|100%| O|  |TAMS 0x0000000707800000, 0x0000000707800000| Untracked 
|   3|0x0000000707900000, 0x0000000707a00000, 0x0000000707a00000|100%| O|  |TAMS 0x0000000707900000, 0x0000000707900000| Untracked 
|   4|0x0000000707a00000, 0x0000000707b00000, 0x0000000707b00000|100%| O|  |TAMS 0x0000000707a00000, 0x0000000707a00000| Untracked 
|   5|0x0000000707b00000, 0x0000000707c00000, 0x0000000707c00000|100%| O|  |TAMS 0x0000000707b00000, 0x0000000707b00000| Untracked 
|   6|0x0000000707c00000, 0x0000000707d00000, 0x0000000707d00000|100%| O|  |TAMS 0x0000000707c00000, 0x0000000707c00000| Untracked 
|   7|0x0000000707d00000, 0x0000000707e00000, 0x0000000707e00000|100%| O|  |TAMS 0x0000000707d00000, 0x0000000707d00000| Untracked 
|   8|0x0000000707e00000, 0x0000000707f00000, 0x0000000707f00000|100%| O|  |TAMS 0x0000000707e00000, 0x0000000707e00000| Untracked 
|   9|0x0000000707f00000, 0x0000000708000000, 0x0000000708000000|100%| O|  |TAMS 0x0000000707f00000, 0x0000000707f00000| Untracked 
|  10|0x0000000708000000, 0x0000000708100000, 0x0000000708100000|100%| O|  |TAMS 0x0000000708000000, 0x0000000708000000| Untracked 
|  11|0x0000000708100000, 0x0000000708169c00, 0x0000000708200000| 41%| O|  |TAMS 0x0000000708100000, 0x0000000708100000| Untracked 
|  12|0x0000000708200000, 0x0000000708200000, 0x0000000708300000|  0%| F|  |TAMS 0x0000000708200000, 0x0000000708200000| Untracked 
|  13|0x0000000708300000, 0x0000000708300000, 0x0000000708400000|  0%| F|  |TAMS 0x0000000708300000, 0x0000000708300000| Untracked 
|  14|0x0000000708400000, 0x0000000708400000, 0x0000000708500000|  0%| F|  |TAMS 0x0000000708400000, 0x0000000708400000| Untracked 
|  15|0x0000000708500000, 0x0000000708500000, 0x0000000708600000|  0%| F|  |TAMS 0x0000000708500000, 0x0000000708500000| Untracked 
|  16|0x0000000708600000, 0x0000000708600000, 0x0000000708700000|  0%| F|  |TAMS 0x0000000708600000, 0x0000000708600000| Untracked 
|  17|0x0000000708700000, 0x0000000708700000, 0x0000000708800000|  0%| F|  |TAMS 0x0000000708700000, 0x0000000708700000| Untracked 
|  18|0x0000000708800000, 0x0000000708800000, 0x0000000708900000|  0%| F|  |TAMS 0x0000000708800000, 0x0000000708800000| Untracked 
|  19|0x0000000708900000, 0x0000000708900000, 0x0000000708a00000|  0%| F|  |TAMS 0x0000000708900000, 0x0000000708900000| Untracked 
|  20|0x0000000708a00000, 0x0000000708a00000, 0x0000000708b00000|  0%| F|  |TAMS 0x0000000708a00000, 0x0000000708a00000| Untracked 
|  21|0x0000000708b00000, 0x0000000708b00000, 0x0000000708c00000|  0%| F|  |TAMS 0x0000000708b00000, 0x0000000708b00000| Untracked 
|  22|0x0000000708c00000, 0x0000000708c00000, 0x0000000708d00000|  0%| F|  |TAMS 0x0000000708c00000, 0x0000000708c00000| Untracked 
|  23|0x0000000708d00000, 0x0000000708d00000, 0x0000000708e00000|  0%| F|  |TAMS 0x0000000708d00000, 0x0000000708d00000| Untracked 
|  24|0x0000000708e00000, 0x0000000708e00000, 0x0000000708f00000|  0%| F|  |TAMS 0x0000000708e00000, 0x0000000708e00000| Untracked 
|  25|0x0000000708f00000, 0x0000000708f00000, 0x0000000709000000|  0%| F|  |TAMS 0x0000000708f00000, 0x0000000708f00000| Untracked 
|  26|0x0000000709000000, 0x0000000709000000, 0x0000000709100000|  0%| F|  |TAMS 0x0000000709000000, 0x0000000709000000| Untracked 
|  27|0x0000000709100000, 0x0000000709100000, 0x0000000709200000|  0%| F|  |TAMS 0x0000000709100000, 0x0000000709100000| Untracked 
|  28|0x0000000709200000, 0x0000000709200000, 0x0000000709300000|  0%| F|  |TAMS 0x0000000709200000, 0x0000000709200000| Untracked 
|  29|0x0000000709300000, 0x0000000709300000, 0x0000000709400000|  0%| F|  |TAMS 0x0000000709300000, 0x0000000709300000| Untracked 
|  30|0x0000000709400000, 0x0000000709400000, 0x0000000709500000|  0%| F|  |TAMS 0x0000000709400000, 0x0000000709400000| Untracked 
|  31|0x0000000709500000, 0x0000000709500000, 0x0000000709600000|  0%| F|  |TAMS 0x0000000709500000, 0x0000000709500000| Untracked 
|  32|0x0000000709600000, 0x0000000709600000, 0x0000000709700000|  0%| F|  |TAMS 0x0000000709600000, 0x0000000709600000| Untracked 
|  33|0x0000000709700000, 0x0000000709700000, 0x0000000709800000|  0%| F|  |TAMS 0x0000000709700000, 0x0000000709700000| Untracked 
|  34|0x0000000709800000, 0x0000000709800000, 0x0000000709900000|  0%| F|  |TAMS 0x0000000709800000, 0x0000000709800000| Untracked 
|  35|0x0000000709900000, 0x0000000709900000, 0x0000000709a00000|  0%| F|  |TAMS 0x0000000709900000, 0x0000000709900000| Untracked 
|  36|0x0000000709a00000, 0x0000000709a00000, 0x0000000709b00000|  0%| F|  |TAMS 0x0000000709a00000, 0x0000000709a00000| Untracked 
|  37|0x0000000709b00000, 0x0000000709b00000, 0x0000000709c00000|  0%| F|  |TAMS 0x0000000709b00000, 0x0000000709b00000| Untracked 
|  38|0x0000000709c00000, 0x0000000709c00000, 0x0000000709d00000|  0%| F|  |TAMS 0x0000000709c00000, 0x0000000709c00000| Untracked 
|  39|0x0000000709d00000, 0x0000000709d00000, 0x0000000709e00000|  0%| F|  |TAMS 0x0000000709d00000, 0x0000000709d00000| Untracked 
|  40|0x0000000709e00000, 0x0000000709e00000, 0x0000000709f00000|  0%| F|  |TAMS 0x0000000709e00000, 0x0000000709e00000| Untracked 
|  41|0x0000000709f00000, 0x0000000709f00000, 0x000000070a000000|  0%| F|  |TAMS 0x0000000709f00000, 0x0000000709f00000| Untracked 
|  42|0x000000070a000000, 0x000000070a000000, 0x000000070a100000|  0%| F|  |TAMS 0x000000070a000000, 0x000000070a000000| Untracked 
|  43|0x000000070a100000, 0x000000070a100000, 0x000000070a200000|  0%| F|  |TAMS 0x000000070a100000, 0x000000070a100000| Untracked 
|  44|0x000000070a200000, 0x000000070a200000, 0x000000070a300000|  0%| F|  |TAMS 0x000000070a200000, 0x000000070a200000| Untracked 
|  45|0x000000070a300000, 0x000000070a300000, 0x000000070a400000|  0%| F|  |TAMS 0x000000070a300000, 0x000000070a300000| Untracked 
|  46|0x000000070a400000, 0x000000070a400000, 0x000000070a500000|  0%| F|  |TAMS 0x000000070a400000, 0x000000070a400000| Untracked 
|  47|0x000000070a500000, 0x000000070a500000, 0x000000070a600000|  0%| F|  |TAMS 0x000000070a500000, 0x000000070a500000| Untracked 
|  48|0x000000070a600000, 0x000000070a600000, 0x000000070a700000|  0%| F|  |TAMS 0x000000070a600000, 0x000000070a600000| Untracked 
|  49|0x000000070a700000, 0x000000070a700000, 0x000000070a800000|  0%| F|  |TAMS 0x000000070a700000, 0x000000070a700000| Untracked 
|  50|0x000000070a800000, 0x000000070a800000, 0x000000070a900000|  0%| F|  |TAMS 0x000000070a800000, 0x000000070a800000| Untracked 
|  51|0x000000070a900000, 0x000000070a900000, 0x000000070aa00000|  0%| F|  |TAMS 0x000000070a900000, 0x000000070a900000| Untracked 
|  52|0x000000070aa00000, 0x000000070aa00000, 0x000000070ab00000|  0%| F|  |TAMS 0x000000070aa00000, 0x000000070aa00000| Untracked 
|  53|0x000000070ab00000, 0x000000070ab00000, 0x000000070ac00000|  0%| F|  |TAMS 0x000000070ab00000, 0x000000070ab00000| Untracked 
|  54|0x000000070ac00000, 0x000000070ac00000, 0x000000070ad00000|  0%| F|  |TAMS 0x000000070ac00000, 0x000000070ac00000| Untracked 
|  55|0x000000070ad00000, 0x000000070ad00000, 0x000000070ae00000|  0%| F|  |TAMS 0x000000070ad00000, 0x000000070ad00000| Untracked 
|  56|0x000000070ae00000, 0x000000070ae00000, 0x000000070af00000|  0%| F|  |TAMS 0x000000070ae00000, 0x000000070ae00000| Untracked 
|  57|0x000000070af00000, 0x000000070af00000, 0x000000070b000000|  0%| F|  |TAMS 0x000000070af00000, 0x000000070af00000| Untracked 
|  58|0x000000070b000000, 0x000000070b000000, 0x000000070b100000|  0%| F|  |TAMS 0x000000070b000000, 0x000000070b000000| Untracked 
|  59|0x000000070b100000, 0x000000070b100000, 0x000000070b200000|  0%| F|  |TAMS 0x000000070b100000, 0x000000070b100000| Untracked 
|  60|0x000000070b200000, 0x000000070b200000, 0x000000070b300000|  0%| F|  |TAMS 0x000000070b200000, 0x000000070b200000| Untracked 
|  61|0x000000070b300000, 0x000000070b300000, 0x000000070b400000|  0%| F|  |TAMS 0x000000070b300000, 0x000000070b300000| Untracked 
|  62|0x000000070b400000, 0x000000070b400000, 0x000000070b500000|  0%| F|  |TAMS 0x000000070b400000, 0x000000070b400000| Untracked 
|  63|0x000000070b500000, 0x000000070b500000, 0x000000070b600000|  0%| F|  |TAMS 0x000000070b500000, 0x000000070b500000| Untracked 
|  64|0x000000070b600000, 0x000000070b600000, 0x000000070b700000|  0%| F|  |TAMS 0x000000070b600000, 0x000000070b600000| Untracked 
|  65|0x000000070b700000, 0x000000070b700000, 0x000000070b800000|  0%| F|  |TAMS 0x000000070b700000, 0x000000070b700000| Untracked 
|  66|0x000000070b800000, 0x000000070b800000, 0x000000070b900000|  0%| F|  |TAMS 0x000000070b800000, 0x000000070b800000| Untracked 
|  67|0x000000070b900000, 0x000000070b900000, 0x000000070ba00000|  0%| F|  |TAMS 0x000000070b900000, 0x000000070b900000| Untracked 
|  68|0x000000070ba00000, 0x000000070ba00000, 0x000000070bb00000|  0%| F|  |TAMS 0x000000070ba00000, 0x000000070ba00000| Untracked 
|  69|0x000000070bb00000, 0x000000070bb00000, 0x000000070bc00000|  0%| F|  |TAMS 0x000000070bb00000, 0x000000070bb00000| Untracked 
|  70|0x000000070bc00000, 0x000000070bc00000, 0x000000070bd00000|  0%| F|  |TAMS 0x000000070bc00000, 0x000000070bc00000| Untracked 
|  71|0x000000070bd00000, 0x000000070bd00000, 0x000000070be00000|  0%| F|  |TAMS 0x000000070bd00000, 0x000000070bd00000| Untracked 
|  72|0x000000070be00000, 0x000000070be00000, 0x000000070bf00000|  0%| F|  |TAMS 0x000000070be00000, 0x000000070be00000| Untracked 
|  73|0x000000070bf00000, 0x000000070bf00000, 0x000000070c000000|  0%| F|  |TAMS 0x000000070bf00000, 0x000000070bf00000| Untracked 
|  74|0x000000070c000000, 0x000000070c000000, 0x000000070c100000|  0%| F|  |TAMS 0x000000070c000000, 0x000000070c000000| Untracked 
|  75|0x000000070c100000, 0x000000070c100000, 0x000000070c200000|  0%| F|  |TAMS 0x000000070c100000, 0x000000070c100000| Untracked 
|  76|0x000000070c200000, 0x000000070c200000, 0x000000070c300000|  0%| F|  |TAMS 0x000000070c200000, 0x000000070c200000| Untracked 
|  77|0x000000070c300000, 0x000000070c300000, 0x000000070c400000|  0%| F|  |TAMS 0x000000070c300000, 0x000000070c300000| Untracked 
|  78|0x000000070c400000, 0x000000070c400000, 0x000000070c500000|  0%| F|  |TAMS 0x000000070c400000, 0x000000070c400000| Untracked 
|  79|0x000000070c500000, 0x000000070c500000, 0x000000070c600000|  0%| F|  |TAMS 0x000000070c500000, 0x000000070c500000| Untracked 
|  80|0x000000070c600000, 0x000000070c600000, 0x000000070c700000|  0%| F|  |TAMS 0x000000070c600000, 0x000000070c600000| Untracked 
|  81|0x000000070c700000, 0x000000070c700000, 0x000000070c800000|  0%| F|  |TAMS 0x000000070c700000, 0x000000070c700000| Untracked 
|  82|0x000000070c800000, 0x000000070c800000, 0x000000070c900000|  0%| F|  |TAMS 0x000000070c800000, 0x000000070c800000| Untracked 
|  83|0x000000070c900000, 0x000000070c900000, 0x000000070ca00000|  0%| F|  |TAMS 0x000000070c900000, 0x000000070c900000| Untracked 
|  84|0x000000070ca00000, 0x000000070ca00000, 0x000000070cb00000|  0%| F|  |TAMS 0x000000070ca00000, 0x000000070ca00000| Untracked 
|  85|0x000000070cb00000, 0x000000070cb00000, 0x000000070cc00000|  0%| F|  |TAMS 0x000000070cb00000, 0x000000070cb00000| Untracked 
|  86|0x000000070cc00000, 0x000000070cc00000, 0x000000070cd00000|  0%| F|  |TAMS 0x000000070cc00000, 0x000000070cc00000| Untracked 
|  87|0x000000070cd00000, 0x000000070cd00000, 0x000000070ce00000|  0%| F|  |TAMS 0x000000070cd00000, 0x000000070cd00000| Untracked 
|  88|0x000000070ce00000, 0x000000070ce00000, 0x000000070cf00000|  0%| F|  |TAMS 0x000000070ce00000, 0x000000070ce00000| Untracked 
|  89|0x000000070cf00000, 0x000000070cf00000, 0x000000070d000000|  0%| F|  |TAMS 0x000000070cf00000, 0x000000070cf00000| Untracked 
|  90|0x000000070d000000, 0x000000070d000000, 0x000000070d100000|  0%| F|  |TAMS 0x000000070d000000, 0x000000070d000000| Untracked 
|  91|0x000000070d100000, 0x000000070d100000, 0x000000070d200000|  0%| F|  |TAMS 0x000000070d100000, 0x000000070d100000| Untracked 
|  92|0x000000070d200000, 0x000000070d200000, 0x000000070d300000|  0%| F|  |TAMS 0x000000070d200000, 0x000000070d200000| Untracked 
|  93|0x000000070d300000, 0x000000070d300000, 0x000000070d400000|  0%| F|  |TAMS 0x000000070d300000, 0x000000070d300000| Untracked 
|  94|0x000000070d400000, 0x000000070d400000, 0x000000070d500000|  0%| F|  |TAMS 0x000000070d400000, 0x000000070d400000| Untracked 
|  95|0x000000070d500000, 0x000000070d500000, 0x000000070d600000|  0%| F|  |TAMS 0x000000070d500000, 0x000000070d500000| Untracked 
|  96|0x000000070d600000, 0x000000070d600000, 0x000000070d700000|  0%| F|  |TAMS 0x000000070d600000, 0x000000070d600000| Untracked 
|  97|0x000000070d700000, 0x000000070d700000, 0x000000070d800000|  0%| F|  |TAMS 0x000000070d700000, 0x000000070d700000| Untracked 
|  98|0x000000070d800000, 0x000000070d800000, 0x000000070d900000|  0%| F|  |TAMS 0x000000070d800000, 0x000000070d800000| Untracked 
|  99|0x000000070d900000, 0x000000070d900000, 0x000000070da00000|  0%| F|  |TAMS 0x000000070d900000, 0x000000070d900000| Untracked 
| 100|0x000000070da00000, 0x000000070da00000, 0x000000070db00000|  0%| F|  |TAMS 0x000000070da00000, 0x000000070da00000| Untracked 
| 101|0x000000070db00000, 0x000000070db00000, 0x000000070dc00000|  0%| F|  |TAMS 0x000000070db00000, 0x000000070db00000| Untracked 
| 102|0x000000070dc00000, 0x000000070dc00000, 0x000000070dd00000|  0%| F|  |TAMS 0x000000070dc00000, 0x000000070dc00000| Untracked 
| 103|0x000000070dd00000, 0x000000070dd00000, 0x000000070de00000|  0%| F|  |TAMS 0x000000070dd00000, 0x000000070dd00000| Untracked 
| 104|0x000000070de00000, 0x000000070de00000, 0x000000070df00000|  0%| F|  |TAMS 0x000000070de00000, 0x000000070de00000| Untracked 
| 105|0x000000070df00000, 0x000000070df00000, 0x000000070e000000|  0%| F|  |TAMS 0x000000070df00000, 0x000000070df00000| Untracked 
| 106|0x000000070e000000, 0x000000070e000000, 0x000000070e100000|  0%| F|  |TAMS 0x000000070e000000, 0x000000070e000000| Untracked 
| 107|0x000000070e100000, 0x000000070e100000, 0x000000070e200000|  0%| F|  |TAMS 0x000000070e100000, 0x000000070e100000| Untracked 
| 108|0x000000070e200000, 0x000000070e200000, 0x000000070e300000|  0%| F|  |TAMS 0x000000070e200000, 0x000000070e200000| Untracked 
| 109|0x000000070e300000, 0x000000070e300000, 0x000000070e400000|  0%| F|  |TAMS 0x000000070e300000, 0x000000070e300000| Untracked 
| 110|0x000000070e400000, 0x000000070e400000, 0x000000070e500000|  0%| F|  |TAMS 0x000000070e400000, 0x000000070e400000| Untracked 
| 111|0x000000070e500000, 0x000000070e500000, 0x000000070e600000|  0%| F|  |TAMS 0x000000070e500000, 0x000000070e500000| Untracked 
| 112|0x000000070e600000, 0x000000070e600000, 0x000000070e700000|  0%| F|  |TAMS 0x000000070e600000, 0x000000070e600000| Untracked 
| 113|0x000000070e700000, 0x000000070e700000, 0x000000070e800000|  0%| F|  |TAMS 0x000000070e700000, 0x000000070e700000| Untracked 
| 114|0x000000070e800000, 0x000000070e800000, 0x000000070e900000|  0%| F|  |TAMS 0x000000070e800000, 0x000000070e800000| Untracked 
| 115|0x000000070e900000, 0x000000070e900000, 0x000000070ea00000|  0%| F|  |TAMS 0x000000070e900000, 0x000000070e900000| Untracked 
| 116|0x000000070ea00000, 0x000000070ea00000, 0x000000070eb00000|  0%| F|  |TAMS 0x000000070ea00000, 0x000000070ea00000| Untracked 
| 117|0x000000070eb00000, 0x000000070eb00000, 0x000000070ec00000|  0%| F|  |TAMS 0x000000070eb00000, 0x000000070eb00000| Untracked 
| 118|0x000000070ec00000, 0x000000070ec00000, 0x000000070ed00000|  0%| F|  |TAMS 0x000000070ec00000, 0x000000070ec00000| Untracked 
| 119|0x000000070ed00000, 0x000000070ed00000, 0x000000070ee00000|  0%| F|  |TAMS 0x000000070ed00000, 0x000000070ed00000| Untracked 
| 120|0x000000070ee00000, 0x000000070ee00000, 0x000000070ef00000|  0%| F|  |TAMS 0x000000070ee00000, 0x000000070ee00000| Untracked 
| 121|0x000000070ef00000, 0x000000070ef00000, 0x000000070f000000|  0%| F|  |TAMS 0x000000070ef00000, 0x000000070ef00000| Untracked 
| 122|0x000000070f000000, 0x000000070f000000, 0x000000070f100000|  0%| F|  |TAMS 0x000000070f000000, 0x000000070f000000| Untracked 
| 123|0x000000070f100000, 0x000000070f100000, 0x000000070f200000|  0%| F|  |TAMS 0x000000070f100000, 0x000000070f100000| Untracked 
| 124|0x000000070f200000, 0x000000070f200000, 0x000000070f300000|  0%| F|  |TAMS 0x000000070f200000, 0x000000070f200000| Untracked 
| 125|0x000000070f300000, 0x000000070f300000, 0x000000070f400000|  0%| F|  |TAMS 0x000000070f300000, 0x000000070f300000| Untracked 
| 126|0x000000070f400000, 0x000000070f400000, 0x000000070f500000|  0%| F|  |TAMS 0x000000070f400000, 0x000000070f400000| Untracked 
| 127|0x000000070f500000, 0x000000070f500000, 0x000000070f600000|  0%| F|  |TAMS 0x000000070f500000, 0x000000070f500000| Untracked 
| 128|0x000000070f600000, 0x000000070f600000, 0x000000070f700000|  0%| F|  |TAMS 0x000000070f600000, 0x000000070f600000| Untracked 
| 129|0x000000070f700000, 0x000000070f700000, 0x000000070f800000|  0%| F|  |TAMS 0x000000070f700000, 0x000000070f700000| Untracked 
| 130|0x000000070f800000, 0x000000070f800000, 0x000000070f900000|  0%| F|  |TAMS 0x000000070f800000, 0x000000070f800000| Untracked 
| 131|0x000000070f900000, 0x000000070f900000, 0x000000070fa00000|  0%| F|  |TAMS 0x000000070f900000, 0x000000070f900000| Untracked 
| 132|0x000000070fa00000, 0x000000070fa00000, 0x000000070fb00000|  0%| F|  |TAMS 0x000000070fa00000, 0x000000070fa00000| Untracked 
| 133|0x000000070fb00000, 0x000000070fb00000, 0x000000070fc00000|  0%| F|  |TAMS 0x000000070fb00000, 0x000000070fb00000| Untracked 
| 134|0x000000070fc00000, 0x000000070fc00000, 0x000000070fd00000|  0%| F|  |TAMS 0x000000070fc00000, 0x000000070fc00000| Untracked 
| 135|0x000000070fd00000, 0x000000070fd00000, 0x000000070fe00000|  0%| F|  |TAMS 0x000000070fd00000, 0x000000070fd00000| Untracked 
| 136|0x000000070fe00000, 0x000000070fe8ce10, 0x000000070ff00000| 55%| S|CS|TAMS 0x000000070fe00000, 0x000000070fe00000| Complete 
| 137|0x000000070ff00000, 0x0000000710000000, 0x0000000710000000|100%| S|CS|TAMS 0x000000070ff00000, 0x000000070ff00000| Complete 
| 138|0x0000000710000000, 0x0000000710100000, 0x0000000710100000|100%| S|CS|TAMS 0x0000000710000000, 0x0000000710000000| Complete 
| 139|0x0000000710100000, 0x0000000710100000, 0x0000000710200000|  0%| F|  |TAMS 0x0000000710100000, 0x0000000710100000| Untracked 
| 140|0x0000000710200000, 0x0000000710200000, 0x0000000710300000|  0%| F|  |TAMS 0x0000000710200000, 0x0000000710200000| Untracked 
| 141|0x0000000710300000, 0x0000000710300000, 0x0000000710400000|  0%| F|  |TAMS 0x0000000710300000, 0x0000000710300000| Untracked 
| 142|0x0000000710400000, 0x0000000710400000, 0x0000000710500000|  0%| F|  |TAMS 0x0000000710400000, 0x0000000710400000| Untracked 
| 143|0x0000000710500000, 0x0000000710500000, 0x0000000710600000|  0%| F|  |TAMS 0x0000000710500000, 0x0000000710500000| Untracked 
| 144|0x0000000710600000, 0x0000000710600000, 0x0000000710700000|  0%| F|  |TAMS 0x0000000710600000, 0x0000000710600000| Untracked 
| 145|0x0000000710700000, 0x0000000710700000, 0x0000000710800000|  0%| F|  |TAMS 0x0000000710700000, 0x0000000710700000| Untracked 
| 146|0x0000000710800000, 0x0000000710800000, 0x0000000710900000|  0%| F|  |TAMS 0x0000000710800000, 0x0000000710800000| Untracked 
| 147|0x0000000710900000, 0x0000000710900000, 0x0000000710a00000|  0%| F|  |TAMS 0x0000000710900000, 0x0000000710900000| Untracked 
| 148|0x0000000710a00000, 0x0000000710a00000, 0x0000000710b00000|  0%| F|  |TAMS 0x0000000710a00000, 0x0000000710a00000| Untracked 
| 149|0x0000000710b00000, 0x0000000710b00000, 0x0000000710c00000|  0%| F|  |TAMS 0x0000000710b00000, 0x0000000710b00000| Untracked 
| 150|0x0000000710c00000, 0x0000000710c00000, 0x0000000710d00000|  0%| F|  |TAMS 0x0000000710c00000, 0x0000000710c00000| Untracked 
| 151|0x0000000710d00000, 0x0000000710e00000, 0x0000000710e00000|100%| S|CS|TAMS 0x0000000710d00000, 0x0000000710d00000| Complete 
| 152|0x0000000710e00000, 0x0000000710f00000, 0x0000000710f00000|100%| S|CS|TAMS 0x0000000710e00000, 0x0000000710e00000| Complete 
| 153|0x0000000710f00000, 0x0000000711000000, 0x0000000711000000|100%| S|CS|TAMS 0x0000000710f00000, 0x0000000710f00000| Complete 
| 154|0x0000000711000000, 0x0000000711100000, 0x0000000711100000|100%| S|CS|TAMS 0x0000000711000000, 0x0000000711000000| Complete 
| 155|0x0000000711100000, 0x0000000711100000, 0x0000000711200000|  0%| F|  |TAMS 0x0000000711100000, 0x0000000711100000| Untracked 
| 156|0x0000000711200000, 0x0000000711200000, 0x0000000711300000|  0%| F|  |TAMS 0x0000000711200000, 0x0000000711200000| Untracked 
| 157|0x0000000711300000, 0x0000000711300000, 0x0000000711400000|  0%| F|  |TAMS 0x0000000711300000, 0x0000000711300000| Untracked 
| 158|0x0000000711400000, 0x0000000711400000, 0x0000000711500000|  0%| F|  |TAMS 0x0000000711400000, 0x0000000711400000| Untracked 
| 159|0x0000000711500000, 0x0000000711500000, 0x0000000711600000|  0%| F|  |TAMS 0x0000000711500000, 0x0000000711500000| Untracked 
| 160|0x0000000711600000, 0x0000000711600000, 0x0000000711700000|  0%| F|  |TAMS 0x0000000711600000, 0x0000000711600000| Untracked 
| 161|0x0000000711700000, 0x0000000711700000, 0x0000000711800000|  0%| F|  |TAMS 0x0000000711700000, 0x0000000711700000| Untracked 
| 162|0x0000000711800000, 0x0000000711800000, 0x0000000711900000|  0%| F|  |TAMS 0x0000000711800000, 0x0000000711800000| Untracked 
| 163|0x0000000711900000, 0x0000000711900000, 0x0000000711a00000|  0%| F|  |TAMS 0x0000000711900000, 0x0000000711900000| Untracked 
| 164|0x0000000711a00000, 0x0000000711a00000, 0x0000000711b00000|  0%| F|  |TAMS 0x0000000711a00000, 0x0000000711a00000| Untracked 
| 165|0x0000000711b00000, 0x0000000711b00000, 0x0000000711c00000|  0%| F|  |TAMS 0x0000000711b00000, 0x0000000711b00000| Untracked 
| 166|0x0000000711c00000, 0x0000000711c00000, 0x0000000711d00000|  0%| F|  |TAMS 0x0000000711c00000, 0x0000000711c00000| Untracked 
| 167|0x0000000711d00000, 0x0000000711d00000, 0x0000000711e00000|  0%| F|  |TAMS 0x0000000711d00000, 0x0000000711d00000| Untracked 
| 168|0x0000000711e00000, 0x0000000711e00000, 0x0000000711f00000|  0%| F|  |TAMS 0x0000000711e00000, 0x0000000711e00000| Untracked 
| 169|0x0000000711f00000, 0x0000000711f00000, 0x0000000712000000|  0%| F|  |TAMS 0x0000000711f00000, 0x0000000711f00000| Untracked 
| 170|0x0000000712000000, 0x0000000712000000, 0x0000000712100000|  0%| F|  |TAMS 0x0000000712000000, 0x0000000712000000| Untracked 
| 171|0x0000000712100000, 0x0000000712100000, 0x0000000712200000|  0%| F|  |TAMS 0x0000000712100000, 0x0000000712100000| Untracked 
| 172|0x0000000712200000, 0x0000000712200000, 0x0000000712300000|  0%| F|  |TAMS 0x0000000712200000, 0x0000000712200000| Untracked 
| 173|0x0000000712300000, 0x0000000712300000, 0x0000000712400000|  0%| F|  |TAMS 0x0000000712300000, 0x0000000712300000| Untracked 
| 174|0x0000000712400000, 0x0000000712400000, 0x0000000712500000|  0%| F|  |TAMS 0x0000000712400000, 0x0000000712400000| Untracked 
| 175|0x0000000712500000, 0x0000000712500000, 0x0000000712600000|  0%| F|  |TAMS 0x0000000712500000, 0x0000000712500000| Untracked 
| 176|0x0000000712600000, 0x0000000712600000, 0x0000000712700000|  0%| F|  |TAMS 0x0000000712600000, 0x0000000712600000| Untracked 
| 177|0x0000000712700000, 0x0000000712700000, 0x0000000712800000|  0%| F|  |TAMS 0x0000000712700000, 0x0000000712700000| Untracked 
| 178|0x0000000712800000, 0x0000000712800000, 0x0000000712900000|  0%| F|  |TAMS 0x0000000712800000, 0x0000000712800000| Untracked 
| 179|0x0000000712900000, 0x0000000712900000, 0x0000000712a00000|  0%| F|  |TAMS 0x0000000712900000, 0x0000000712900000| Untracked 
| 180|0x0000000712a00000, 0x0000000712a00000, 0x0000000712b00000|  0%| F|  |TAMS 0x0000000712a00000, 0x0000000712a00000| Untracked 
| 181|0x0000000712b00000, 0x0000000712b00000, 0x0000000712c00000|  0%| F|  |TAMS 0x0000000712b00000, 0x0000000712b00000| Untracked 
| 182|0x0000000712c00000, 0x0000000712c00000, 0x0000000712d00000|  0%| F|  |TAMS 0x0000000712c00000, 0x0000000712c00000| Untracked 
| 183|0x0000000712d00000, 0x0000000712d00000, 0x0000000712e00000|  0%| F|  |TAMS 0x0000000712d00000, 0x0000000712d00000| Untracked 
| 184|0x0000000712e00000, 0x0000000712e00000, 0x0000000712f00000|  0%| F|  |TAMS 0x0000000712e00000, 0x0000000712e00000| Untracked 
| 185|0x0000000712f00000, 0x0000000712f00000, 0x0000000713000000|  0%| F|  |TAMS 0x0000000712f00000, 0x0000000712f00000| Untracked 
| 186|0x0000000713000000, 0x0000000713000000, 0x0000000713100000|  0%| F|  |TAMS 0x0000000713000000, 0x0000000713000000| Untracked 
| 187|0x0000000713100000, 0x0000000713100000, 0x0000000713200000|  0%| F|  |TAMS 0x0000000713100000, 0x0000000713100000| Untracked 
| 188|0x0000000713200000, 0x0000000713200000, 0x0000000713300000|  0%| F|  |TAMS 0x0000000713200000, 0x0000000713200000| Untracked 
| 189|0x0000000713300000, 0x0000000713300000, 0x0000000713400000|  0%| F|  |TAMS 0x0000000713300000, 0x0000000713300000| Untracked 
| 190|0x0000000713400000, 0x0000000713400000, 0x0000000713500000|  0%| F|  |TAMS 0x0000000713400000, 0x0000000713400000| Untracked 
| 191|0x0000000713500000, 0x0000000713500000, 0x0000000713600000|  0%| F|  |TAMS 0x0000000713500000, 0x0000000713500000| Untracked 
| 192|0x0000000713600000, 0x0000000713600000, 0x0000000713700000|  0%| F|  |TAMS 0x0000000713600000, 0x0000000713600000| Untracked 
| 193|0x0000000713700000, 0x0000000713784010, 0x0000000713800000| 51%| E|  |TAMS 0x0000000713700000, 0x0000000713700000| Complete 
| 194|0x0000000713800000, 0x0000000713900000, 0x0000000713900000|100%| E|CS|TAMS 0x0000000713800000, 0x0000000713800000| Complete 
| 195|0x0000000713900000, 0x0000000713a00000, 0x0000000713a00000|100%| E|CS|TAMS 0x0000000713900000, 0x0000000713900000| Complete 
| 196|0x0000000713a00000, 0x0000000713b00000, 0x0000000713b00000|100%| E|CS|TAMS 0x0000000713a00000, 0x0000000713a00000| Complete 
| 197|0x0000000713b00000, 0x0000000713c00000, 0x0000000713c00000|100%| E|CS|TAMS 0x0000000713b00000, 0x0000000713b00000| Complete 
| 198|0x0000000713c00000, 0x0000000713d00000, 0x0000000713d00000|100%| E|CS|TAMS 0x0000000713c00000, 0x0000000713c00000| Complete 
| 199|0x0000000713d00000, 0x0000000713e00000, 0x0000000713e00000|100%| E|CS|TAMS 0x0000000713d00000, 0x0000000713d00000| Complete 
| 200|0x0000000713e00000, 0x0000000713f00000, 0x0000000713f00000|100%| E|CS|TAMS 0x0000000713e00000, 0x0000000713e00000| Complete 
| 201|0x0000000713f00000, 0x0000000714000000, 0x0000000714000000|100%| E|CS|TAMS 0x0000000713f00000, 0x0000000713f00000| Complete 
| 202|0x0000000714000000, 0x0000000714100000, 0x0000000714100000|100%| E|CS|TAMS 0x0000000714000000, 0x0000000714000000| Complete 
| 203|0x0000000714100000, 0x0000000714200000, 0x0000000714200000|100%| E|CS|TAMS 0x0000000714100000, 0x0000000714100000| Complete 
| 204|0x0000000714200000, 0x0000000714300000, 0x0000000714300000|100%| E|CS|TAMS 0x0000000714200000, 0x0000000714200000| Complete 
| 205|0x0000000714300000, 0x0000000714400000, 0x0000000714400000|100%| E|CS|TAMS 0x0000000714300000, 0x0000000714300000| Complete 
| 206|0x0000000714400000, 0x0000000714500000, 0x0000000714500000|100%| E|CS|TAMS 0x0000000714400000, 0x0000000714400000| Complete 
| 207|0x0000000714500000, 0x0000000714600000, 0x0000000714600000|100%| E|CS|TAMS 0x0000000714500000, 0x0000000714500000| Complete 
| 208|0x0000000714600000, 0x0000000714700000, 0x0000000714700000|100%| E|CS|TAMS 0x0000000714600000, 0x0000000714600000| Complete 
| 209|0x0000000714700000, 0x0000000714800000, 0x0000000714800000|100%| E|CS|TAMS 0x0000000714700000, 0x0000000714700000| Complete 
| 210|0x0000000714800000, 0x0000000714900000, 0x0000000714900000|100%| E|CS|TAMS 0x0000000714800000, 0x0000000714800000| Complete 
| 211|0x0000000714900000, 0x0000000714a00000, 0x0000000714a00000|100%| E|CS|TAMS 0x0000000714900000, 0x0000000714900000| Complete 
| 212|0x0000000714a00000, 0x0000000714b00000, 0x0000000714b00000|100%| E|CS|TAMS 0x0000000714a00000, 0x0000000714a00000| Complete 
| 213|0x0000000714b00000, 0x0000000714c00000, 0x0000000714c00000|100%| E|CS|TAMS 0x0000000714b00000, 0x0000000714b00000| Complete 
| 214|0x0000000714c00000, 0x0000000714d00000, 0x0000000714d00000|100%| E|CS|TAMS 0x0000000714c00000, 0x0000000714c00000| Complete 
| 215|0x0000000714d00000, 0x0000000714e00000, 0x0000000714e00000|100%| E|CS|TAMS 0x0000000714d00000, 0x0000000714d00000| Complete 
| 216|0x0000000714e00000, 0x0000000714f00000, 0x0000000714f00000|100%| E|CS|TAMS 0x0000000714e00000, 0x0000000714e00000| Complete 
| 217|0x0000000714f00000, 0x0000000715000000, 0x0000000715000000|100%| E|CS|TAMS 0x0000000714f00000, 0x0000000714f00000| Complete 
| 218|0x0000000715000000, 0x0000000715100000, 0x0000000715100000|100%| E|CS|TAMS 0x0000000715000000, 0x0000000715000000| Complete 
| 219|0x0000000715100000, 0x0000000715200000, 0x0000000715200000|100%| E|CS|TAMS 0x0000000715100000, 0x0000000715100000| Complete 
| 220|0x0000000715200000, 0x0000000715300000, 0x0000000715300000|100%| E|CS|TAMS 0x0000000715200000, 0x0000000715200000| Complete 
| 221|0x0000000715300000, 0x0000000715400000, 0x0000000715400000|100%| E|CS|TAMS 0x0000000715300000, 0x0000000715300000| Complete 
| 222|0x0000000715400000, 0x0000000715500000, 0x0000000715500000|100%| E|CS|TAMS 0x0000000715400000, 0x0000000715400000| Complete 
| 223|0x0000000715500000, 0x0000000715600000, 0x0000000715600000|100%| E|CS|TAMS 0x0000000715500000, 0x0000000715500000| Complete 
| 224|0x0000000715600000, 0x0000000715700000, 0x0000000715700000|100%| E|CS|TAMS 0x0000000715600000, 0x0000000715600000| Complete 
| 225|0x0000000715700000, 0x0000000715800000, 0x0000000715800000|100%| E|CS|TAMS 0x0000000715700000, 0x0000000715700000| Complete 
| 226|0x0000000715800000, 0x0000000715900000, 0x0000000715900000|100%| E|CS|TAMS 0x0000000715800000, 0x0000000715800000| Complete 
| 227|0x0000000715900000, 0x0000000715a00000, 0x0000000715a00000|100%| E|CS|TAMS 0x0000000715900000, 0x0000000715900000| Complete 
| 228|0x0000000715a00000, 0x0000000715b00000, 0x0000000715b00000|100%| E|CS|TAMS 0x0000000715a00000, 0x0000000715a00000| Complete 
| 229|0x0000000715b00000, 0x0000000715c00000, 0x0000000715c00000|100%| E|CS|TAMS 0x0000000715b00000, 0x0000000715b00000| Complete 
| 230|0x0000000715c00000, 0x0000000715d00000, 0x0000000715d00000|100%| E|CS|TAMS 0x0000000715c00000, 0x0000000715c00000| Complete 
| 231|0x0000000715d00000, 0x0000000715e00000, 0x0000000715e00000|100%| E|CS|TAMS 0x0000000715d00000, 0x0000000715d00000| Complete 
| 232|0x0000000715e00000, 0x0000000715f00000, 0x0000000715f00000|100%| E|CS|TAMS 0x0000000715e00000, 0x0000000715e00000| Complete 
| 233|0x0000000715f00000, 0x0000000716000000, 0x0000000716000000|100%| E|CS|TAMS 0x0000000715f00000, 0x0000000715f00000| Complete 
| 234|0x0000000716000000, 0x0000000716100000, 0x0000000716100000|100%| E|CS|TAMS 0x0000000716000000, 0x0000000716000000| Complete 
| 235|0x0000000716100000, 0x0000000716200000, 0x0000000716200000|100%| E|CS|TAMS 0x0000000716100000, 0x0000000716100000| Complete 
| 236|0x0000000716200000, 0x0000000716300000, 0x0000000716300000|100%| E|CS|TAMS 0x0000000716200000, 0x0000000716200000| Complete 
| 237|0x0000000716300000, 0x0000000716400000, 0x0000000716400000|100%| E|CS|TAMS 0x0000000716300000, 0x0000000716300000| Complete 
| 238|0x0000000716400000, 0x0000000716500000, 0x0000000716500000|100%| E|CS|TAMS 0x0000000716400000, 0x0000000716400000| Complete 
| 239|0x0000000716500000, 0x0000000716600000, 0x0000000716600000|100%| E|CS|TAMS 0x0000000716500000, 0x0000000716500000| Complete 
| 240|0x0000000716600000, 0x0000000716700000, 0x0000000716700000|100%| E|CS|TAMS 0x0000000716600000, 0x0000000716600000| Complete 
| 241|0x0000000716700000, 0x0000000716800000, 0x0000000716800000|100%| E|CS|TAMS 0x0000000716700000, 0x0000000716700000| Complete 
| 242|0x0000000716800000, 0x0000000716900000, 0x0000000716900000|100%| E|CS|TAMS 0x0000000716800000, 0x0000000716800000| Complete 
| 243|0x0000000716900000, 0x0000000716a00000, 0x0000000716a00000|100%| E|CS|TAMS 0x0000000716900000, 0x0000000716900000| Complete 
| 244|0x0000000716a00000, 0x0000000716b00000, 0x0000000716b00000|100%| E|CS|TAMS 0x0000000716a00000, 0x0000000716a00000| Complete 
| 245|0x0000000716b00000, 0x0000000716c00000, 0x0000000716c00000|100%| E|CS|TAMS 0x0000000716b00000, 0x0000000716b00000| Complete 
| 246|0x0000000716c00000, 0x0000000716d00000, 0x0000000716d00000|100%| E|CS|TAMS 0x0000000716c00000, 0x0000000716c00000| Complete 
| 247|0x0000000716d00000, 0x0000000716e00000, 0x0000000716e00000|100%| E|CS|TAMS 0x0000000716d00000, 0x0000000716d00000| Complete 
| 248|0x0000000716e00000, 0x0000000716f00000, 0x0000000716f00000|100%| E|CS|TAMS 0x0000000716e00000, 0x0000000716e00000| Complete 
| 249|0x0000000716f00000, 0x0000000717000000, 0x0000000717000000|100%| E|CS|TAMS 0x0000000716f00000, 0x0000000716f00000| Complete 

Card table byte_map: [0x00007fb0562ba000,0x00007fb056a7f000] _byte_map_base: 0x00007fb052a7f000

Marking Bits (Prev, Next): (CMBitMap*) 0x00007fb05007c4f0, (CMBitMap*) 0x00007fb05007c4b8
 Prev Bits: [0x00007fb02c3b0000, 0x00007fb0301d8000)
 Next Bits: [0x00007fb0301d8000, 0x00007fb034000000)

Polling page: 0x00007fb0595e3000

Metaspace:

Usage:
  Non-class:     22.23 MB capacity,    21.80 MB ( 98%) used,   414.33 KB (  2%) free+waste,    30.12 KB ( <1%) overhead. 
      Class:      2.65 MB capacity,     2.48 MB ( 93%) used,   171.63 KB (  6%) free+waste,    11.69 KB ( <1%) overhead. 
       Both:     24.88 MB capacity,    24.27 MB ( 98%) used,   585.96 KB (  2%) free+waste,    41.81 KB ( <1%) overhead. 

Virtual space:
  Non-class space:       24.00 MB reserved,      22.50 MB ( 94%) committed 
      Class space:        1.00 GB reserved,       2.75 MB ( <1%) committed 
             Both:        1.02 GB reserved,      25.25 MB (  2%) committed 

Chunk freelists:
   Non-Class:  93.00 KB
       Class:  2.00 KB
        Both:  95.00 KB

MaxMetaspaceSize: unlimited
CompressedClassSpaceSize: 1.00 GB

CodeHeap 'non-profiled nmethods': size=120032Kb used=2686Kb max_used=2686Kb free=117345Kb
 bounds [0x00007fb04035a000, 0x00007fb0405fa000, 0x00007fb047892000]
CodeHeap 'profiled nmethods': size=120028Kb used=10946Kb max_used=10946Kb free=109081Kb
 bounds [0x00007fb038e23000, 0x00007fb0398e3000, 0x00007fb04035a000]
CodeHeap 'non-nmethods': size=5700Kb used=1098Kb max_used=1171Kb free=4601Kb
 bounds [0x00007fb038892000, 0x00007fb038b02000, 0x00007fb038e23000]
 total_blobs=4858 nmethods=4438 adapters=332
 compilation: enabled
              stopped_count=0, restarted_count=0
 full_count=0

Compilation events (20 events):
Event: 13.706 Thread 0x00007fb000241800 nmethod 4451 0x00007fb0405f5a10 code [0x00007fb0405f5be0, 0x00007fb0405f61d8]
Event: 13.706 Thread 0x00007fb000241800 4450       4       java.util.Formatter$FormatSpecifier::print (238 bytes)
Event: 13.740 Thread 0x00007fb000241800 nmethod 4450 0x00007fb0405f6690 code [0x00007fb0405f6860, 0x00007fb0405f7098]
Event: 13.757 Thread 0x00007fb000241800 4456 %     4       java.lang.StringCoding::decodeUTF8_0 @ 30 (897 bytes)
Event: 13.761 Thread 0x00007fb05021a800 4457   !   3       org.codehaus.plexus.util.xml.XmlReader::<init> (34 bytes)
Event: 13.762 Thread 0x00007fb05021a800 nmethod 4457 0x00007fb0398ce810 code [0x00007fb0398cea00, 0x00007fb0398cedd0]
Event: 13.762 Thread 0x00007fb05021a800 4458       3       org.codehaus.plexus.util.xml.XmlReader::doRawStream (53 bytes)
Event: 13.763 Thread 0x00007fb05021a800 nmethod 4458 0x00007fb0398cef10 code [0x00007fb0398cf180, 0x00007fb0398cfbf0]
Event: 13.794 Thread 0x00007fb05021a800 4460   !   3       sun.nio.cs.StreamDecoder::close (37 bytes)
Event: 13.795 Thread 0x00007fb05021a800 nmethod 4460 0x00007fb0398cff90 code [0x00007fb0398d0180, 0x00007fb0398d0750]
Event: 13.802 Thread 0x00007fb05021a800 4461       3       org.eclipse.aether.graph.Dependency$Exclusions::<init> (53 bytes)
Event: 13.802 Thread 0x00007fb05021a800 nmethod 4461 0x00007fb0398d0990 code [0x00007fb0398d0c40, 0x00007fb0398d1a90]
Event: 13.805 Thread 0x00007fb05021a800 4464       3       java.util.AbstractMap::hashCode (45 bytes)
Event: 13.805 Thread 0x00007fb05021a800 nmethod 4464 0x00007fb0398d1e90 code [0x00007fb0398d20a0, 0x00007fb0398d2760]
Event: 13.817 Thread 0x00007fb05021a800 4467       3       org.codehaus.plexus.interpolation.SimpleRecursionInterceptor::<init> (16 bytes)
Event: 13.817 Thread 0x00007fb05021a800 nmethod 4467 0x00007fb0398d2910 code [0x00007fb0398d2b00, 0x00007fb0398d2ea0]
Event: 13.824 Thread 0x00007fb000241800 nmethod 4456% 0x00007fb0405f7710 code [0x00007fb0405f7940, 0x00007fb0405f9150]
Event: 13.824 Thread 0x00007fb000241800 4462       4       org.apache.maven.repository.internal.ArtifactDescriptorReaderDelegate::convert (205 bytes)
Event: 13.875 Thread 0x00007fb05021a800 4470       3       org.eclipse.aether.resolution.ArtifactDescriptorResult::addRepository (40 bytes)
Event: 13.875 Thread 0x00007fb05021a800 nmethod 4470 0x00007fb0398d3010 code [0x00007fb0398d3220, 0x00007fb0398d3810]

GC Heap History (6 events):
Event: 1.794 GC heap before
{Heap before GC invocations=0 (full 0):
 garbage-first heap   total 256000K, used 24576K [0x0000000707600000, 0x0000000800000000)
  region size 1024K, 24 young (24576K), 0 survivors (0K)
 Metaspace       used 12864K, capacity 13144K, committed 13440K, reserved 1060864K
  class space    used 1303K, capacity 1381K, committed 1408K, reserved 1048576K
}
Event: 1.857 GC heap after
{Heap after GC invocations=1 (full 0):
 garbage-first heap   total 256000K, used 3495K [0x0000000707600000, 0x0000000800000000)
  region size 1024K, 3 young (3072K), 3 survivors (3072K)
 Metaspace       used 12864K, capacity 13144K, committed 13440K, reserved 1060864K
  class space    used 1303K, capacity 1381K, committed 1408K, reserved 1048576K
}
Event: 7.751 GC heap before
{Heap before GC invocations=1 (full 0):
 garbage-first heap   total 256000K, used 100775K [0x0000000707600000, 0x0000000800000000)
  region size 1024K, 99 young (101376K), 3 survivors (3072K)
 Metaspace       used 20906K, capacity 21214K, committed 21248K, reserved 1069056K
  class space    used 2175K, capacity 2278K, committed 2304K, reserved 1048576K
}
Event: 7.854 GC heap after
{Heap after GC invocations=2 (full 0):
 garbage-first heap   total 256000K, used 11820K [0x0000000707600000, 0x0000000800000000)
  region size 1024K, 12 young (12288K), 12 survivors (12288K)
 Metaspace       used 20906K, capacity 21214K, committed 21248K, reserved 1069056K
  class space    used 2175K, capacity 2278K, committed 2304K, reserved 1048576K
}
Event: 11.364 GC heap before
{Heap before GC invocations=3 (full 0):
 garbage-first heap   total 256000K, used 109100K [0x0000000707600000, 0x0000000800000000)
  region size 1024K, 107 young (109568K), 12 survivors (12288K)
 Metaspace       used 23130K, capacity 23586K, committed 23808K, reserved 1071104K
  class space    used 2336K, capacity 2493K, committed 2560K, reserved 1048576K
}
Event: 11.397 GC heap after
{Heap after GC invocations=4 (full 0):
 garbage-first heap   total 256000K, used 18394K [0x0000000707600000, 0x0000000800000000)
  region size 1024K, 7 young (7168K), 7 survivors (7168K)
 Metaspace       used 23130K, capacity 23586K, committed 23808K, reserved 1071104K
  class space    used 2336K, capacity 2493K, committed 2560K, reserved 1048576K
}

Deoptimization events (20 events):
Event: 11.820 Thread 0x00007fb050017000 Uncommon trap: trap_request=0xffffffd6 fr.pc=0x00007fb0405792c0 relative=0x0000000000000780
Event: 11.820 Thread 0x00007fb050017000 Uncommon trap: reason=array_check action=maybe_recompile pc=0x00007fb0405792c0 method=java.util.TimSort.binarySort([Ljava/lang/Object;IIILjava/util/Comparator;)V @ 193 c2
Event: 11.820 Thread 0x00007fb050017000 DEOPT PACKING pc=0x00007fb0405792c0 sp=0x00007fb057e97900
Event: 11.820 Thread 0x00007fb050017000 DEOPT UNPACKING pc=0x00007fb0388b8ba5 sp=0x00007fb057e978a8 mode 2
Event: 11.993 Thread 0x00007fb050017000 Uncommon trap: trap_request=0xffffffde fr.pc=0x00007fb04046bb88 relative=0x0000000000000408
Event: 11.993 Thread 0x00007fb050017000 Uncommon trap: reason=class_check action=maybe_recompile pc=0x00007fb04046bb88 method=sun.nio.cs.StreamEncoder.writeBytes()V @ 120 c2
Event: 11.993 Thread 0x00007fb050017000 DEOPT PACKING pc=0x00007fb04046bb88 sp=0x00007fb057e98230
Event: 11.993 Thread 0x00007fb050017000 DEOPT UNPACKING pc=0x00007fb0388b8ba5 sp=0x00007fb057e98220 mode 2
Event: 12.153 Thread 0x00007fb050017000 DEOPT PACKING pc=0x00007fb03941e24e sp=0x00007fb057e973f0
Event: 12.153 Thread 0x00007fb050017000 DEOPT UNPACKING pc=0x00007fb0388b89ba sp=0x00007fb057e968b8 mode 0
Event: 12.859 Thread 0x00007fb050017000 DEOPT PACKING pc=0x00007fb03941e24e sp=0x00007fb057e97b30
Event: 12.859 Thread 0x00007fb050017000 DEOPT UNPACKING pc=0x00007fb0388b89ba sp=0x00007fb057e96ff8 mode 0
Event: 13.419 Thread 0x00007fb050017000 Uncommon trap: trap_request=0xffffffde fr.pc=0x00007fb04046bb88 relative=0x0000000000000408
Event: 13.419 Thread 0x00007fb050017000 Uncommon trap: reason=class_check action=maybe_recompile pc=0x00007fb04046bb88 method=sun.nio.cs.StreamEncoder.writeBytes()V @ 120 c2
Event: 13.419 Thread 0x00007fb050017000 DEOPT PACKING pc=0x00007fb04046bb88 sp=0x00007fb057e97cb0
Event: 13.419 Thread 0x00007fb050017000 DEOPT UNPACKING pc=0x00007fb0388b8ba5 sp=0x00007fb057e97c98 mode 2
Event: 13.584 Thread 0x00007fb050017000 Uncommon trap: trap_request=0xffffff4d fr.pc=0x00007fb040573a3c relative=0x0000000000003adc
Event: 13.584 Thread 0x00007fb050017000 Uncommon trap: reason=unstable_if action=reinterpret pc=0x00007fb040573a3c method=org.apache.maven.model.merge.MavenModelMerger.mergePlugin_Executions(Lorg/apache/maven/model/Plugin;Lorg/apache/maven/model/Plugin;ZLjava/util/Map;)V @ 88 c2
Event: 13.584 Thread 0x00007fb050017000 DEOPT PACKING pc=0x00007fb040573a3c sp=0x00007fb057e97240
Event: 13.584 Thread 0x00007fb050017000 DEOPT UNPACKING pc=0x00007fb0388b8ba5 sp=0x00007fb057e971d0 mode 2

Classes redefined (0 events):
No events

Internal exceptions (9 events):
Event: 0.319 Thread 0x00007fb050017000 Exception <a 'java/security/PrivilegedActionException'{0x0000000716e1ff70}> (0x0000000716e1ff70) thrown at [src/hotspot/share/prims/jvm.cpp, line 1304]
Event: 0.319 Thread 0x00007fb050017000 Exception <a 'java/security/PrivilegedActionException'{0x0000000716e20240}> (0x0000000716e20240) thrown at [src/hotspot/share/prims/jvm.cpp, line 1304]
Event: 0.556 Thread 0x00007fb050017000 Exception <a 'java/lang/NoSuchMethodError'{0x0000000716c1ff18}: 'int java.lang.invoke.DirectMethodHandle$Holder.invokeSpecialIFC(java.lang.Object, java.lang.Object, int)'> (0x0000000716c1ff18) thrown at [src/hotspot/share/interpreter/linkResolver.cpp, line 772]
Event: 3.639 Thread 0x00007fb050017000 Exception <a 'java/lang/NoClassDefFoundError'{0x0000000714be6aa0}: com/google/inject/servlet/ServletModuleTargetVisitor> (0x0000000714be6aa0) thrown at [src/hotspot/share/classfile/systemDictionary.cpp, line 220]
Event: 3.639 Thread 0x00007fb050017000 Exception <a 'java/lang/NoClassDefFoundError'{0x0000000714be6aa0}> (0x0000000714be6aa0) thrown at [src/hotspot/share/prims/jvm.cpp, line 1310]
Event: 3.639 Thread 0x00007fb050017000 Exception <a 'java/lang/NoClassDefFoundError'{0x0000000714be9538}: javax/annotation/Priority> (0x0000000714be9538) thrown at [src/hotspot/share/classfile/systemDictionary.cpp, line 220]
Event: 4.314 Thread 0x00007fb050017000 Implicit null exception at 0x00007fb04037ae74 to 0x00007fb04037b374
Event: 4.314 Thread 0x00007fb050017000 Implicit null exception at 0x00007fb04037b8f4 to 0x00007fb04037be18
Event: 10.063 Thread 0x00007fb050017000 Implicit null exception at 0x00007fb0403b88f5 to 0x00007fb0403b8ad8

Events (20 events):
Event: 13.395 loading class org/apache/maven/artifact/installer/DefaultArtifactInstaller
Event: 13.395 loading class org/apache/maven/artifact/installer/DefaultArtifactInstaller done
Event: 13.395 loading class org/apache/maven/artifact/installer/DefaultArtifactInstaller
Event: 13.395 loading class org/apache/maven/artifact/installer/DefaultArtifactInstaller done
Event: 13.396 loading class org/apache/maven/project/artifact/ProjectArtifactMetadata
Event: 13.396 loading class org/apache/maven/project/artifact/ProjectArtifactMetadata done
Event: 13.396 loading class org/apache/maven/project/artifact/ProjectArtifactMetadata
Event: 13.396 loading class org/apache/maven/project/artifact/ProjectArtifactMetadata done
Event: 13.396 loading class org/apache/maven/project/artifact/ProjectArtifactMetadata
Event: 13.396 loading class org/apache/maven/project/artifact/ProjectArtifactMetadata done
Event: 13.396 loading class org/apache/maven/project/artifact/ProjectArtifactMetadata
Event: 13.396 loading class org/apache/maven/project/artifact/ProjectArtifactMetadata done
Event: 13.397 loading class org/apache/maven/artifact/metadata/AbstractArtifactMetadata
Event: 13.397 loading class org/apache/maven/artifact/metadata/AbstractArtifactMetadata done
Event: 13.397 loading class org/apache/maven/repository/legacy/metadata/AbstractArtifactMetadata
Event: 13.397 loading class org/apache/maven/repository/legacy/metadata/AbstractArtifactMetadata done
Event: 13.398 loading class org/eclipse/aether/util/artifact/SubArtifact
Event: 13.398 loading class org/eclipse/aether/util/artifact/SubArtifact done
Event: 13.398 Executing VM operation: Deoptimize
Event: 13.399 Executing VM operation: Deoptimize done


Dynamic libraries:
707600000-717000000 rw-p 00000000 00:00 0 
717000000-800000000 ---p 00000000 00:00 0 
800000000-8002c0000 rw-p 00000000 00:00 0 
8002c0000-840000000 ---p 00000000 00:00 0 
55ffc07c3000-55ffc07c4000 r--p 00000000 08:03 2365914                    /usr/lib/jvm/java-11-openjdk/bin/java
55ffc07c4000-55ffc07c5000 r-xp 00001000 08:03 2365914                    /usr/lib/jvm/java-11-openjdk/bin/java
55ffc07c5000-55ffc07c6000 r--p 00002000 08:03 2365914                    /usr/lib/jvm/java-11-openjdk/bin/java
55ffc07c6000-55ffc07c7000 r--p 00002000 08:03 2365914                    /usr/lib/jvm/java-11-openjdk/bin/java
55ffc07c7000-55ffc07c8000 rw-p 00003000 08:03 2365914                    /usr/lib/jvm/java-11-openjdk/bin/java
55ffc11f7000-55ffc1218000 rw-p 00000000 00:00 0                          [heap]
7fafcc000000-7fafcc021000 rw-p 00000000 00:00 0 
7fafcc021000-7fafd0000000 ---p 00000000 00:00 0 
7fafd4000000-7fafd4021000 rw-p 00000000 00:00 0 
7fafd4021000-7fafd8000000 ---p 00000000 00:00 0 
7fafd8000000-7fafd8021000 rw-p 00000000 00:00 0 
7fafd8021000-7fafdc000000 ---p 00000000 00:00 0 
7fafdc000000-7fafdc021000 rw-p 00000000 00:00 0 
7fafdc021000-7fafe0000000 ---p 00000000 00:00 0 
7fafe0000000-7fafe0021000 rw-p 00000000 00:00 0 
7fafe0021000-7fafe4000000 ---p 00000000 00:00 0 
7fafe4000000-7fafe4a9c000 rw-p 00000000 00:00 0 
7fafe4a9c000-7fafe8000000 ---p 00000000 00:00 0 
7fafe8000000-7fafe8021000 rw-p 00000000 00:00 0 
7fafe8021000-7fafec000000 ---p 00000000 00:00 0 
7fafec000000-7fafec021000 rw-p 00000000 00:00 0 
7fafec021000-7faff0000000 ---p 00000000 00:00 0 
7faff0000000-7faff0d8b000 rw-p 00000000 00:00 0 
7faff0d8b000-7faff4000000 ---p 00000000 00:00 0 
7faff4000000-7faff4021000 rw-p 00000000 00:00 0 
7faff4021000-7faff8000000 ---p 00000000 00:00 0 
7faff8000000-7faff8021000 rw-p 00000000 00:00 0 
7faff8021000-7faffc000000 ---p 00000000 00:00 0 
7faffc000000-7faffd06d000 rw-p 00000000 00:00 0 
7faffd06d000-7fb000000000 ---p 00000000 00:00 0 
7fb000000000-7fb000c07000 rw-p 00000000 00:00 0 
7fb000c07000-7fb004000000 ---p 00000000 00:00 0 
7fb004000000-7fb004021000 rw-p 00000000 00:00 0 
7fb004021000-7fb008000000 ---p 00000000 00:00 0 
7fb008000000-7fb008021000 rw-p 00000000 00:00 0 
7fb008021000-7fb00c000000 ---p 00000000 00:00 0 
7fb00c000000-7fb00c021000 rw-p 00000000 00:00 0 
7fb00c021000-7fb010000000 ---p 00000000 00:00 0 
7fb010000000-7fb010021000 rw-p 00000000 00:00 0 
7fb010021000-7fb014000000 ---p 00000000 00:00 0 
7fb014000000-7fb014021000 rw-p 00000000 00:00 0 
7fb014021000-7fb018000000 ---p 00000000 00:00 0 
7fb018000000-7fb018021000 rw-p 00000000 00:00 0 
7fb018021000-7fb01c000000 ---p 00000000 00:00 0 
7fb01c000000-7fb01c021000 rw-p 00000000 00:00 0 
7fb01c021000-7fb020000000 ---p 00000000 00:00 0 
7fb020000000-7fb020021000 rw-p 00000000 00:00 0 
7fb020021000-7fb024000000 ---p 00000000 00:00 0 
7fb0244ee000-7fb02456e000 rw-p 00000000 00:00 0 
7fb02456e000-7fb0246ee000 ---p 00000000 00:00 0 
7fb0246ee000-7fb0248ee000 rw-p 00000000 00:00 0 
7fb0248ee000-7fb0248ef000 ---p 00000000 00:00 0 
7fb0248ef000-7fb024bf0000 rw-p 00000000 00:00 0 
7fb024bf0000-7fb024df0000 rw-p 00000000 00:00 0 
7fb024df0000-7fb024ff0000 rw-p 00000000 00:00 0 
7fb024ff0000-7fb0251f0000 rw-p 00000000 00:00 0 
7fb0251f0000-7fb0251f1000 ---p 00000000 00:00 0 
7fb0251f1000-7fb0252f2000 rw-p 00000000 00:00 0 
7fb0252f2000-7fb0252f3000 ---p 00000000 00:00 0 
7fb0252f3000-7fb0253f4000 rw-p 00000000 00:00 0 
7fb0253f4000-7fb0253f5000 ---p 00000000 00:00 0 
7fb0253f5000-7fb0254f6000 rw-p 00000000 00:00 0 
7fb0254f6000-7fb0254f7000 ---p 00000000 00:00 0 
7fb0254f7000-7fb0255f8000 rw-p 00000000 00:00 0 
7fb0255f8000-7fb0255f9000 ---p 00000000 00:00 0 
7fb0255f9000-7fb0256fa000 rw-p 00000000 00:00 0 
7fb0256fa000-7fb0256fe000 ---p 00000000 00:00 0 
7fb0256fe000-7fb0259fb000 rw-p 00000000 00:00 0 
7fb0259fb000-7fb025bfb000 rw-p 00000000 00:00 0 
7fb025bfb000-7fb025bfe000 r-xp 00000000 00:31 829                        /tmp/libjansi-1.17.1-17383803442178992732.so
7fb025bfe000-7fb025dfd000 ---p 00003000 00:31 829                        /tmp/libjansi-1.17.1-17383803442178992732.so
7fb025dfd000-7fb025dfe000 rw-p 00002000 00:31 829                        /tmp/libjansi-1.17.1-17383803442178992732.so
7fb025dfe000-7fb025e02000 ---p 00000000 00:00 0 
7fb025e02000-7fb025eff000 rw-p 00000000 00:00 0 
7fb025eff000-7fb025f03000 ---p 00000000 00:00 0 
7fb025f03000-7fb028000000 rw-p 00000000 00:00 0 
7fb028000000-7fb028021000 rw-p 00000000 00:00 0 
7fb028021000-7fb02c000000 ---p 00000000 00:00 0 
7fb02c0ac000-7fb02c0ad000 ---p 00000000 00:00 0 
7fb02c0ad000-7fb02c1ae000 rw-p 00000000 00:00 0 
7fb02c1ae000-7fb02c1b2000 ---p 00000000 00:00 0 
7fb02c1b2000-7fb02c2af000 rw-p 00000000 00:00 0 
7fb02c2af000-7fb02c2b3000 ---p 00000000 00:00 0 
7fb02c2b3000-7fb02c798000 rw-p 00000000 00:00 0 
7fb02c798000-7fb0301d8000 ---p 00000000 00:00 0 
7fb0301d8000-7fb0305c0000 rw-p 00000000 00:00 0 
7fb0305c0000-7fb034000000 ---p 00000000 00:00 0 
7fb034000000-7fb034021000 rw-p 00000000 00:00 0 
7fb034021000-7fb038000000 ---p 00000000 00:00 0 
7fb03805e000-7fb038064000 r--p 00000000 08:03 2248506                    /usr/lib/libnss_mymachines.so.2
7fb038064000-7fb038092000 r-xp 00006000 08:03 2248506                    /usr/lib/libnss_mymachines.so.2
7fb038092000-7fb0380a2000 r--p 00034000 08:03 2248506                    /usr/lib/libnss_mymachines.so.2
7fb0380a2000-7fb0380a5000 r--p 00043000 08:03 2248506                    /usr/lib/libnss_mymachines.so.2
7fb0380a5000-7fb0380a6000 rw-p 00046000 08:03 2248506                    /usr/lib/libnss_mymachines.so.2
7fb0380a6000-7fb0380a7000 rw-p 00000000 00:00 0 
7fb0380a7000-7fb0380ab000 ---p 00000000 00:00 0 
7fb0380ab000-7fb0381a8000 rw-p 00000000 00:00 0 
7fb0381a8000-7fb0381ac000 ---p 00000000 00:00 0 
7fb0381ac000-7fb0382a9000 rw-p 00000000 00:00 0 
7fb0382a9000-7fb038892000 r--p 00000000 08:03 2256468                    /usr/lib/locale/locale-archive
7fb038892000-7fb038b02000 rwxp 00000000 00:00 0 
7fb038b02000-7fb038e23000 ---p 00000000 00:00 0 
7fb038e23000-7fb0398e3000 rwxp 00000000 00:00 0 
7fb0398e3000-7fb04035a000 ---p 00000000 00:00 0 
7fb04035a000-7fb0405fa000 rwxp 00000000 00:00 0 
7fb0405fa000-7fb047892000 ---p 00000000 00:00 0 
7fb047892000-7fb050000000 r--s 00000000 08:03 2381013                    /usr/lib/jvm/java-11-openjdk/lib/modules
7fb050000000-7fb050f9d000 rw-p 00000000 00:00 0 
7fb050f9d000-7fb054000000 ---p 00000000 00:00 0 
7fb05401a000-7fb05401d000 r--p 00000000 08:03 2239439                    /usr/lib/libcap.so.2.49
7fb05401d000-7fb054021000 r-xp 00003000 08:03 2239439                    /usr/lib/libcap.so.2.49
7fb054021000-7fb054023000 r--p 00007000 08:03 2239439                    /usr/lib/libcap.so.2.49
7fb054023000-7fb054024000 r--p 00008000 08:03 2239439                    /usr/lib/libcap.so.2.49
7fb054024000-7fb054025000 rw-p 00009000 08:03 2239439                    /usr/lib/libcap.so.2.49
7fb05404f000-7fb054080000 rw-p 00000000 00:00 0 
7fb054080000-7fb054084000 r--p 00000000 08:03 2366006                    /usr/lib/jvm/java-11-openjdk/lib/libnet.so
7fb054084000-7fb054093000 r-xp 00004000 08:03 2366006                    /usr/lib/jvm/java-11-openjdk/lib/libnet.so
7fb054093000-7fb054097000 r--p 00013000 08:03 2366006                    /usr/lib/jvm/java-11-openjdk/lib/libnet.so
7fb054097000-7fb054098000 r--p 00016000 08:03 2366006                    /usr/lib/jvm/java-11-openjdk/lib/libnet.so
7fb054098000-7fb054099000 rw-p 00017000 08:03 2366006                    /usr/lib/jvm/java-11-openjdk/lib/libnet.so
7fb054099000-7fb05409d000 ---p 00000000 00:00 0 
7fb05409d000-7fb05419a000 rw-p 00000000 00:00 0 
7fb05419a000-7fb05419e000 ---p 00000000 00:00 0 
7fb05419e000-7fb05429b000 rw-p 00000000 00:00 0 
7fb05429b000-7fb05429f000 ---p 00000000 00:00 0 
7fb05429f000-7fb05439c000 rw-p 00000000 00:00 0 
7fb05439c000-7fb05439d000 ---p 00000000 00:00 0 
7fb05439d000-7fb054da2000 rw-p 00000000 00:00 0 
7fb054da2000-7fb054de4000 rw-p 00000000 00:00 0 
7fb054de4000-7fb054de5000 ---p 00000000 00:00 0 
7fb054de5000-7fb054ee6000 rw-p 00000000 00:00 0 
7fb054ee6000-7fb054ee7000 ---p 00000000 00:00 0 
7fb054ee7000-7fb0557f0000 rw-p 00000000 00:00 0 
7fb0557f0000-7fb0557f1000 ---p 00000000 00:00 0 
7fb0557f1000-7fb0558f2000 rw-p 00000000 00:00 0 
7fb0558f2000-7fb0558f3000 ---p 00000000 00:00 0 
7fb0558f3000-7fb055b72000 rw-p 00000000 00:00 0 
7fb055b72000-7fb0562ba000 ---p 00000000 00:00 0 
7fb0562ba000-7fb056337000 rw-p 00000000 00:00 0 
7fb056337000-7fb056a7f000 ---p 00000000 00:00 0 
7fb056a7f000-7fb056afc000 rw-p 00000000 00:00 0 
7fb056afc000-7fb057244000 ---p 00000000 00:00 0 
7fb057244000-7fb057a4c000 rw-p 00000000 00:00 0 
7fb057a4c000-7fb057a4d000 ---p 00000000 00:00 0 
7fb057a4d000-7fb057b54000 rw-p 00000000 00:00 0 
7fb057b54000-7fb057c39000 ---p 00000000 00:00 0 
7fb057c39000-7fb057c4f000 rw-p 00000000 00:00 0 
7fb057c4f000-7fb057d24000 ---p 00000000 00:00 0 
7fb057d24000-7fb057d27000 r--p 00000000 08:03 2237834                    /usr/lib/libnss_files-2.33.so
7fb057d27000-7fb057d2e000 r-xp 00003000 08:03 2237834                    /usr/lib/libnss_files-2.33.so
7fb057d2e000-7fb057d30000 r--p 0000a000 08:03 2237834                    /usr/lib/libnss_files-2.33.so
7fb057d30000-7fb057d31000 r--p 0000b000 08:03 2237834                    /usr/lib/libnss_files-2.33.so
7fb057d31000-7fb057d32000 rw-p 0000c000 08:03 2237834                    /usr/lib/libnss_files-2.33.so
7fb057d32000-7fb057d38000 rw-p 00000000 00:00 0 
7fb057d39000-7fb057d40000 r--p 00000000 08:03 2366009                    /usr/lib/jvm/java-11-openjdk/lib/libnio.so
7fb057d40000-7fb057d47000 r-xp 00007000 08:03 2366009                    /usr/lib/jvm/java-11-openjdk/lib/libnio.so
7fb057d47000-7fb057d4a000 r--p 0000e000 08:03 2366009                    /usr/lib/jvm/java-11-openjdk/lib/libnio.so
7fb057d4a000-7fb057d4b000 r--p 00010000 08:03 2366009                    /usr/lib/jvm/java-11-openjdk/lib/libnio.so
7fb057d4b000-7fb057d4c000 rw-p 00011000 08:03 2366009                    /usr/lib/jvm/java-11-openjdk/lib/libnio.so
7fb057d4c000-7fb057d51000 rw-p 00000000 00:00 0 
7fb057d51000-7fb057d58000 ---p 00000000 00:00 0 
7fb057d58000-7fb057d5a000 r--p 00000000 08:03 2381011                    /usr/lib/jvm/java-11-openjdk/lib/libzip.so
7fb057d5a000-7fb057d5e000 r-xp 00002000 08:03 2381011                    /usr/lib/jvm/java-11-openjdk/lib/libzip.so
7fb057d5e000-7fb057d60000 r--p 00006000 08:03 2381011                    /usr/lib/jvm/java-11-openjdk/lib/libzip.so
7fb057d60000-7fb057d61000 r--p 00007000 08:03 2381011                    /usr/lib/jvm/java-11-openjdk/lib/libzip.so
7fb057d61000-7fb057d62000 rw-p 00008000 08:03 2381011                    /usr/lib/jvm/java-11-openjdk/lib/libzip.so
7fb057d62000-7fb057d70000 r--p 00000000 08:03 2365976                    /usr/lib/jvm/java-11-openjdk/lib/libjava.so
7fb057d70000-7fb057d85000 r-xp 0000e000 08:03 2365976                    /usr/lib/jvm/java-11-openjdk/lib/libjava.so
7fb057d85000-7fb057d8c000 r--p 00023000 08:03 2365976                    /usr/lib/jvm/java-11-openjdk/lib/libjava.so
7fb057d8c000-7fb057d8d000 r--p 00029000 08:03 2365976                    /usr/lib/jvm/java-11-openjdk/lib/libjava.so
7fb057d8d000-7fb057d8e000 rw-p 0002a000 08:03 2365976                    /usr/lib/jvm/java-11-openjdk/lib/libjava.so
7fb057d8e000-7fb057d8f000 rw-p 00000000 00:00 0 
7fb057d8f000-7fb057d92000 r--p 00000000 08:03 2246807                    /usr/lib/librt-2.33.so
7fb057d92000-7fb057d96000 r-xp 00003000 08:03 2246807                    /usr/lib/librt-2.33.so
7fb057d96000-7fb057d98000 r--p 00007000 08:03 2246807                    /usr/lib/librt-2.33.so
7fb057d98000-7fb057d99000 r--p 00008000 08:03 2246807                    /usr/lib/librt-2.33.so
7fb057d99000-7fb057d9a000 rw-p 00009000 08:03 2246807                    /usr/lib/librt-2.33.so
7fb057d9a000-7fb057d9e000 ---p 00000000 00:00 0 
7fb057d9e000-7fb057e9b000 rw-p 00000000 00:00 0 
7fb057e9b000-7fb057e9e000 r--p 00000000 08:03 2232914                    /usr/lib/libgcc_s.so.1
7fb057e9e000-7fb057eaf000 r-xp 00003000 08:03 2232914                    /usr/lib/libgcc_s.so.1
7fb057eaf000-7fb057eb3000 r--p 00014000 08:03 2232914                    /usr/lib/libgcc_s.so.1
7fb057eb3000-7fb057eb4000 r--p 00017000 08:03 2232914                    /usr/lib/libgcc_s.so.1
7fb057eb4000-7fb057eb5000 rw-p 00018000 08:03 2232914                    /usr/lib/libgcc_s.so.1
7fb057eb5000-7fb057ec4000 r--p 00000000 08:03 2237809                    /usr/lib/libm-2.33.so
7fb057ec4000-7fb057f5f000 r-xp 0000f000 08:03 2237809                    /usr/lib/libm-2.33.so
7fb057f5f000-7fb057ff7000 r--p 000aa000 08:03 2237809                    /usr/lib/libm-2.33.so
7fb057ff7000-7fb057ff8000 ---p 00142000 08:03 2237809                    /usr/lib/libm-2.33.so
7fb057ff8000-7fb057ff9000 r--p 00142000 08:03 2237809                    /usr/lib/libm-2.33.so
7fb057ff9000-7fb057ffa000 rw-p 00143000 08:03 2237809                    /usr/lib/libm-2.33.so
7fb057ffa000-7fb058090000 r--p 00000000 08:03 2234767                    /usr/lib/libstdc++.so.6.0.28
7fb058090000-7fb05817c000 r-xp 00096000 08:03 2234767                    /usr/lib/libstdc++.so.6.0.28
7fb05817c000-7fb0581c5000 r--p 00182000 08:03 2234767                    /usr/lib/libstdc++.so.6.0.28
7fb0581c5000-7fb0581c6000 ---p 001cb000 08:03 2234767                    /usr/lib/libstdc++.so.6.0.28
7fb0581c6000-7fb0581d3000 r--p 001cb000 08:03 2234767                    /usr/lib/libstdc++.so.6.0.28
7fb0581d3000-7fb0581d4000 rw-p 001d8000 08:03 2234767                    /usr/lib/libstdc++.so.6.0.28
7fb0581d4000-7fb0581d7000 rw-p 00000000 00:00 0 
7fb0581d7000-7fb058447000 r--p 00000000 08:03 2381025                    /usr/lib/jvm/java-11-openjdk/lib/server/libjvm.so
7fb058447000-7fb059033000 r-xp 00270000 08:03 2381025                    /usr/lib/jvm/java-11-openjdk/lib/server/libjvm.so
7fb059033000-7fb059276000 r--p 00e5c000 08:03 2381025                    /usr/lib/jvm/java-11-openjdk/lib/server/libjvm.so
7fb059276000-7fb059277000 ---p 0109f000 08:03 2381025                    /usr/lib/jvm/java-11-openjdk/lib/server/libjvm.so
7fb059277000-7fb059335000 r--p 0109f000 08:03 2381025                    /usr/lib/jvm/java-11-openjdk/lib/server/libjvm.so
7fb059335000-7fb05936e000 rw-p 0115d000 08:03 2381025                    /usr/lib/jvm/java-11-openjdk/lib/server/libjvm.so
7fb05936e000-7fb0593c7000 rw-p 00000000 00:00 0 
7fb0593c7000-7fb0593ce000 r--p 00000000 08:03 2245447                    /usr/lib/libpthread-2.33.so
7fb0593ce000-7fb0593dd000 r-xp 00007000 08:03 2245447                    /usr/lib/libpthread-2.33.so
7fb0593dd000-7fb0593e2000 r--p 00016000 08:03 2245447                    /usr/lib/libpthread-2.33.so
7fb0593e2000-7fb0593e3000 r--p 0001a000 08:03 2245447                    /usr/lib/libpthread-2.33.so
7fb0593e3000-7fb0593e4000 rw-p 0001b000 08:03 2245447                    /usr/lib/libpthread-2.33.so
7fb0593e4000-7fb0593e8000 rw-p 00000000 00:00 0 
7fb0593e8000-7fb0593ea000 r--p 00000000 08:03 2237802                    /usr/lib/libdl-2.33.so
7fb0593ea000-7fb0593ec000 r-xp 00002000 08:03 2237802                    /usr/lib/libdl-2.33.so
7fb0593ec000-7fb0593ed000 r--p 00004000 08:03 2237802                    /usr/lib/libdl-2.33.so
7fb0593ed000-7fb0593ee000 r--p 00004000 08:03 2237802                    /usr/lib/libdl-2.33.so
7fb0593ee000-7fb0593ef000 rw-p 00005000 08:03 2237802                    /usr/lib/libdl-2.33.so
7fb0593ef000-7fb0593f2000 r--p 00000000 08:03 2234818                    /usr/lib/libz.so.1.2.11
7fb0593f2000-7fb059400000 r-xp 00003000 08:03 2234818                    /usr/lib/libz.so.1.2.11
7fb059400000-7fb059406000 r--p 00011000 08:03 2234818                    /usr/lib/libz.so.1.2.11
7fb059406000-7fb059407000 ---p 00017000 08:03 2234818                    /usr/lib/libz.so.1.2.11
7fb059407000-7fb059408000 r--p 00017000 08:03 2234818                    /usr/lib/libz.so.1.2.11
7fb059408000-7fb059409000 rw-p 00018000 08:03 2234818                    /usr/lib/libz.so.1.2.11
7fb059409000-7fb05942f000 r--p 00000000 08:03 2237794                    /usr/lib/libc-2.33.so
7fb05942f000-7fb05957b000 r-xp 00026000 08:03 2237794                    /usr/lib/libc-2.33.so
7fb05957b000-7fb0595c7000 r--p 00172000 08:03 2237794                    /usr/lib/libc-2.33.so
7fb0595c7000-7fb0595ca000 r--p 001bd000 08:03 2237794                    /usr/lib/libc-2.33.so
7fb0595ca000-7fb0595cd000 rw-p 001c0000 08:03 2237794                    /usr/lib/libc-2.33.so
7fb0595cd000-7fb0595d6000 rw-p 00000000 00:00 0 
7fb0595d6000-7fb0595d7000 r--p 00000000 08:03 2256462                    /usr/lib/libutil-2.33.so
7fb0595d7000-7fb0595d8000 r-xp 00001000 08:03 2256462                    /usr/lib/libutil-2.33.so
7fb0595d8000-7fb0595d9000 r--p 00002000 08:03 2256462                    /usr/lib/libutil-2.33.so
7fb0595d9000-7fb0595da000 r--p 00002000 08:03 2256462                    /usr/lib/libutil-2.33.so
7fb0595da000-7fb0595db000 rw-p 00003000 08:03 2256462                    /usr/lib/libutil-2.33.so
7fb0595db000-7fb0595e3000 rw-s 00000000 00:31 826                        /tmp/hsperfdata_qihang/33670
7fb0595e3000-7fb0595e4000 ---p 00000000 00:00 0 
7fb0595e4000-7fb0595e5000 r--p 00000000 00:00 0 
7fb0595e5000-7fb0595e7000 r--p 00000000 08:03 2365984                    /usr/lib/jvm/java-11-openjdk/lib/libjimage.so
7fb0595e7000-7fb0595ea000 r-xp 00002000 08:03 2365984                    /usr/lib/jvm/java-11-openjdk/lib/libjimage.so
7fb0595ea000-7fb0595eb000 r--p 00005000 08:03 2365984                    /usr/lib/jvm/java-11-openjdk/lib/libjimage.so
7fb0595eb000-7fb0595ec000 ---p 00006000 08:03 2365984                    /usr/lib/jvm/java-11-openjdk/lib/libjimage.so
7fb0595ec000-7fb0595ed000 r--p 00006000 08:03 2365984                    /usr/lib/jvm/java-11-openjdk/lib/libjimage.so
7fb0595ed000-7fb0595ee000 rw-p 00007000 08:03 2365984                    /usr/lib/jvm/java-11-openjdk/lib/libjimage.so
7fb0595ee000-7fb0595f3000 r--p 00000000 08:03 2381008                    /usr/lib/jvm/java-11-openjdk/lib/libverify.so
7fb0595f3000-7fb0595fa000 r-xp 00005000 08:03 2381008                    /usr/lib/jvm/java-11-openjdk/lib/libverify.so
7fb0595fa000-7fb0595fc000 r--p 0000c000 08:03 2381008                    /usr/lib/jvm/java-11-openjdk/lib/libverify.so
7fb0595fc000-7fb0595fd000 ---p 0000e000 08:03 2381008                    /usr/lib/jvm/java-11-openjdk/lib/libverify.so
7fb0595fd000-7fb0595ff000 r--p 0000e000 08:03 2381008                    /usr/lib/jvm/java-11-openjdk/lib/libverify.so
7fb0595ff000-7fb059600000 rw-p 00010000 08:03 2381008                    /usr/lib/jvm/java-11-openjdk/lib/libverify.so
7fb059600000-7fb059603000 r--p 00000000 08:03 2365944                    /usr/lib/jvm/java-11-openjdk/lib/jli/libjli.so
7fb059603000-7fb05960d000 r-xp 00003000 08:03 2365944                    /usr/lib/jvm/java-11-openjdk/lib/jli/libjli.so
7fb05960d000-7fb059610000 r--p 0000d000 08:03 2365944                    /usr/lib/jvm/java-11-openjdk/lib/jli/libjli.so
7fb059610000-7fb059611000 ---p 00010000 08:03 2365944                    /usr/lib/jvm/java-11-openjdk/lib/jli/libjli.so
7fb059611000-7fb059612000 r--p 00010000 08:03 2365944                    /usr/lib/jvm/java-11-openjdk/lib/jli/libjli.so
7fb059612000-7fb059613000 rw-p 00011000 08:03 2365944                    /usr/lib/jvm/java-11-openjdk/lib/jli/libjli.so
7fb059613000-7fb059615000 rw-p 00000000 00:00 0 
7fb059615000-7fb059616000 r--p 00000000 08:03 2237782                    /usr/lib/ld-2.33.so
7fb059616000-7fb05963a000 r-xp 00001000 08:03 2237782                    /usr/lib/ld-2.33.so
7fb05963a000-7fb059643000 r--p 00025000 08:03 2237782                    /usr/lib/ld-2.33.so
7fb059644000-7fb059646000 r--p 0002e000 08:03 2237782                    /usr/lib/ld-2.33.so
7fb059646000-7fb059648000 rw-p 00030000 08:03 2237782                    /usr/lib/ld-2.33.so
7ffd643a0000-7ffd643c1000 rw-p 00000000 00:00 0                          [stack]
7ffd643ce000-7ffd643d2000 r--p 00000000 00:00 0                          [vvar]
7ffd643d2000-7ffd643d4000 r-xp 00000000 00:00 0                          [vdso]
ffffffffff600000-ffffffffff601000 --xp 00000000 00:00 0                  [vsyscall]


VM Arguments:
jvm_args: -Dmaven.multiModuleProjectDirectory=/home/qihang/IdeaProjects/SpringCloud/cloud2020 -Dmaven.home=/opt/intellij-idea-ultimate-edition/plugins/maven/lib/maven3 -Dclassworlds.conf=/opt/intellij-idea-ultimate-edition/plugins/maven/lib/maven3/bin/m2.conf -Dmaven.ext.class.path=/opt/intellij-idea-ultimate-edition/plugins/maven/lib/maven-event-listener.jar -Dfile.encoding=UTF-8 
java_command: org.codehaus.classworlds.Launcher -Didea.version=2020.3.3 install
java_class_path (initial): /opt/intellij-idea-ultimate-edition/plugins/maven/lib/maven3/boot/plexus-classworlds.license:/opt/intellij-idea-ultimate-edition/plugins/maven/lib/maven3/boot/plexus-classworlds-2.6.0.jar
Launcher Type: SUN_STANDARD

[Global flags]
     intx CICompilerCount                          = 4                                         {product} {ergonomic}
     uint ConcGCThreads                            = 2                                         {product} {ergonomic}
     uint G1ConcRefinementThreads                  = 8                                         {product} {ergonomic}
   size_t G1HeapRegionSize                         = 1048576                                   {product} {ergonomic}
    uintx GCDrainStackTargetSize                   = 64                                        {product} {ergonomic}
   size_t InitialHeapSize                          = 262144000                                 {product} {ergonomic}
   size_t MarkStackSize                            = 4194304                                   {product} {ergonomic}
   size_t MaxHeapSize                              = 4171235328                                {product} {ergonomic}
   size_t MaxNewSize                               = 2501902336                                {product} {ergonomic}
   size_t MinHeapDeltaBytes                        = 1048576                                   {product} {ergonomic}
    uintx NonNMethodCodeHeapSize                   = 5836300                                {pd product} {ergonomic}
    uintx NonProfiledCodeHeapSize                  = 122910970                              {pd product} {ergonomic}
    uintx ProfiledCodeHeapSize                     = 122910970                              {pd product} {ergonomic}
    uintx ReservedCodeCacheSize                    = 251658240                              {pd product} {ergonomic}
     bool SegmentedCodeCache                       = true                                      {product} {ergonomic}
     bool UseCompressedClassPointers               = true                                 {lp64_product} {ergonomic}
     bool UseCompressedOops                        = true                                 {lp64_product} {ergonomic}
     bool UseG1GC                                  = true                                      {product} {ergonomic}

Logging:
Log output configuration:
 #0: stdout all=warning uptime,level,tags
 #1: stderr all=off uptime,level,tags

Environment Variables:
PATH=/home/qihang/.local/bin:/usr/local/sbin:/usr/local/bin:/usr/bin:/opt/cxoffice/bin:/usr/lib/jvm/default/bin:/usr/bin/site_perl:/usr/bin/vendor_perl:/usr/bin/core_perl:/var/lib/snapd/snap/bin
SHELL=/bin/zsh
DISPLAY=:0
LANG=zh_CN.UTF-8

Signal Handlers:
SIGSEGV: [libjvm.so+0xde76b0], sa_mask[0]=11111111011111111101111111111110, sa_flags=SA_RESTART|SA_SIGINFO
SIGBUS: [libjvm.so+0xde76b0], sa_mask[0]=11111111011111111101111111111110, sa_flags=SA_RESTART|SA_SIGINFO
SIGFPE: [libjvm.so+0xde76b0], sa_mask[0]=11111111011111111101111111111110, sa_flags=SA_RESTART|SA_SIGINFO
SIGPIPE: [libjvm.so+0xbda8c0], sa_mask[0]=11111111011111111101111111111110, sa_flags=SA_RESTART|SA_SIGINFO
SIGXFSZ: [libjvm.so+0xbda8c0], sa_mask[0]=11111111011111111101111111111110, sa_flags=SA_RESTART|SA_SIGINFO
SIGILL: [libjvm.so+0xde76b0], sa_mask[0]=11111111011111111101111111111110, sa_flags=SA_RESTART|SA_SIGINFO
SIGUSR2: [libjvm.so+0xbda750], sa_mask[0]=00100000000000000000000000000000, sa_flags=SA_RESTART|SA_SIGINFO
SIGHUP: [libjvm.so+0xbdad30], sa_mask[0]=11111111011111111101111111111110, sa_flags=SA_RESTART|SA_SIGINFO
SIGINT: [libjvm.so+0xbdad30], sa_mask[0]=11111111011111111101111111111110, sa_flags=SA_RESTART|SA_SIGINFO
SIGTERM: [libjvm.so+0xbdad30], sa_mask[0]=11111111011111111101111111111110, sa_flags=SA_RESTART|SA_SIGINFO
SIGQUIT: [libjvm.so+0xbdad30], sa_mask[0]=11111111011111111101111111111110, sa_flags=SA_RESTART|SA_SIGINFO


---------------  S Y S T E M  ---------------

OS:DISTRIB_ID=ManjaroLinux
DISTRIB_RELEASE=21.0
DISTRIB_CODENAME=Ornara
DISTRIB_DESCRIPTION="Manjaro Linux"
uname:Linux 5.9.16-1-MANJARO #1 SMP PREEMPT Mon Dec 21 22:00:46 UTC 2020 x86_64
OS uptime: 0 days 5:46 hours
libc:glibc 2.33 NPTL 2.33 
rlimit (soft/hard): STACK 8192k/infinity , CORE infinity/infinity , NPROC 63551/63551 , NOFILE 524288/524288 , AS infinity/infinity , CPU infinity/infinity , DATA infinity/infinity , FSIZE infinity/infinity , MEMLOCK 64k/64k
load average:5.12 2.13 1.37

/proc/meminfo:
MemTotal:       16287304 kB
MemFree:         5302800 kB
MemAvailable:    7660624 kB
Buffers:          167276 kB
Cached:          2713492 kB
SwapCached:            0 kB
Active:           874744 kB
Inactive:        9629900 kB
Active(anon):      10420 kB
Inactive(anon):  7954076 kB
Active(file):     864324 kB
Inactive(file):  1675824 kB
Unevictable:        3848 kB
Mlocked:               0 kB
SwapTotal:       4194300 kB
SwapFree:        4194300 kB
Dirty:             12020 kB
Writeback:             0 kB
AnonPages:       7628220 kB
Mapped:           722168 kB
Shmem:            340628 kB
KReclaimable:     140528 kB
Slab:             226008 kB
SReclaimable:     140528 kB
SUnreclaim:        85480 kB
KernelStack:       21920 kB
PageTables:        46732 kB
NFS_Unstable:          0 kB
Bounce:                0 kB
WritebackTmp:          0 kB
CommitLimit:    12337952 kB
Committed_AS:   17022340 kB
VmallocTotal:   34359738367 kB
VmallocUsed:       85820 kB
VmallocChunk:          0 kB
Percpu:             4256 kB
HardwareCorrupted:     0 kB
AnonHugePages:         0 kB
ShmemHugePages:        0 kB
ShmemPmdMapped:        0 kB
FileHugePages:         0 kB
FilePmdMapped:         0 kB
HugePages_Total:       0
HugePages_Free:        0
HugePages_Rsvd:        0
HugePages_Surp:        0
Hugepagesize:       2048 kB
Hugetlb:               0 kB
DirectMap4k:      386636 kB
DirectMap2M:    11038720 kB
DirectMap1G:     5242880 kB

/sys/kernel/mm/transparent_hugepage/enabled:
always [madvise] never
/sys/kernel/mm/transparent_hugepage/defrag (defrag/compaction efforts parameter):
always defer defer+madvise [madvise] never

/proc/sys/kernel/threads-max (system-wide limit on the number of threads):
127103
/proc/sys/vm/max_map_count (maximum number of memory map areas a process may have):
65530
/proc/sys/kernel/pid_max (system-wide limit on number of process identifiers):
4194304

container (cgroup) information:
container_type: cgroupv1
cpu_cpuset_cpus: 0-7
cpu_memory_nodes: 0
active_processor_count: 8
cpu_quota: -1
cpu_period: 100000
cpu_shares: -1
memory_limit_in_bytes: -1
memory_and_swap_limit_in_bytes: -1
memory_soft_limit_in_bytes: -1
memory_usage_in_bytes: 9820000256
memory_max_usage_in_bytes: 9820102656

Steal ticks since vm start: 0
Steal ticks percentage since vm start:  0.000

CPU:total 8 (initial active 8) (4 cores per cpu, 2 threads per core) family 6 model 60 stepping 3 microcode 0x28, cmov, cx8, fxsr, mmx, sse, sse2, sse3, ssse3, sse4.1, sse4.2, popcnt, avx, avx2, aes, clmul, erms, lzcnt, ht, tsc, tscinvbit, bmi1, bmi2, fma
CPU Model and flags from /proc/cpuinfo:
model name	: Intel(R) Core(TM) i7-4790 CPU @ 3.60GHz
flags		: fpu vme de pse tsc msr pae mce cx8 apic sep mtrr pge mca cmov pat pse36 clflush dts acpi mmx fxsr sse sse2 ss ht tm pbe syscall nx pdpe1gb rdtscp lm constant_tsc arch_perfmon pebs bts rep_good nopl xtopology nonstop_tsc cpuid aperfmperf pni pclmulqdq dtes64 monitor ds_cpl vmx smx est tm2 ssse3 sdbg fma cx16 xtpr pdcm pcid sse4_1 sse4_2 x2apic movbe popcnt tsc_deadline_timer aes xsave avx f16c rdrand lahf_lm abm cpuid_fault invpcid_single pti ssbd ibrs ibpb stibp tpr_shadow vnmi flexpriority ept vpid ept_ad fsgsbase tsc_adjust bmi1 avx2 smep bmi2 erms invpcid xsaveopt dtherm ida arat pln pts md_clear flush_l1d
Online cpus:
0-7
Offline cpus:

BIOS frequency limitation:
<Not Available>
Frequency switch latency (ns):
20000
Available cpu frequencies:
<Not Available>
Current governor:
schedutil
Core performance/turbo boost:
<Not Available>

Memory: 4k page, physical 16287304k(5302800k free), swap 4194300k(4194300k free)

vm_info: OpenJDK 64-Bit Server VM (11.0.10+9) for linux-amd64 JRE (11.0.10+9), built on Jan 30 2021 00:48:05 by "builduser" with gcc 10.2.0

END.
