#
# A fatal error has been detected by the Java Runtime Environment:
#
#  SIGSEGV (0xb) at pc=0x00007f936ae6db7c, pid=38930, tid=38980
#
# JRE version: OpenJDK Runtime Environment (11.0.10+9) (build 11.0.10+9)
# Java VM: OpenJDK 64-Bit Server VM (11.0.10+9, mixed mode, tiered, compressed oops, g1 gc, linux-amd64)
# Problematic frame:
# V  [libjvm.so+0xc12b7c]
#
# Core dump will be written. Default location: Core dumps may be processed with "/usr/lib/systemd/systemd-coredump %P %u %g %s %t %c %h" (or dumping to /home/qihang/IdeaProjects/SpringCloud/cloud2020/core.38930)
#
# If you would like to submit a bug report, please visit:
#   https://bugreport.java.com/bugreport/crash.jsp
#

---------------  S U M M A R Y ------------

Command Line: -Dmaven.multiModuleProjectDirectory=/home/qihang/IdeaProjects/SpringCloud/cloud2020 -Dmaven.home=/opt/intellij-idea-ultimate-edition/plugins/maven/lib/maven3 -Dclassworlds.conf=/opt/intellij-idea-ultimate-edition/plugins/maven/lib/maven3/bin/m2.conf -Dmaven.ext.class.path=/opt/intellij-idea-ultimate-edition/plugins/maven/lib/maven-event-listener.jar -Dfile.encoding=UTF-8 org.codehaus.classworlds.Launcher -Didea.version=2020.3.3 install

Host: Intel(R) Core(TM) i7-4790 CPU @ 3.60GHz, 8 cores, 15G, Manjaro Linux
Time: Mon Mar 29 14:29:47 2021 CST elapsed time: 7.469183 seconds (0d 0h 0m 7s)

---------------  T H R E A D  ---------------

Current thread (0x00007f9314385800):  JavaThread "C2 CompilerThread1" daemon [_thread_in_native, id=38980, stack(0x00007f9307cfc000,0x00007f9307dfd000)]


Current CompileTask:
C2:   7469 5351       4       jdk.internal.module.SystemModuleFinders$SystemModuleReader::findImageLocation (42 bytes)

Stack: [0x00007f9307cfc000,0x00007f9307dfd000],  sp=0x00007f9307df88c0,  free space=1010k
Native frames: (J=compiled Java code, A=aot compiled Java code, j=interpreted, Vv=VM code, C=native code)
V  [libjvm.so+0xc12b7c]
V  [libjvm.so+0xc15679]
V  [libjvm.so+0xc15857]
V  [libjvm.so+0xc16545]
V  [libjvm.so+0x54bacc]
V  [libjvm.so+0x710c0c]
V  [libjvm.so+0xc15679]
V  [libjvm.so+0xc15857]
V  [libjvm.so+0xc16545]
V  [libjvm.so+0x54bacc]
V  [libjvm.so+0x710c0c]
V  [libjvm.so+0xc15679]
V  [libjvm.so+0xc15857]
V  [libjvm.so+0xc16545]
V  [libjvm.so+0x54bacc]
V  [libjvm.so+0x710c0c]
V  [libjvm.so+0xc15679]
V  [libjvm.so+0xc15857]
V  [libjvm.so+0xc16545]
V  [libjvm.so+0x54bacc]
V  [libjvm.so+0x710c0c]
V  [libjvm.so+0xc15679]
V  [libjvm.so+0xc15857]
V  [libjvm.so+0xc16545]
V  [libjvm.so+0x54bacc]
V  [libjvm.so+0x710c0c]
V  [libjvm.so+0xc15679]
V  [libjvm.so+0xc15857]
V  [libjvm.so+0xc16545]
V  [libjvm.so+0x54bacc]
V  [libjvm.so+0x710c0c]
V  [libjvm.so+0xc15679]
V  [libjvm.so+0xc15857]
V  [libjvm.so+0xc16545]
V  [libjvm.so+0x54bacc]
V  [libjvm.so+0x6253de]
V  [libjvm.so+0x54b2cc]
V  [libjvm.so+0x62e906]
V  [libjvm.so+0x62fb68]
V  [libjvm.so+0xd7b06a]
V  [libjvm.so+0xd775d1]
V  [libjvm.so+0xbe4791]


siginfo: si_signo: 11 (SIGSEGV), si_code: 1 (SEGV_MAPERR), si_addr: 0x00007fb310001348

Register to memory mapping:

RAX=0x0000000000000048 is an unknown value
RBX=0x0000000000000009 is an unknown value
RCX=0x00007f9307df8a60 is pointing into the stack for thread: 0x00007f9314385800
RDX=0x0000000000000009 is an unknown value
RSP=0x00007f9307df88c0 is pointing into the stack for thread: 0x00007f9314385800
RBP=0x00007f9307df8950 is pointing into the stack for thread: 0x00007f9314385800
RSI=0x00007f9314416258 points into unknown readable memory: 0x0000000000000000 | 00 00 00 00 00 00 00 00
RDI=0x0000000000000008 is an unknown value
R8 =0x00007fb310001338 is an unknown value
R9 =0x00007f9314416900 points into unknown readable memory: 0x00007f936b39a5a0 | a0 a5 39 6b 93 7f 00 00
R10=0x00007f9314416220 points into unknown readable memory: 0x00007f936b3b1d90 | 90 1d 3b 6b 93 7f 00 00
R11=0x0000000000000016 is an unknown value
R12=0x0000000000000009 is an unknown value
R13=0x0000000000000016 is an unknown value
R14=0x00007f9310001338 points into unknown readable memory: 0x00007f936b39de18 | 18 de 39 6b 93 7f 00 00
R15=0x00007f9314416008 points into unknown readable memory: 0x00007f936b3b1d90 | 90 1d 3b 6b 93 7f 00 00


Registers:
RAX=0x0000000000000048, RBX=0x0000000000000009, RCX=0x00007f9307df8a60, RDX=0x0000000000000009
RSP=0x00007f9307df88c0, RBP=0x00007f9307df8950, RSI=0x00007f9314416258, RDI=0x0000000000000008
R8 =0x00007fb310001338, R9 =0x00007f9314416900, R10=0x00007f9314416220, R11=0x0000000000000016
R12=0x0000000000000009, R13=0x0000000000000016, R14=0x00007f9310001338, R15=0x00007f9314416008
RIP=0x00007f936ae6db7c, EFLAGS=0x0000000000010246, CSGSFS=0x002b000000000033, ERR=0x0000000000000004
  TRAPNO=0x000000000000000e

Top of Stack: (sp=0x00007f9307df88c0)
0x00007f9307df88c0:   0000000000000008 00007f936b6ac19c
0x00007f9307df88d0:   00007f9307df88e0 00007f9314415f88
0x00007f9307df88e0:   00007f9307df8920 00007f9314416900
0x00007f9307df88f0:   00007f9300000016 00007f9314416220 

Instructions: (pc=0x00007f936ae6db7c)
0x00007f936ae6da7c:   00 00 00 48 39 d8 0f 85 50 04 00 00 48 8b 7f 38
0x00007f936ae6da8c:   48 8b 07 4c 89 4d b8 ff 90 c0 00 00 00 4c 8b 4d
0x00007f936ae6da9c:   b8 84 c0 0f 85 ab fe ff ff 4d 8b 6f 20 4c 89 4d
0x00007f936ae6daac:   b0 4c 89 e7 49 8b 45 00 48 8b 40 08 48 89 45 b8
0x00007f936ae6dabc:   49 8b 04 24 ff 50 28 48 89 c3 66 48 8d 3d 12 b4
0x00007f936ae6dacc:   54 00 66 48 ff 15 4a ae 54 00 4c 8b 4d b0 48 8b
0x00007f936ae6dadc:   00 48 8b 80 f0 04 00 00 48 8b 80 88 00 00 00 4c
0x00007f936ae6daec:   8b b0 f0 01 00 00 48 8d b8 d8 01 00 00 49 83 fe
0x00007f936ae6dafc:   b7 76 31 4c 89 4d a0 48 8d 15 d8 99 24 00 be 48
0x00007f936ae6db0c:   00 00 00 48 89 45 a8 48 89 7d b0 67 e8 03 aa 80
0x00007f936ae6db1c:   ff 48 8b 45 a8 4c 8b 4d a0 48 8b 7d b0 4c 8b b0
0x00007f936ae6db2c:   f0 01 00 00 49 8d 56 48 48 3b 90 f8 01 00 00 0f
0x00007f936ae6db3c:   87 85 02 00 00 48 89 90 f0 01 00 00 e9 91 02 00
0x00007f936ae6db4c:   00 0f 1f 00 44 89 e2 49 8b 77 08 45 39 e3 bf 08
0x00007f936ae6db5c:   00 00 00 48 8d 04 d5 00 00 00 00 4c 8b 34 d6 48
0x00007f936ae6db6c:   0f 4e c7 49 8b 72 08 4c 8b 04 06 49 83 7e 10 00
0x00007f936ae6db7c:   49 8b 50 10 75 16 41 8d 44 24 01 48 85 d2 75 3c
0x00007f936ae6db8c:   41 89 c4 e9 14 fb ff ff 0f 1f 40 00 48 85 d2 0f
0x00007f936ae6db9c:   84 59 01 00 00 4c 89 4d b0 4c 89 c6 4c 89 f7 48
0x00007f936ae6dbac:   89 4d b8 67 e8 8b ec f9 ff 48 8b 4d b8 4c 8b 4d
0x00007f936ae6dbbc:   b0 e9 d6 fa ff ff 66 0f 1f 44 00 00 48 8b 51 10
0x00007f936ae6dbcc:   49 63 c4 48 8b 7d 88 4c 89 45 90 4c 89 4d 98 48
0x00007f936ae6dbdc:   8b 92 20 03 00 00 48 89 4d b8 48 8b 04 c2 48 8b
0x00007f936ae6dbec:   70 08 67 e8 6c 03 95 ff 48 8b 4d b8 49 89 c6 48
0x00007f936ae6dbfc:   8b 00 48 8b 51 20 48 89 4d b0 4c 89 f7 48 89 55
0x00007f936ae6dc0c:   b8 ff 50 28 48 8b 55 b8 41 8b 76 28 48 8b 4d b0
0x00007f936ae6dc1c:   4c 8b 4d 98 3b 72 48 4c 8b 45 90 0f 83 8a 00 00
0x00007f936ae6dc2c:   00 48 8b 52 50 4c 89 4d 98 4c 89 f7 48 89 4d b0
0x00007f936ae6dc3c:   48 89 04 f2 41 8b 46 18 4c 89 45 b8 8d 70 ff 67
0x00007f936ae6dc4c:   e8 af ee f9 ff 41 83 fc 02 4c 8b 45 b8 48 8b 4d
0x00007f936ae6dc5c:   b0 4c 8b 4d 98 74 37 4c 89 4d 98 4c 89 f2 44 89
0x00007f936ae6dc6c:   e6 4c 89 ff 48 89 4d b0 4c 89 45 b8 67 e8 52 42 


Stack slot to memory mapping:
stack at sp + 0 slots: 0x0000000000000008 is an unknown value
stack at sp + 1 slots: 0x00007f936b6ac19c: <offset 0x000000000001319c> in /lib64/ld-linux-x86-64.so.2 at 0x00007f936b699000
stack at sp + 2 slots: 0x00007f9307df88e0 is pointing into the stack for thread: 0x00007f9314385800
stack at sp + 3 slots: 0x00007f9314415f88 points into unknown readable memory: 0x00007f936b398998 | 98 89 39 6b 93 7f 00 00
stack at sp + 4 slots: 0x00007f9307df8920 is pointing into the stack for thread: 0x00007f9314385800
stack at sp + 5 slots: 0x00007f9314416900 points into unknown readable memory: 0x00007f936b39a5a0 | a0 a5 39 6b 93 7f 00 00
stack at sp + 6 slots: 0x00007f9300000016 points into unknown readable memory: 00 00
stack at sp + 7 slots: 0x00007f9314416220 points into unknown readable memory: 0x00007f936b3b1d90 | 90 1d 3b 6b 93 7f 00 00


---------------  P R O C E S S  ---------------

Threads class SMR info:
_java_thread_list=0x00007f93142db690, length=11, elements={
0x00007f9364017000, 0x00007f93641fb800, 0x00007f93641ff800, 0x00007f9364214800,
0x00007f9364216800, 0x00007f9364218800, 0x00007f936421a800, 0x00007f936421c800,
0x00007f93642cc800, 0x00007f9314385800, 0x00007f93142da000
}

Java Threads: ( => current thread )
  0x00007f9364017000 JavaThread "main" [_thread_in_native, id=38933, stack(0x00007f9369e1e000,0x00007f9369f1f000)]
  0x00007f93641fb800 JavaThread "Reference Handler" daemon [_thread_blocked, id=38956, stack(0x00007f9338ef4000,0x00007f9338ff5000)]
  0x00007f93641ff800 JavaThread "Finalizer" daemon [_thread_blocked, id=38958, stack(0x00007f9338df3000,0x00007f9338ef4000)]
  0x00007f9364214800 JavaThread "Signal Dispatcher" daemon [_thread_blocked, id=38961, stack(0x00007f9338709000,0x00007f933880a000)]
  0x00007f9364216800 JavaThread "Service Thread" daemon [_thread_blocked, id=38963, stack(0x00007f9338608000,0x00007f9338709000)]
  0x00007f9364218800 JavaThread "C2 CompilerThread0" daemon [_thread_in_native, id=38965, stack(0x00007f9338507000,0x00007f9338608000)]
  0x00007f936421a800 JavaThread "C1 CompilerThread0" daemon [_thread_blocked, id=38967, stack(0x00007f9338406000,0x00007f9338507000)]
  0x00007f936421c800 JavaThread "Sweeper thread" daemon [_thread_blocked, id=38969, stack(0x00007f9338305000,0x00007f9338406000)]
  0x00007f93642cc800 JavaThread "Common-Cleaner" daemon [_thread_blocked, id=38973, stack(0x00007f9338102000,0x00007f9338203000)]
=>0x00007f9314385800 JavaThread "C2 CompilerThread1" daemon [_thread_in_native, id=38980, stack(0x00007f9307cfc000,0x00007f9307dfd000)]
  0x00007f93142da000 JavaThread "C2 CompilerThread2" daemon [_thread_in_native, id=38993, stack(0x00007f93077fb000,0x00007f93078fc000)]

Other Threads:
  0x00007f93641f3800 VMThread "VM Thread" [stack: 0x00007f9338ff7000,0x00007f93390f7000] [id=38954]
  0x00007f93642bb000 WatcherThread [stack: 0x00007f9338205000,0x00007f9338305000] [id=38971]
  0x00007f936402e800 GCTaskThread "GC Thread#0" [stack: 0x00007f9369ad2000,0x00007f9369bd2000] [id=38941]
  0x00007f932c001000 GCTaskThread "GC Thread#1" [stack: 0x00007f93076fb000,0x00007f93077fb000] [id=38994]
  0x00007f932c002800 GCTaskThread "GC Thread#2" [stack: 0x00007f93075f9000,0x00007f93076f9000] [id=38995]
  0x00007f932c004000 GCTaskThread "GC Thread#3" [stack: 0x00007f93074f7000,0x00007f93075f7000] [id=38996]
  0x00007f932c005800 GCTaskThread "GC Thread#4" [stack: 0x00007f93073f5000,0x00007f93074f5000] [id=38997]
  0x00007f932c007800 GCTaskThread "GC Thread#5" [stack: 0x00007f93072f3000,0x00007f93073f3000] [id=38998]
  0x00007f936408c800 ConcurrentGCThread "G1 Main Marker" [stack: 0x00007f936813d000,0x00007f936823d000] [id=38942]
  0x00007f936408e800 ConcurrentGCThread "G1 Conc#0" [stack: 0x00007f936803b000,0x00007f936813b000] [id=38943]
  0x00007f933c001000 ConcurrentGCThread "G1 Conc#1" [stack: 0x00007f93069f1000,0x00007f9306af1000] [id=39000]
  0x00007f936418e800 ConcurrentGCThread "G1 Refine#0" [stack: 0x00007f93399fb000,0x00007f9339afb000] [id=38947]
  0x00007f9364190800 ConcurrentGCThread "G1 Young RemSet Sampling" [stack: 0x00007f93398f9000,0x00007f93399f9000] [id=38948]

Threads with active compile tasks:
C2 CompilerThread0   7474 5304   !   4       jdk.internal.loader.BuiltinClassLoader::loadClassOrNull (143 bytes)
C2 CompilerThread1   7474 5351       4       jdk.internal.module.SystemModuleFinders$SystemModuleReader::findImageLocation (42 bytes)
C2 CompilerThread2   7474 5350  s    4       jdk.internal.jimage.BasicImageReader::findLocation (115 bytes)

VM state:not at safepoint (normal execution)

VM Mutex/Monitor currently owned by a thread: None

Heap address: 0x0000000707600000, size: 3978 MB, Compressed Oops mode: Zero based, Oop shift amount: 3
Narrow klass base: 0x0000000800000000, Narrow klass shift: 0
Compressed class space size: 1073741824 Address: 0x0000000800000000

Heap:
 garbage-first heap   total 331776K, used 90553K [0x0000000707600000, 0x0000000800000000)
  region size 1024K, 64 young (65536K), 8 survivors (8192K)
 Metaspace       used 31275K, capacity 31935K, committed 32256K, reserved 1077248K
  class space    used 3319K, capacity 3552K, committed 3584K, reserved 1048576K
Heap Regions: E=young(eden), S=young(survivor), O=old, HS=humongous(starts), HC=humongous(continues), CS=collection set, F=free, A=archive, TAMS=top-at-mark-start (previous, next)
|   0|0x0000000707600000, 0x0000000707700000, 0x0000000707700000|100%| O|  |TAMS 0x000000070767ea00, 0x0000000707600000| Untracked 
|   1|0x0000000707700000, 0x0000000707800000, 0x0000000707800000|100%| O|  |TAMS 0x0000000707700000, 0x0000000707700000| Untracked 
|   2|0x0000000707800000, 0x0000000707900000, 0x0000000707900000|100%| O|  |TAMS 0x0000000707800000, 0x0000000707800000| Untracked 
|   3|0x0000000707900000, 0x0000000707a00000, 0x0000000707a00000|100%| O|  |TAMS 0x0000000707900000, 0x0000000707900000| Untracked 
|   4|0x0000000707a00000, 0x0000000707b00000, 0x0000000707b00000|100%| O|  |TAMS 0x0000000707a00000, 0x0000000707a00000| Untracked 
|   5|0x0000000707b00000, 0x0000000707c00000, 0x0000000707c00000|100%| O|  |TAMS 0x0000000707b00000, 0x0000000707b00000| Untracked 
|   6|0x0000000707c00000, 0x0000000707d00000, 0x0000000707d00000|100%| O|  |TAMS 0x0000000707c00000, 0x0000000707c00000| Untracked 
|   7|0x0000000707d00000, 0x0000000707e00000, 0x0000000707e00000|100%| O|  |TAMS 0x0000000707d00000, 0x0000000707d00000| Untracked 
|   8|0x0000000707e00000, 0x0000000707f00000, 0x0000000707f00000|100%| O|  |TAMS 0x0000000707e00000, 0x0000000707e00000| Untracked 
|   9|0x0000000707f00000, 0x0000000708000000, 0x0000000708000000|100%| O|  |TAMS 0x0000000707f00000, 0x0000000707f00000| Untracked 
|  10|0x0000000708000000, 0x0000000708100000, 0x0000000708100000|100%| O|  |TAMS 0x0000000708000000, 0x0000000708000000| Untracked 
|  11|0x0000000708100000, 0x0000000708200000, 0x0000000708200000|100%| O|  |TAMS 0x0000000708100000, 0x0000000708100000| Untracked 
|  12|0x0000000708200000, 0x0000000708300000, 0x0000000708300000|100%| O|  |TAMS 0x0000000708200000, 0x0000000708200000| Untracked 
|  13|0x0000000708300000, 0x0000000708400000, 0x0000000708400000|100%| O|  |TAMS 0x0000000708300000, 0x0000000708300000| Untracked 
|  14|0x0000000708400000, 0x0000000708500000, 0x0000000708500000|100%| O|  |TAMS 0x0000000708400000, 0x0000000708400000| Untracked 
|  15|0x0000000708500000, 0x0000000708600000, 0x0000000708600000|100%| O|  |TAMS 0x0000000708500000, 0x0000000708500000| Untracked 
|  16|0x0000000708600000, 0x0000000708700000, 0x0000000708700000|100%| O|  |TAMS 0x0000000708600000, 0x0000000708600000| Untracked 
|  17|0x0000000708700000, 0x0000000708800000, 0x0000000708800000|100%| O|  |TAMS 0x0000000708700000, 0x0000000708700000| Untracked 
|  18|0x0000000708800000, 0x0000000708900000, 0x0000000708900000|100%| O|  |TAMS 0x0000000708800000, 0x0000000708800000| Untracked 
|  19|0x0000000708900000, 0x0000000708a00000, 0x0000000708a00000|100%| O|  |TAMS 0x0000000708900000, 0x0000000708900000| Untracked 
|  20|0x0000000708a00000, 0x0000000708b00000, 0x0000000708b00000|100%| O|  |TAMS 0x0000000708a00000, 0x0000000708a00000| Untracked 
|  21|0x0000000708b00000, 0x0000000708c00000, 0x0000000708c00000|100%| O|  |TAMS 0x0000000708b00000, 0x0000000708b00000| Untracked 
|  22|0x0000000708c00000, 0x0000000708d00000, 0x0000000708d00000|100%| O|  |TAMS 0x0000000708c00000, 0x0000000708c00000| Untracked 
|  23|0x0000000708d00000, 0x0000000708e00000, 0x0000000708e00000|100%| O|  |TAMS 0x0000000708d00000, 0x0000000708d00000| Untracked 
|  24|0x0000000708e00000, 0x0000000708f00000, 0x0000000708f00000|100%| O|  |TAMS 0x0000000708e00000, 0x0000000708e00000| Untracked 
|  25|0x0000000708f00000, 0x0000000709000000, 0x0000000709000000|100%| O|  |TAMS 0x0000000708f00000, 0x0000000708f00000| Untracked 
|  26|0x0000000709000000, 0x0000000709088400, 0x0000000709100000| 53%| O|  |TAMS 0x0000000709000000, 0x0000000709000000| Untracked 
|  27|0x0000000709100000, 0x0000000709100000, 0x0000000709200000|  0%| F|  |TAMS 0x0000000709100000, 0x0000000709100000| Untracked 
|  28|0x0000000709200000, 0x0000000709200000, 0x0000000709300000|  0%| F|  |TAMS 0x0000000709200000, 0x0000000709200000| Untracked 
|  29|0x0000000709300000, 0x0000000709300000, 0x0000000709400000|  0%| F|  |TAMS 0x0000000709300000, 0x0000000709300000| Untracked 
|  30|0x0000000709400000, 0x0000000709400000, 0x0000000709500000|  0%| F|  |TAMS 0x0000000709400000, 0x0000000709400000| Untracked 
|  31|0x0000000709500000, 0x0000000709500000, 0x0000000709600000|  0%| F|  |TAMS 0x0000000709500000, 0x0000000709500000| Untracked 
|  32|0x0000000709600000, 0x0000000709600000, 0x0000000709700000|  0%| F|  |TAMS 0x0000000709600000, 0x0000000709600000| Untracked 
|  33|0x0000000709700000, 0x0000000709700000, 0x0000000709800000|  0%| F|  |TAMS 0x0000000709700000, 0x0000000709700000| Untracked 
|  34|0x0000000709800000, 0x0000000709800000, 0x0000000709900000|  0%| F|  |TAMS 0x0000000709800000, 0x0000000709800000| Untracked 
|  35|0x0000000709900000, 0x0000000709900000, 0x0000000709a00000|  0%| F|  |TAMS 0x0000000709900000, 0x0000000709900000| Untracked 
|  36|0x0000000709a00000, 0x0000000709a00000, 0x0000000709b00000|  0%| F|  |TAMS 0x0000000709a00000, 0x0000000709a00000| Untracked 
|  37|0x0000000709b00000, 0x0000000709b00000, 0x0000000709c00000|  0%| F|  |TAMS 0x0000000709b00000, 0x0000000709b00000| Untracked 
|  38|0x0000000709c00000, 0x0000000709c00000, 0x0000000709d00000|  0%| F|  |TAMS 0x0000000709c00000, 0x0000000709c00000| Untracked 
|  39|0x0000000709d00000, 0x0000000709d00000, 0x0000000709e00000|  0%| F|  |TAMS 0x0000000709d00000, 0x0000000709d00000| Untracked 
|  40|0x0000000709e00000, 0x0000000709e00000, 0x0000000709f00000|  0%| F|  |TAMS 0x0000000709e00000, 0x0000000709e00000| Untracked 
|  41|0x0000000709f00000, 0x0000000709f00000, 0x000000070a000000|  0%| F|  |TAMS 0x0000000709f00000, 0x0000000709f00000| Untracked 
|  42|0x000000070a000000, 0x000000070a000000, 0x000000070a100000|  0%| F|  |TAMS 0x000000070a000000, 0x000000070a000000| Untracked 
|  43|0x000000070a100000, 0x000000070a100000, 0x000000070a200000|  0%| F|  |TAMS 0x000000070a100000, 0x000000070a100000| Untracked 
|  44|0x000000070a200000, 0x000000070a200000, 0x000000070a300000|  0%| F|  |TAMS 0x000000070a200000, 0x000000070a200000| Untracked 
|  45|0x000000070a300000, 0x000000070a300000, 0x000000070a400000|  0%| F|  |TAMS 0x000000070a300000, 0x000000070a300000| Untracked 
|  46|0x000000070a400000, 0x000000070a400000, 0x000000070a500000|  0%| F|  |TAMS 0x000000070a400000, 0x000000070a400000| Untracked 
|  47|0x000000070a500000, 0x000000070a500000, 0x000000070a600000|  0%| F|  |TAMS 0x000000070a500000, 0x000000070a500000| Untracked 
|  48|0x000000070a600000, 0x000000070a600000, 0x000000070a700000|  0%| F|  |TAMS 0x000000070a600000, 0x000000070a600000| Untracked 
|  49|0x000000070a700000, 0x000000070a700000, 0x000000070a800000|  0%| F|  |TAMS 0x000000070a700000, 0x000000070a700000| Untracked 
|  50|0x000000070a800000, 0x000000070a800000, 0x000000070a900000|  0%| F|  |TAMS 0x000000070a800000, 0x000000070a800000| Untracked 
|  51|0x000000070a900000, 0x000000070a900000, 0x000000070aa00000|  0%| F|  |TAMS 0x000000070a900000, 0x000000070a900000| Untracked 
|  52|0x000000070aa00000, 0x000000070aa00000, 0x000000070ab00000|  0%| F|  |TAMS 0x000000070aa00000, 0x000000070aa00000| Untracked 
|  53|0x000000070ab00000, 0x000000070ab00000, 0x000000070ac00000|  0%| F|  |TAMS 0x000000070ab00000, 0x000000070ab00000| Untracked 
|  54|0x000000070ac00000, 0x000000070ac00000, 0x000000070ad00000|  0%| F|  |TAMS 0x000000070ac00000, 0x000000070ac00000| Untracked 
|  55|0x000000070ad00000, 0x000000070ad00000, 0x000000070ae00000|  0%| F|  |TAMS 0x000000070ad00000, 0x000000070ad00000| Untracked 
|  56|0x000000070ae00000, 0x000000070ae00000, 0x000000070af00000|  0%| F|  |TAMS 0x000000070ae00000, 0x000000070ae00000| Untracked 
|  57|0x000000070af00000, 0x000000070af00000, 0x000000070b000000|  0%| F|  |TAMS 0x000000070af00000, 0x000000070af00000| Untracked 
|  58|0x000000070b000000, 0x000000070b000000, 0x000000070b100000|  0%| F|  |TAMS 0x000000070b000000, 0x000000070b000000| Untracked 
|  59|0x000000070b100000, 0x000000070b100000, 0x000000070b200000|  0%| F|  |TAMS 0x000000070b100000, 0x000000070b100000| Untracked 
|  60|0x000000070b200000, 0x000000070b200000, 0x000000070b300000|  0%| F|  |TAMS 0x000000070b200000, 0x000000070b200000| Untracked 
|  61|0x000000070b300000, 0x000000070b300000, 0x000000070b400000|  0%| F|  |TAMS 0x000000070b300000, 0x000000070b300000| Untracked 
|  62|0x000000070b400000, 0x000000070b400000, 0x000000070b500000|  0%| F|  |TAMS 0x000000070b400000, 0x000000070b400000| Untracked 
|  63|0x000000070b500000, 0x000000070b500000, 0x000000070b600000|  0%| F|  |TAMS 0x000000070b500000, 0x000000070b500000| Untracked 
|  64|0x000000070b600000, 0x000000070b600000, 0x000000070b700000|  0%| F|  |TAMS 0x000000070b600000, 0x000000070b600000| Untracked 
|  65|0x000000070b700000, 0x000000070b700000, 0x000000070b800000|  0%| F|  |TAMS 0x000000070b700000, 0x000000070b700000| Untracked 
|  66|0x000000070b800000, 0x000000070b800000, 0x000000070b900000|  0%| F|  |TAMS 0x000000070b800000, 0x000000070b800000| Untracked 
|  67|0x000000070b900000, 0x000000070b900000, 0x000000070ba00000|  0%| F|  |TAMS 0x000000070b900000, 0x000000070b900000| Untracked 
|  68|0x000000070ba00000, 0x000000070ba00000, 0x000000070bb00000|  0%| F|  |TAMS 0x000000070ba00000, 0x000000070ba00000| Untracked 
|  69|0x000000070bb00000, 0x000000070bb00000, 0x000000070bc00000|  0%| F|  |TAMS 0x000000070bb00000, 0x000000070bb00000| Untracked 
|  70|0x000000070bc00000, 0x000000070bc00000, 0x000000070bd00000|  0%| F|  |TAMS 0x000000070bc00000, 0x000000070bc00000| Untracked 
|  71|0x000000070bd00000, 0x000000070bd00000, 0x000000070be00000|  0%| F|  |TAMS 0x000000070bd00000, 0x000000070bd00000| Untracked 
|  72|0x000000070be00000, 0x000000070be00000, 0x000000070bf00000|  0%| F|  |TAMS 0x000000070be00000, 0x000000070be00000| Untracked 
|  73|0x000000070bf00000, 0x000000070bf00000, 0x000000070c000000|  0%| F|  |TAMS 0x000000070bf00000, 0x000000070bf00000| Untracked 
|  74|0x000000070c000000, 0x000000070c000000, 0x000000070c100000|  0%| F|  |TAMS 0x000000070c000000, 0x000000070c000000| Untracked 
|  75|0x000000070c100000, 0x000000070c100000, 0x000000070c200000|  0%| F|  |TAMS 0x000000070c100000, 0x000000070c100000| Untracked 
|  76|0x000000070c200000, 0x000000070c200000, 0x000000070c300000|  0%| F|  |TAMS 0x000000070c200000, 0x000000070c200000| Untracked 
|  77|0x000000070c300000, 0x000000070c300000, 0x000000070c400000|  0%| F|  |TAMS 0x000000070c300000, 0x000000070c300000| Untracked 
|  78|0x000000070c400000, 0x000000070c400000, 0x000000070c500000|  0%| F|  |TAMS 0x000000070c400000, 0x000000070c400000| Untracked 
|  79|0x000000070c500000, 0x000000070c500000, 0x000000070c600000|  0%| F|  |TAMS 0x000000070c500000, 0x000000070c500000| Untracked 
|  80|0x000000070c600000, 0x000000070c600000, 0x000000070c700000|  0%| F|  |TAMS 0x000000070c600000, 0x000000070c600000| Untracked 
|  81|0x000000070c700000, 0x000000070c700000, 0x000000070c800000|  0%| F|  |TAMS 0x000000070c700000, 0x000000070c700000| Untracked 
|  82|0x000000070c800000, 0x000000070c800000, 0x000000070c900000|  0%| F|  |TAMS 0x000000070c800000, 0x000000070c800000| Untracked 
|  83|0x000000070c900000, 0x000000070c900000, 0x000000070ca00000|  0%| F|  |TAMS 0x000000070c900000, 0x000000070c900000| Untracked 
|  84|0x000000070ca00000, 0x000000070ca00000, 0x000000070cb00000|  0%| F|  |TAMS 0x000000070ca00000, 0x000000070ca00000| Untracked 
|  85|0x000000070cb00000, 0x000000070cb00000, 0x000000070cc00000|  0%| F|  |TAMS 0x000000070cb00000, 0x000000070cb00000| Untracked 
|  86|0x000000070cc00000, 0x000000070cc00000, 0x000000070cd00000|  0%| F|  |TAMS 0x000000070cc00000, 0x000000070cc00000| Untracked 
|  87|0x000000070cd00000, 0x000000070cd00000, 0x000000070ce00000|  0%| F|  |TAMS 0x000000070cd00000, 0x000000070cd00000| Untracked 
|  88|0x000000070ce00000, 0x000000070ce00000, 0x000000070cf00000|  0%| F|  |TAMS 0x000000070ce00000, 0x000000070ce00000| Untracked 
|  89|0x000000070cf00000, 0x000000070cf00000, 0x000000070d000000|  0%| F|  |TAMS 0x000000070cf00000, 0x000000070cf00000| Untracked 
|  90|0x000000070d000000, 0x000000070d000000, 0x000000070d100000|  0%| F|  |TAMS 0x000000070d000000, 0x000000070d000000| Untracked 
|  91|0x000000070d100000, 0x000000070d100000, 0x000000070d200000|  0%| F|  |TAMS 0x000000070d100000, 0x000000070d100000| Untracked 
|  92|0x000000070d200000, 0x000000070d200000, 0x000000070d300000|  0%| F|  |TAMS 0x000000070d200000, 0x000000070d200000| Untracked 
|  93|0x000000070d300000, 0x000000070d300000, 0x000000070d400000|  0%| F|  |TAMS 0x000000070d300000, 0x000000070d300000| Untracked 
|  94|0x000000070d400000, 0x000000070d400000, 0x000000070d500000|  0%| F|  |TAMS 0x000000070d400000, 0x000000070d400000| Untracked 
|  95|0x000000070d500000, 0x000000070d500000, 0x000000070d600000|  0%| F|  |TAMS 0x000000070d500000, 0x000000070d500000| Untracked 
|  96|0x000000070d600000, 0x000000070d600000, 0x000000070d700000|  0%| F|  |TAMS 0x000000070d600000, 0x000000070d600000| Untracked 
|  97|0x000000070d700000, 0x000000070d700000, 0x000000070d800000|  0%| F|  |TAMS 0x000000070d700000, 0x000000070d700000| Untracked 
|  98|0x000000070d800000, 0x000000070d800000, 0x000000070d900000|  0%| F|  |TAMS 0x000000070d800000, 0x000000070d800000| Untracked 
|  99|0x000000070d900000, 0x000000070d900000, 0x000000070da00000|  0%| F|  |TAMS 0x000000070d900000, 0x000000070d900000| Untracked 
| 100|0x000000070da00000, 0x000000070da00000, 0x000000070db00000|  0%| F|  |TAMS 0x000000070da00000, 0x000000070da00000| Untracked 
| 101|0x000000070db00000, 0x000000070db00000, 0x000000070dc00000|  0%| F|  |TAMS 0x000000070db00000, 0x000000070db00000| Untracked 
| 102|0x000000070dc00000, 0x000000070dc00000, 0x000000070dd00000|  0%| F|  |TAMS 0x000000070dc00000, 0x000000070dc00000| Untracked 
| 103|0x000000070dd00000, 0x000000070dd00000, 0x000000070de00000|  0%| F|  |TAMS 0x000000070dd00000, 0x000000070dd00000| Untracked 
| 104|0x000000070de00000, 0x000000070de00000, 0x000000070df00000|  0%| F|  |TAMS 0x000000070de00000, 0x000000070de00000| Untracked 
| 105|0x000000070df00000, 0x000000070df00000, 0x000000070e000000|  0%| F|  |TAMS 0x000000070df00000, 0x000000070df00000| Untracked 
| 106|0x000000070e000000, 0x000000070e000000, 0x000000070e100000|  0%| F|  |TAMS 0x000000070e000000, 0x000000070e000000| Untracked 
| 107|0x000000070e100000, 0x000000070e100000, 0x000000070e200000|  0%| F|  |TAMS 0x000000070e100000, 0x000000070e100000| Untracked 
| 108|0x000000070e200000, 0x000000070e200000, 0x000000070e300000|  0%| F|  |TAMS 0x000000070e200000, 0x000000070e200000| Untracked 
| 109|0x000000070e300000, 0x000000070e3e60d0, 0x000000070e400000| 89%| S|CS|TAMS 0x000000070e300000, 0x000000070e300000| Complete 
| 110|0x000000070e400000, 0x000000070e500000, 0x000000070e500000|100%| S|CS|TAMS 0x000000070e400000, 0x000000070e400000| Complete 
| 111|0x000000070e500000, 0x000000070e600000, 0x000000070e600000|100%| S|CS|TAMS 0x000000070e500000, 0x000000070e500000| Complete 
| 112|0x000000070e600000, 0x000000070e700000, 0x000000070e700000|100%| S|CS|TAMS 0x000000070e600000, 0x000000070e600000| Complete 
| 113|0x000000070e700000, 0x000000070e800000, 0x000000070e800000|100%| S|CS|TAMS 0x000000070e700000, 0x000000070e700000| Complete 
| 114|0x000000070e800000, 0x000000070e900000, 0x000000070e900000|100%| S|CS|TAMS 0x000000070e800000, 0x000000070e800000| Complete 
| 115|0x000000070e900000, 0x000000070ea00000, 0x000000070ea00000|100%| S|CS|TAMS 0x000000070e900000, 0x000000070e900000| Complete 
| 116|0x000000070ea00000, 0x000000070eb00000, 0x000000070eb00000|100%| S|CS|TAMS 0x000000070ea00000, 0x000000070ea00000| Complete 
| 117|0x000000070eb00000, 0x000000070eb00000, 0x000000070ec00000|  0%| F|  |TAMS 0x000000070eb00000, 0x000000070eb00000| Untracked 
| 118|0x000000070ec00000, 0x000000070ec00000, 0x000000070ed00000|  0%| F|  |TAMS 0x000000070ec00000, 0x000000070ec00000| Untracked 
| 119|0x000000070ed00000, 0x000000070ed00000, 0x000000070ee00000|  0%| F|  |TAMS 0x000000070ed00000, 0x000000070ed00000| Untracked 
| 120|0x000000070ee00000, 0x000000070ee00000, 0x000000070ef00000|  0%| F|  |TAMS 0x000000070ee00000, 0x000000070ee00000| Untracked 
| 121|0x000000070ef00000, 0x000000070ef00000, 0x000000070f000000|  0%| F|  |TAMS 0x000000070ef00000, 0x000000070ef00000| Untracked 
| 122|0x000000070f000000, 0x000000070f000000, 0x000000070f100000|  0%| F|  |TAMS 0x000000070f000000, 0x000000070f000000| Untracked 
| 123|0x000000070f100000, 0x000000070f100000, 0x000000070f200000|  0%| F|  |TAMS 0x000000070f100000, 0x000000070f100000| Untracked 
| 124|0x000000070f200000, 0x000000070f200000, 0x000000070f300000|  0%| F|  |TAMS 0x000000070f200000, 0x000000070f200000| Untracked 
| 125|0x000000070f300000, 0x000000070f300000, 0x000000070f400000|  0%| F|  |TAMS 0x000000070f300000, 0x000000070f300000| Untracked 
| 126|0x000000070f400000, 0x000000070f400000, 0x000000070f500000|  0%| F|  |TAMS 0x000000070f400000, 0x000000070f400000| Untracked 
| 127|0x000000070f500000, 0x000000070f500000, 0x000000070f600000|  0%| F|  |TAMS 0x000000070f500000, 0x000000070f500000| Untracked 
| 128|0x000000070f600000, 0x000000070f600000, 0x000000070f700000|  0%| F|  |TAMS 0x000000070f600000, 0x000000070f600000| Untracked 
| 129|0x000000070f700000, 0x000000070f700000, 0x000000070f800000|  0%| F|  |TAMS 0x000000070f700000, 0x000000070f700000| Untracked 
| 130|0x000000070f800000, 0x000000070f800000, 0x000000070f900000|  0%| F|  |TAMS 0x000000070f800000, 0x000000070f800000| Untracked 
| 131|0x000000070f900000, 0x000000070f900000, 0x000000070fa00000|  0%| F|  |TAMS 0x000000070f900000, 0x000000070f900000| Untracked 
| 132|0x000000070fa00000, 0x000000070fa00000, 0x000000070fb00000|  0%| F|  |TAMS 0x000000070fa00000, 0x000000070fa00000| Untracked 
| 133|0x000000070fb00000, 0x000000070fb00000, 0x000000070fc00000|  0%| F|  |TAMS 0x000000070fb00000, 0x000000070fb00000| Untracked 
| 134|0x000000070fc00000, 0x000000070fc00000, 0x000000070fd00000|  0%| F|  |TAMS 0x000000070fc00000, 0x000000070fc00000| Untracked 
| 135|0x000000070fd00000, 0x000000070fd00000, 0x000000070fe00000|  0%| F|  |TAMS 0x000000070fd00000, 0x000000070fd00000| Untracked 
| 136|0x000000070fe00000, 0x000000070fe00000, 0x000000070ff00000|  0%| F|  |TAMS 0x000000070fe00000, 0x000000070fe00000| Untracked 
| 137|0x000000070ff00000, 0x000000070ff00000, 0x0000000710000000|  0%| F|  |TAMS 0x000000070ff00000, 0x000000070ff00000| Untracked 
| 138|0x0000000710000000, 0x0000000710000000, 0x0000000710100000|  0%| F|  |TAMS 0x0000000710000000, 0x0000000710000000| Untracked 
| 139|0x0000000710100000, 0x0000000710100000, 0x0000000710200000|  0%| F|  |TAMS 0x0000000710100000, 0x0000000710100000| Untracked 
| 140|0x0000000710200000, 0x0000000710200000, 0x0000000710300000|  0%| F|  |TAMS 0x0000000710200000, 0x0000000710200000| Untracked 
| 141|0x0000000710300000, 0x0000000710300000, 0x0000000710400000|  0%| F|  |TAMS 0x0000000710300000, 0x0000000710300000| Untracked 
| 142|0x0000000710400000, 0x0000000710400000, 0x0000000710500000|  0%| F|  |TAMS 0x0000000710400000, 0x0000000710400000| Untracked 
| 143|0x0000000710500000, 0x0000000710500000, 0x0000000710600000|  0%| F|  |TAMS 0x0000000710500000, 0x0000000710500000| Untracked 
| 144|0x0000000710600000, 0x0000000710600000, 0x0000000710700000|  0%| F|  |TAMS 0x0000000710600000, 0x0000000710600000| Untracked 
| 145|0x0000000710700000, 0x0000000710700000, 0x0000000710800000|  0%| F|  |TAMS 0x0000000710700000, 0x0000000710700000| Untracked 
| 146|0x0000000710800000, 0x0000000710800000, 0x0000000710900000|  0%| F|  |TAMS 0x0000000710800000, 0x0000000710800000| Untracked 
| 147|0x0000000710900000, 0x0000000710900000, 0x0000000710a00000|  0%| F|  |TAMS 0x0000000710900000, 0x0000000710900000| Untracked 
| 148|0x0000000710a00000, 0x0000000710a00000, 0x0000000710b00000|  0%| F|  |TAMS 0x0000000710a00000, 0x0000000710a00000| Untracked 
| 149|0x0000000710b00000, 0x0000000710b00000, 0x0000000710c00000|  0%| F|  |TAMS 0x0000000710b00000, 0x0000000710b00000| Untracked 
| 150|0x0000000710c00000, 0x0000000710c00000, 0x0000000710d00000|  0%| F|  |TAMS 0x0000000710c00000, 0x0000000710c00000| Untracked 
| 151|0x0000000710d00000, 0x0000000710d00000, 0x0000000710e00000|  0%| F|  |TAMS 0x0000000710d00000, 0x0000000710d00000| Untracked 
| 152|0x0000000710e00000, 0x0000000710e00000, 0x0000000710f00000|  0%| F|  |TAMS 0x0000000710e00000, 0x0000000710e00000| Untracked 
| 153|0x0000000710f00000, 0x0000000710f00000, 0x0000000711000000|  0%| F|  |TAMS 0x0000000710f00000, 0x0000000710f00000| Untracked 
| 154|0x0000000711000000, 0x0000000711000000, 0x0000000711100000|  0%| F|  |TAMS 0x0000000711000000, 0x0000000711000000| Untracked 
| 155|0x0000000711100000, 0x0000000711100000, 0x0000000711200000|  0%| F|  |TAMS 0x0000000711100000, 0x0000000711100000| Untracked 
| 156|0x0000000711200000, 0x0000000711200000, 0x0000000711300000|  0%| F|  |TAMS 0x0000000711200000, 0x0000000711200000| Untracked 
| 157|0x0000000711300000, 0x0000000711300000, 0x0000000711400000|  0%| F|  |TAMS 0x0000000711300000, 0x0000000711300000| Untracked 
| 158|0x0000000711400000, 0x0000000711400000, 0x0000000711500000|  0%| F|  |TAMS 0x0000000711400000, 0x0000000711400000| Untracked 
| 159|0x0000000711500000, 0x0000000711500000, 0x0000000711600000|  0%| F|  |TAMS 0x0000000711500000, 0x0000000711500000| Untracked 
| 160|0x0000000711600000, 0x0000000711600000, 0x0000000711700000|  0%| F|  |TAMS 0x0000000711600000, 0x0000000711600000| Untracked 
| 161|0x0000000711700000, 0x0000000711700000, 0x0000000711800000|  0%| F|  |TAMS 0x0000000711700000, 0x0000000711700000| Untracked 
| 162|0x0000000711800000, 0x0000000711800000, 0x0000000711900000|  0%| F|  |TAMS 0x0000000711800000, 0x0000000711800000| Untracked 
| 163|0x0000000711900000, 0x0000000711900000, 0x0000000711a00000|  0%| F|  |TAMS 0x0000000711900000, 0x0000000711900000| Untracked 
| 164|0x0000000711a00000, 0x0000000711a00000, 0x0000000711b00000|  0%| F|  |TAMS 0x0000000711a00000, 0x0000000711a00000| Untracked 
| 165|0x0000000711b00000, 0x0000000711b00000, 0x0000000711c00000|  0%| F|  |TAMS 0x0000000711b00000, 0x0000000711b00000| Untracked 
| 166|0x0000000711c00000, 0x0000000711c00000, 0x0000000711d00000|  0%| F|  |TAMS 0x0000000711c00000, 0x0000000711c00000| Untracked 
| 167|0x0000000711d00000, 0x0000000711d00000, 0x0000000711e00000|  0%| F|  |TAMS 0x0000000711d00000, 0x0000000711d00000| Untracked 
| 168|0x0000000711e00000, 0x0000000711e00000, 0x0000000711f00000|  0%| F|  |TAMS 0x0000000711e00000, 0x0000000711e00000| Untracked 
| 169|0x0000000711f00000, 0x0000000711f00000, 0x0000000712000000|  0%| F|  |TAMS 0x0000000711f00000, 0x0000000711f00000| Untracked 
| 170|0x0000000712000000, 0x0000000712000000, 0x0000000712100000|  0%| F|  |TAMS 0x0000000712000000, 0x0000000712000000| Untracked 
| 171|0x0000000712100000, 0x0000000712100000, 0x0000000712200000|  0%| F|  |TAMS 0x0000000712100000, 0x0000000712100000| Untracked 
| 172|0x0000000712200000, 0x0000000712200000, 0x0000000712300000|  0%| F|  |TAMS 0x0000000712200000, 0x0000000712200000| Untracked 
| 173|0x0000000712300000, 0x0000000712300000, 0x0000000712400000|  0%| F|  |TAMS 0x0000000712300000, 0x0000000712300000| Untracked 
| 174|0x0000000712400000, 0x0000000712400000, 0x0000000712500000|  0%| F|  |TAMS 0x0000000712400000, 0x0000000712400000| Untracked 
| 175|0x0000000712500000, 0x0000000712500000, 0x0000000712600000|  0%| F|  |TAMS 0x0000000712500000, 0x0000000712500000| Untracked 
| 176|0x0000000712600000, 0x0000000712600000, 0x0000000712700000|  0%| F|  |TAMS 0x0000000712600000, 0x0000000712600000| Untracked 
| 177|0x0000000712700000, 0x0000000712700000, 0x0000000712800000|  0%| F|  |TAMS 0x0000000712700000, 0x0000000712700000| Untracked 
| 178|0x0000000712800000, 0x0000000712800000, 0x0000000712900000|  0%| F|  |TAMS 0x0000000712800000, 0x0000000712800000| Untracked 
| 179|0x0000000712900000, 0x0000000712900000, 0x0000000712a00000|  0%| F|  |TAMS 0x0000000712900000, 0x0000000712900000| Untracked 
| 180|0x0000000712a00000, 0x0000000712a00000, 0x0000000712b00000|  0%| F|  |TAMS 0x0000000712a00000, 0x0000000712a00000| Untracked 
| 181|0x0000000712b00000, 0x0000000712b00000, 0x0000000712c00000|  0%| F|  |TAMS 0x0000000712b00000, 0x0000000712b00000| Untracked 
| 182|0x0000000712c00000, 0x0000000712c00000, 0x0000000712d00000|  0%| F|  |TAMS 0x0000000712c00000, 0x0000000712c00000| Untracked 
| 183|0x0000000712d00000, 0x0000000712d00000, 0x0000000712e00000|  0%| F|  |TAMS 0x0000000712d00000, 0x0000000712d00000| Untracked 
| 184|0x0000000712e00000, 0x0000000712e00000, 0x0000000712f00000|  0%| F|  |TAMS 0x0000000712e00000, 0x0000000712e00000| Untracked 
| 185|0x0000000712f00000, 0x0000000712f00000, 0x0000000713000000|  0%| F|  |TAMS 0x0000000712f00000, 0x0000000712f00000| Untracked 
| 186|0x0000000713000000, 0x0000000713000000, 0x0000000713100000|  0%| F|  |TAMS 0x0000000713000000, 0x0000000713000000| Untracked 
| 187|0x0000000713100000, 0x0000000713100000, 0x0000000713200000|  0%| F|  |TAMS 0x0000000713100000, 0x0000000713100000| Untracked 
| 188|0x0000000713200000, 0x0000000713200000, 0x0000000713300000|  0%| F|  |TAMS 0x0000000713200000, 0x0000000713200000| Untracked 
| 189|0x0000000713300000, 0x0000000713300000, 0x0000000713400000|  0%| F|  |TAMS 0x0000000713300000, 0x0000000713300000| Untracked 
| 190|0x0000000713400000, 0x0000000713400000, 0x0000000713500000|  0%| F|  |TAMS 0x0000000713400000, 0x0000000713400000| Untracked 
| 191|0x0000000713500000, 0x0000000713500000, 0x0000000713600000|  0%| F|  |TAMS 0x0000000713500000, 0x0000000713500000| Untracked 
| 192|0x0000000713600000, 0x0000000713600000, 0x0000000713700000|  0%| F|  |TAMS 0x0000000713600000, 0x0000000713600000| Untracked 
| 193|0x0000000713700000, 0x0000000713700000, 0x0000000713800000|  0%| F|  |TAMS 0x0000000713700000, 0x0000000713700000| Untracked 
| 194|0x0000000713800000, 0x0000000713800000, 0x0000000713900000|  0%| F|  |TAMS 0x0000000713800000, 0x0000000713800000| Untracked 
| 195|0x0000000713900000, 0x0000000713900000, 0x0000000713a00000|  0%| F|  |TAMS 0x0000000713900000, 0x0000000713900000| Untracked 
| 196|0x0000000713a00000, 0x0000000713a00000, 0x0000000713b00000|  0%| F|  |TAMS 0x0000000713a00000, 0x0000000713a00000| Untracked 
| 197|0x0000000713b00000, 0x0000000713b00000, 0x0000000713c00000|  0%| F|  |TAMS 0x0000000713b00000, 0x0000000713b00000| Untracked 
| 198|0x0000000713c00000, 0x0000000713c00000, 0x0000000713d00000|  0%| F|  |TAMS 0x0000000713c00000, 0x0000000713c00000| Untracked 
| 199|0x0000000713d00000, 0x0000000713d00000, 0x0000000713e00000|  0%| F|  |TAMS 0x0000000713d00000, 0x0000000713d00000| Untracked 
| 200|0x0000000713e00000, 0x0000000713e00000, 0x0000000713f00000|  0%| F|  |TAMS 0x0000000713e00000, 0x0000000713e00000| Untracked 
| 201|0x0000000713f00000, 0x0000000713f00000, 0x0000000714000000|  0%| F|  |TAMS 0x0000000713f00000, 0x0000000713f00000| Untracked 
| 202|0x0000000714000000, 0x0000000714000000, 0x0000000714100000|  0%| F|  |TAMS 0x0000000714000000, 0x0000000714000000| Untracked 
| 203|0x0000000714100000, 0x0000000714100000, 0x0000000714200000|  0%| F|  |TAMS 0x0000000714100000, 0x0000000714100000| Untracked 
| 204|0x0000000714200000, 0x0000000714200000, 0x0000000714300000|  0%| F|  |TAMS 0x0000000714200000, 0x0000000714200000| Untracked 
| 205|0x0000000714300000, 0x0000000714300000, 0x0000000714400000|  0%| F|  |TAMS 0x0000000714300000, 0x0000000714300000| Untracked 
| 206|0x0000000714400000, 0x0000000714400000, 0x0000000714500000|  0%| F|  |TAMS 0x0000000714400000, 0x0000000714400000| Untracked 
| 207|0x0000000714500000, 0x0000000714500000, 0x0000000714600000|  0%| F|  |TAMS 0x0000000714500000, 0x0000000714500000| Untracked 
| 208|0x0000000714600000, 0x0000000714600000, 0x0000000714700000|  0%| F|  |TAMS 0x0000000714600000, 0x0000000714600000| Untracked 
| 209|0x0000000714700000, 0x0000000714700000, 0x0000000714800000|  0%| F|  |TAMS 0x0000000714700000, 0x0000000714700000| Untracked 
| 210|0x0000000714800000, 0x0000000714800000, 0x0000000714900000|  0%| F|  |TAMS 0x0000000714800000, 0x0000000714800000| Untracked 
| 211|0x0000000714900000, 0x0000000714900000, 0x0000000714a00000|  0%| F|  |TAMS 0x0000000714900000, 0x0000000714900000| Untracked 
| 212|0x0000000714a00000, 0x0000000714a00000, 0x0000000714b00000|  0%| F|  |TAMS 0x0000000714a00000, 0x0000000714a00000| Untracked 
| 213|0x0000000714b00000, 0x0000000714b00000, 0x0000000714c00000|  0%| F|  |TAMS 0x0000000714b00000, 0x0000000714b00000| Untracked 
| 214|0x0000000714c00000, 0x0000000714c00000, 0x0000000714d00000|  0%| F|  |TAMS 0x0000000714c00000, 0x0000000714c00000| Untracked 
| 215|0x0000000714d00000, 0x0000000714d00000, 0x0000000714e00000|  0%| F|  |TAMS 0x0000000714d00000, 0x0000000714d00000| Untracked 
| 216|0x0000000714e00000, 0x0000000714e00000, 0x0000000714f00000|  0%| F|  |TAMS 0x0000000714e00000, 0x0000000714e00000| Untracked 
| 217|0x0000000714f00000, 0x0000000714f00000, 0x0000000715000000|  0%| F|  |TAMS 0x0000000714f00000, 0x0000000714f00000| Untracked 
| 218|0x0000000715000000, 0x0000000715000000, 0x0000000715100000|  0%| F|  |TAMS 0x0000000715000000, 0x0000000715000000| Untracked 
| 219|0x0000000715100000, 0x0000000715100000, 0x0000000715200000|  0%| F|  |TAMS 0x0000000715100000, 0x0000000715100000| Untracked 
| 220|0x0000000715200000, 0x0000000715200000, 0x0000000715300000|  0%| F|  |TAMS 0x0000000715200000, 0x0000000715200000| Untracked 
| 221|0x0000000715300000, 0x0000000715300000, 0x0000000715400000|  0%| F|  |TAMS 0x0000000715300000, 0x0000000715300000| Untracked 
| 222|0x0000000715400000, 0x0000000715400000, 0x0000000715500000|  0%| F|  |TAMS 0x0000000715400000, 0x0000000715400000| Untracked 
| 223|0x0000000715500000, 0x0000000715500000, 0x0000000715600000|  0%| F|  |TAMS 0x0000000715500000, 0x0000000715500000| Untracked 
| 224|0x0000000715600000, 0x0000000715600000, 0x0000000715700000|  0%| F|  |TAMS 0x0000000715600000, 0x0000000715600000| Untracked 
| 225|0x0000000715700000, 0x0000000715700000, 0x0000000715800000|  0%| F|  |TAMS 0x0000000715700000, 0x0000000715700000| Untracked 
| 226|0x0000000715800000, 0x0000000715800000, 0x0000000715900000|  0%| F|  |TAMS 0x0000000715800000, 0x0000000715800000| Untracked 
| 227|0x0000000715900000, 0x0000000715900000, 0x0000000715a00000|  0%| F|  |TAMS 0x0000000715900000, 0x0000000715900000| Untracked 
| 228|0x0000000715a00000, 0x0000000715a00000, 0x0000000715b00000|  0%| F|  |TAMS 0x0000000715a00000, 0x0000000715a00000| Untracked 
| 229|0x0000000715b00000, 0x0000000715b00000, 0x0000000715c00000|  0%| F|  |TAMS 0x0000000715b00000, 0x0000000715b00000| Untracked 
| 230|0x0000000715c00000, 0x0000000715c00000, 0x0000000715d00000|  0%| F|  |TAMS 0x0000000715c00000, 0x0000000715c00000| Untracked 
| 231|0x0000000715d00000, 0x0000000715d00000, 0x0000000715e00000|  0%| F|  |TAMS 0x0000000715d00000, 0x0000000715d00000| Untracked 
| 232|0x0000000715e00000, 0x0000000715e00000, 0x0000000715f00000|  0%| F|  |TAMS 0x0000000715e00000, 0x0000000715e00000| Untracked 
| 233|0x0000000715f00000, 0x0000000715f00000, 0x0000000716000000|  0%| F|  |TAMS 0x0000000715f00000, 0x0000000715f00000| Untracked 
| 234|0x0000000716000000, 0x0000000716000000, 0x0000000716100000|  0%| F|  |TAMS 0x0000000716000000, 0x0000000716000000| Untracked 
| 235|0x0000000716100000, 0x0000000716100000, 0x0000000716200000|  0%| F|  |TAMS 0x0000000716100000, 0x0000000716100000| Untracked 
| 236|0x0000000716200000, 0x0000000716200000, 0x0000000716300000|  0%| F|  |TAMS 0x0000000716200000, 0x0000000716200000| Untracked 
| 237|0x0000000716300000, 0x0000000716300000, 0x0000000716400000|  0%| F|  |TAMS 0x0000000716300000, 0x0000000716300000| Untracked 
| 238|0x0000000716400000, 0x0000000716400000, 0x0000000716500000|  0%| F|  |TAMS 0x0000000716400000, 0x0000000716400000| Untracked 
| 239|0x0000000716500000, 0x0000000716500000, 0x0000000716600000|  0%| F|  |TAMS 0x0000000716500000, 0x0000000716500000| Untracked 
| 240|0x0000000716600000, 0x0000000716600000, 0x0000000716700000|  0%| F|  |TAMS 0x0000000716600000, 0x0000000716600000| Untracked 
| 241|0x0000000716700000, 0x0000000716700000, 0x0000000716800000|  0%| F|  |TAMS 0x0000000716700000, 0x0000000716700000| Untracked 
| 242|0x0000000716800000, 0x0000000716800000, 0x0000000716900000|  0%| F|  |TAMS 0x0000000716800000, 0x0000000716800000| Untracked 
| 243|0x0000000716900000, 0x0000000716900000, 0x0000000716a00000|  0%| F|  |TAMS 0x0000000716900000, 0x0000000716900000| Untracked 
| 244|0x0000000716a00000, 0x0000000716a00000, 0x0000000716b00000|  0%| F|  |TAMS 0x0000000716a00000, 0x0000000716a00000| Untracked 
| 245|0x0000000716b00000, 0x0000000716b00000, 0x0000000716c00000|  0%| F|  |TAMS 0x0000000716b00000, 0x0000000716b00000| Untracked 
| 246|0x0000000716c00000, 0x0000000716c00000, 0x0000000716d00000|  0%| F|  |TAMS 0x0000000716c00000, 0x0000000716c00000| Untracked 
| 247|0x0000000716d00000, 0x0000000716d00000, 0x0000000716e00000|  0%| F|  |TAMS 0x0000000716d00000, 0x0000000716d00000| Untracked 
| 248|0x0000000716e00000, 0x0000000716e00000, 0x0000000716f00000|  0%| F|  |TAMS 0x0000000716e00000, 0x0000000716e00000| Untracked 
| 249|0x0000000716f00000, 0x0000000716f00000, 0x0000000717000000|  0%| F|  |TAMS 0x0000000716f00000, 0x0000000716f00000| Untracked 
| 250|0x0000000717000000, 0x0000000717000000, 0x0000000717100000|  0%| F|  |TAMS 0x0000000717000000, 0x0000000717000000| Untracked 
| 251|0x0000000717100000, 0x0000000717100000, 0x0000000717200000|  0%| F|  |TAMS 0x0000000717100000, 0x0000000717100000| Untracked 
| 252|0x0000000717200000, 0x0000000717200000, 0x0000000717300000|  0%| F|  |TAMS 0x0000000717200000, 0x0000000717200000| Untracked 
| 253|0x0000000717300000, 0x0000000717300000, 0x0000000717400000|  0%| F|  |TAMS 0x0000000717300000, 0x0000000717300000| Untracked 
| 254|0x0000000717400000, 0x0000000717400000, 0x0000000717500000|  0%| F|  |TAMS 0x0000000717400000, 0x0000000717400000| Untracked 
| 255|0x0000000717500000, 0x0000000717500000, 0x0000000717600000|  0%| F|  |TAMS 0x0000000717500000, 0x0000000717500000| Untracked 
| 256|0x0000000717600000, 0x0000000717600000, 0x0000000717700000|  0%| F|  |TAMS 0x0000000717600000, 0x0000000717600000| Untracked 
| 257|0x0000000717700000, 0x0000000717700000, 0x0000000717800000|  0%| F|  |TAMS 0x0000000717700000, 0x0000000717700000| Untracked 
| 258|0x0000000717800000, 0x0000000717800000, 0x0000000717900000|  0%| F|  |TAMS 0x0000000717800000, 0x0000000717800000| Untracked 
| 259|0x0000000717900000, 0x0000000717900000, 0x0000000717a00000|  0%| F|  |TAMS 0x0000000717900000, 0x0000000717900000| Untracked 
| 260|0x0000000717a00000, 0x0000000717a00000, 0x0000000717b00000|  0%| F|  |TAMS 0x0000000717a00000, 0x0000000717a00000| Untracked 
| 261|0x0000000717b00000, 0x0000000717b00000, 0x0000000717c00000|  0%| F|  |TAMS 0x0000000717b00000, 0x0000000717b00000| Untracked 
| 262|0x0000000717c00000, 0x0000000717c00000, 0x0000000717d00000|  0%| F|  |TAMS 0x0000000717c00000, 0x0000000717c00000| Untracked 
| 263|0x0000000717d00000, 0x0000000717d00000, 0x0000000717e00000|  0%| F|  |TAMS 0x0000000717d00000, 0x0000000717d00000| Untracked 
| 264|0x0000000717e00000, 0x0000000717e00000, 0x0000000717f00000|  0%| F|  |TAMS 0x0000000717e00000, 0x0000000717e00000| Untracked 
| 265|0x0000000717f00000, 0x0000000717f00000, 0x0000000718000000|  0%| F|  |TAMS 0x0000000717f00000, 0x0000000717f00000| Untracked 
| 266|0x0000000718000000, 0x0000000718000000, 0x0000000718100000|  0%| F|  |TAMS 0x0000000718000000, 0x0000000718000000| Untracked 
| 267|0x0000000718100000, 0x000000071811a800, 0x0000000718200000| 60%| E|  |TAMS 0x0000000718100000, 0x0000000718100000| Complete 
| 268|0x0000000718200000, 0x0000000718300000, 0x0000000718300000|100%| E|CS|TAMS 0x0000000718200000, 0x0000000718200000| Complete 
| 269|0x0000000718300000, 0x0000000718400000, 0x0000000718400000|100%| E|CS|TAMS 0x0000000718300000, 0x0000000718300000| Complete 
| 270|0x0000000718400000, 0x0000000718500000, 0x0000000718500000|100%| E|CS|TAMS 0x0000000718400000, 0x0000000718400000| Complete 
| 271|0x0000000718500000, 0x0000000718600000, 0x0000000718600000|100%| E|CS|TAMS 0x0000000718500000, 0x0000000718500000| Complete 
| 272|0x0000000718600000, 0x0000000718700000, 0x0000000718700000|100%| E|  |TAMS 0x0000000718600000, 0x0000000718600000| Complete 
| 273|0x0000000718700000, 0x0000000718800000, 0x0000000718800000|100%| E|CS|TAMS 0x0000000718700000, 0x0000000718700000| Complete 
| 274|0x0000000718800000, 0x0000000718900000, 0x0000000718900000|100%| E|CS|TAMS 0x0000000718800000, 0x0000000718800000| Complete 
| 275|0x0000000718900000, 0x0000000718a00000, 0x0000000718a00000|100%| E|CS|TAMS 0x0000000718900000, 0x0000000718900000| Complete 
| 276|0x0000000718a00000, 0x0000000718b00000, 0x0000000718b00000|100%| E|CS|TAMS 0x0000000718a00000, 0x0000000718a00000| Complete 
| 277|0x0000000718b00000, 0x0000000718c00000, 0x0000000718c00000|100%| E|CS|TAMS 0x0000000718b00000, 0x0000000718b00000| Complete 
| 278|0x0000000718c00000, 0x0000000718d00000, 0x0000000718d00000|100%| E|CS|TAMS 0x0000000718c00000, 0x0000000718c00000| Complete 
| 279|0x0000000718d00000, 0x0000000718e00000, 0x0000000718e00000|100%| E|CS|TAMS 0x0000000718d00000, 0x0000000718d00000| Complete 
| 280|0x0000000718e00000, 0x0000000718f00000, 0x0000000718f00000|100%| E|CS|TAMS 0x0000000718e00000, 0x0000000718e00000| Complete 
| 281|0x0000000718f00000, 0x0000000719000000, 0x0000000719000000|100%| E|CS|TAMS 0x0000000718f00000, 0x0000000718f00000| Complete 
| 282|0x0000000719000000, 0x0000000719100000, 0x0000000719100000|100%| E|CS|TAMS 0x0000000719000000, 0x0000000719000000| Complete 
| 283|0x0000000719100000, 0x0000000719200000, 0x0000000719200000|100%| E|CS|TAMS 0x0000000719100000, 0x0000000719100000| Complete 
| 284|0x0000000719200000, 0x0000000719300000, 0x0000000719300000|100%| E|CS|TAMS 0x0000000719200000, 0x0000000719200000| Complete 
| 285|0x0000000719300000, 0x0000000719400000, 0x0000000719400000|100%| E|CS|TAMS 0x0000000719300000, 0x0000000719300000| Complete 
| 286|0x0000000719400000, 0x0000000719500000, 0x0000000719500000|100%| E|CS|TAMS 0x0000000719400000, 0x0000000719400000| Complete 
| 287|0x0000000719500000, 0x0000000719600000, 0x0000000719600000|100%| E|CS|TAMS 0x0000000719500000, 0x0000000719500000| Complete 
| 288|0x0000000719600000, 0x0000000719700000, 0x0000000719700000|100%| E|CS|TAMS 0x0000000719600000, 0x0000000719600000| Complete 
| 289|0x0000000719700000, 0x0000000719800000, 0x0000000719800000|100%| E|CS|TAMS 0x0000000719700000, 0x0000000719700000| Complete 
| 290|0x0000000719800000, 0x0000000719900000, 0x0000000719900000|100%| E|CS|TAMS 0x0000000719800000, 0x0000000719800000| Complete 
| 291|0x0000000719900000, 0x0000000719a00000, 0x0000000719a00000|100%| E|CS|TAMS 0x0000000719900000, 0x0000000719900000| Complete 
| 292|0x0000000719a00000, 0x0000000719b00000, 0x0000000719b00000|100%| E|CS|TAMS 0x0000000719a00000, 0x0000000719a00000| Complete 
| 293|0x0000000719b00000, 0x0000000719c00000, 0x0000000719c00000|100%| E|CS|TAMS 0x0000000719b00000, 0x0000000719b00000| Complete 
| 294|0x0000000719c00000, 0x0000000719d00000, 0x0000000719d00000|100%| E|CS|TAMS 0x0000000719c00000, 0x0000000719c00000| Complete 
| 295|0x0000000719d00000, 0x0000000719e00000, 0x0000000719e00000|100%| E|CS|TAMS 0x0000000719d00000, 0x0000000719d00000| Complete 
| 296|0x0000000719e00000, 0x0000000719f00000, 0x0000000719f00000|100%| E|CS|TAMS 0x0000000719e00000, 0x0000000719e00000| Complete 
| 297|0x0000000719f00000, 0x000000071a000000, 0x000000071a000000|100%| E|CS|TAMS 0x0000000719f00000, 0x0000000719f00000| Complete 
| 298|0x000000071a000000, 0x000000071a100000, 0x000000071a100000|100%| E|CS|TAMS 0x000000071a000000, 0x000000071a000000| Complete 
| 299|0x000000071a100000, 0x000000071a200000, 0x000000071a200000|100%| E|CS|TAMS 0x000000071a100000, 0x000000071a100000| Complete 
| 300|0x000000071a200000, 0x000000071a300000, 0x000000071a300000|100%| E|CS|TAMS 0x000000071a200000, 0x000000071a200000| Complete 
| 301|0x000000071a300000, 0x000000071a400000, 0x000000071a400000|100%| E|CS|TAMS 0x000000071a300000, 0x000000071a300000| Complete 
| 302|0x000000071a400000, 0x000000071a500000, 0x000000071a500000|100%| E|CS|TAMS 0x000000071a400000, 0x000000071a400000| Complete 
| 303|0x000000071a500000, 0x000000071a600000, 0x000000071a600000|100%| E|CS|TAMS 0x000000071a500000, 0x000000071a500000| Complete 
| 304|0x000000071a600000, 0x000000071a700000, 0x000000071a700000|100%| E|CS|TAMS 0x000000071a600000, 0x000000071a600000| Complete 
| 305|0x000000071a700000, 0x000000071a800000, 0x000000071a800000|100%| E|CS|TAMS 0x000000071a700000, 0x000000071a700000| Complete 
| 306|0x000000071a800000, 0x000000071a900000, 0x000000071a900000|100%| E|CS|TAMS 0x000000071a800000, 0x000000071a800000| Complete 
| 307|0x000000071a900000, 0x000000071aa00000, 0x000000071aa00000|100%| E|CS|TAMS 0x000000071a900000, 0x000000071a900000| Complete 
| 308|0x000000071aa00000, 0x000000071ab00000, 0x000000071ab00000|100%| E|CS|TAMS 0x000000071aa00000, 0x000000071aa00000| Complete 
| 309|0x000000071ab00000, 0x000000071ac00000, 0x000000071ac00000|100%| E|CS|TAMS 0x000000071ab00000, 0x000000071ab00000| Complete 
| 310|0x000000071ac00000, 0x000000071ad00000, 0x000000071ad00000|100%| E|CS|TAMS 0x000000071ac00000, 0x000000071ac00000| Complete 
| 311|0x000000071ad00000, 0x000000071ae00000, 0x000000071ae00000|100%| E|CS|TAMS 0x000000071ad00000, 0x000000071ad00000| Complete 
| 312|0x000000071ae00000, 0x000000071af00000, 0x000000071af00000|100%| E|CS|TAMS 0x000000071ae00000, 0x000000071ae00000| Complete 
| 313|0x000000071af00000, 0x000000071b000000, 0x000000071b000000|100%| E|CS|TAMS 0x000000071af00000, 0x000000071af00000| Complete 
| 314|0x000000071b000000, 0x000000071b100000, 0x000000071b100000|100%| E|CS|TAMS 0x000000071b000000, 0x000000071b000000| Complete 
| 315|0x000000071b100000, 0x000000071b200000, 0x000000071b200000|100%| E|CS|TAMS 0x000000071b100000, 0x000000071b100000| Complete 
| 316|0x000000071b200000, 0x000000071b300000, 0x000000071b300000|100%| E|CS|TAMS 0x000000071b200000, 0x000000071b200000| Complete 
| 317|0x000000071b300000, 0x000000071b400000, 0x000000071b400000|100%| E|CS|TAMS 0x000000071b300000, 0x000000071b300000| Complete 
| 318|0x000000071b400000, 0x000000071b500000, 0x000000071b500000|100%| E|CS|TAMS 0x000000071b400000, 0x000000071b400000| Complete 
| 319|0x000000071b500000, 0x000000071b600000, 0x000000071b600000|100%| E|CS|TAMS 0x000000071b500000, 0x000000071b500000| Complete 
| 320|0x000000071b600000, 0x000000071b700000, 0x000000071b700000|100%| E|CS|TAMS 0x000000071b600000, 0x000000071b600000| Complete 
| 321|0x000000071b700000, 0x000000071b800000, 0x000000071b800000|100%| E|CS|TAMS 0x000000071b700000, 0x000000071b700000| Complete 
| 322|0x000000071b800000, 0x000000071b900000, 0x000000071b900000|100%| E|CS|TAMS 0x000000071b800000, 0x000000071b800000| Complete 
| 323|0x000000071b900000, 0x000000071ba00000, 0x000000071ba00000|100%| E|CS|TAMS 0x000000071b900000, 0x000000071b900000| Complete 

Card table byte_map: [0x00007f936833e000,0x00007f9368b03000] _byte_map_base: 0x00007f9364b03000

Marking Bits (Prev, Next): (CMBitMap*) 0x00007f936407c4f0, (CMBitMap*) 0x00007f936407c4b8
 Prev Bits: [0x00007f93403b0000, 0x00007f93441d8000)
 Next Bits: [0x00007f93441d8000, 0x00007f9348000000)

Polling page: 0x00007f936b667000

Metaspace:

Usage:
  Non-class:     27.72 MB capacity,    27.30 MB ( 99%) used,   379.09 KB (  1%) free+waste,    46.12 KB ( <1%) overhead. 
      Class:      3.47 MB capacity,     3.24 MB ( 93%) used,   213.55 KB (  6%) free+waste,    19.12 KB ( <1%) overhead. 
       Both:     31.19 MB capacity,    30.54 MB ( 98%) used,   592.63 KB (  2%) free+waste,    65.25 KB ( <1%) overhead. 

Virtual space:
  Non-class space:       28.00 MB reserved,      28.00 MB (100%) committed 
      Class space:        1.00 GB reserved,       3.50 MB ( <1%) committed 
             Both:        1.03 GB reserved,      31.50 MB (  3%) committed 

Chunk freelists:
   Non-Class:  165.00 KB
       Class:  0 bytes
        Both:  165.00 KB

MaxMetaspaceSize: unlimited
CompressedClassSpaceSize: 1.00 GB

CodeHeap 'non-profiled nmethods': size=120032Kb used=3961Kb max_used=3961Kb free=116070Kb
 bounds [0x00007f935435a000, 0x00007f935473a000, 0x00007f935b892000]
CodeHeap 'profiled nmethods': size=120028Kb used=12799Kb max_used=12799Kb free=107228Kb
 bounds [0x00007f934ce23000, 0x00007f934daa3000, 0x00007f935435a000]
CodeHeap 'non-nmethods': size=5700Kb used=1107Kb max_used=1169Kb free=4592Kb
 bounds [0x00007f934c892000, 0x00007f934cb02000, 0x00007f934ce23000]
 total_blobs=5796 nmethods=5360 adapters=348
 compilation: enabled
              stopped_count=0, restarted_count=0
 full_count=0

Compilation events (20 events):
Event: 7.440 Thread 0x00007f9314385800 5351       4       jdk.internal.module.SystemModuleFinders$SystemModuleReader::findImageLocation (42 bytes)
Event: 7.441 Thread 0x00007f936421a800 5352       3       java.lang.invoke.MethodHandleNatives::refKindIsMethod (19 bytes)
Event: 7.441 Thread 0x00007f936421a800 nmethod 5352 0x00007f934da90410 code [0x00007f934da905c0, 0x00007f934da907f0]
Event: 7.445 Thread 0x00007f936421a800 5353       3       sun.invoke.util.VerifyAccess::isClassAccessible (182 bytes)
Event: 7.447 Thread 0x00007f936421a800 nmethod 5353 0x00007f934da90890 code [0x00007f934da90c40, 0x00007f934da921d0]
Event: 7.447 Thread 0x00007f936421a800 5357       3       java.net.URI$Parser::checkChars (44 bytes)
Event: 7.447 Thread 0x00007f936421a800 nmethod 5357 0x00007f934da92890 code [0x00007f934da92b00, 0x00007f934da93460]
Event: 7.447 Thread 0x00007f936421a800 5354       3       jdk.internal.org.objectweb.asm.MethodWriter::visitCode (1 bytes)
Event: 7.447 Thread 0x00007f936421a800 nmethod 5354 0x00007f934da93810 code [0x00007f934da939c0, 0x00007f934da93ab0]
Event: 7.447 Thread 0x00007f936421a800 5356       3       java.lang.invoke.MethodHandleNatives::refKindHasReceiver (33 bytes)
Event: 7.447 Thread 0x00007f936421a800 nmethod 5356 0x00007f934da93b10 code [0x00007f934da93cc0, 0x00007f934da93e10]
Event: 7.447 Thread 0x00007f936421a800 5358       3       com.sun.tools.javac.util.List::nil (4 bytes)
Event: 7.448 Thread 0x00007f936421a800 nmethod 5358 0x00007f934da93e90 code [0x00007f934da94040, 0x00007f934da94130]
Event: 7.448 Thread 0x00007f936421a800 5359       3       java.net.URI::isAbsolute (13 bytes)
Event: 7.449 Thread 0x00007f936421a800 nmethod 5359 0x00007f934da94190 code [0x00007f934da94340, 0x00007f934da94490]
Event: 7.449 Thread 0x00007f936421a800 5360       3       java.net.URI::toURL (5 bytes)
Event: 7.449 Thread 0x00007f936421a800 nmethod 5360 0x00007f934da94510 code [0x00007f934da946c0, 0x00007f934da947e0]
Event: 7.449 Thread 0x00007f936421a800 5361       3       com.sun.tools.javac.util.List::of (12 bytes)
Event: 7.449 Thread 0x00007f936421a800 nmethod 5361 0x00007f934da94890 code [0x00007f934da94a60, 0x00007f934da94df0]
Event: 7.449 Thread 0x00007f936421a800 5362       3       com.sun.tools.javac.util.ListBuffer::append (66 bytes)

GC Heap History (10 events):
Event: 0.890 GC heap before
{Heap before GC invocations=0 (full 0):
 garbage-first heap   total 256000K, used 23552K [0x0000000707600000, 0x0000000800000000)
  region size 1024K, 24 young (24576K), 0 survivors (0K)
 Metaspace       used 12831K, capacity 13080K, committed 13440K, reserved 1060864K
  class space    used 1308K, capacity 1381K, committed 1408K, reserved 1048576K
}
Event: 0.923 GC heap after
{Heap after GC invocations=1 (full 0):
 garbage-first heap   total 256000K, used 3578K [0x0000000707600000, 0x0000000800000000)
  region size 1024K, 3 young (3072K), 3 survivors (3072K)
 Metaspace       used 12831K, capacity 13080K, committed 13440K, reserved 1060864K
  class space    used 1308K, capacity 1381K, committed 1408K, reserved 1048576K
}
Event: 2.914 GC heap before
{Heap before GC invocations=1 (full 0):
 garbage-first heap   total 256000K, used 98810K [0x0000000707600000, 0x0000000800000000)
  region size 1024K, 97 young (99328K), 3 survivors (3072K)
 Metaspace       used 20610K, capacity 20958K, committed 21248K, reserved 1069056K
  class space    used 2168K, capacity 2278K, committed 2304K, reserved 1048576K
}
Event: 2.946 GC heap after
{Heap after GC invocations=2 (full 0):
 garbage-first heap   total 256000K, used 11832K [0x0000000707600000, 0x0000000800000000)
  region size 1024K, 12 young (12288K), 12 survivors (12288K)
 Metaspace       used 20610K, capacity 20958K, committed 21248K, reserved 1069056K
  class space    used 2168K, capacity 2278K, committed 2304K, reserved 1048576K
}
Event: 4.153 GC heap before
{Heap before GC invocations=3 (full 0):
 garbage-first heap   total 256000K, used 110136K [0x0000000707600000, 0x0000000800000000)
  region size 1024K, 108 young (110592K), 12 survivors (12288K)
 Metaspace       used 22876K, capacity 23330K, committed 23808K, reserved 1071104K
  class space    used 2335K, capacity 2493K, committed 2560K, reserved 1048576K
}
Event: 4.169 GC heap after
{Heap after GC invocations=4 (full 0):
 garbage-first heap   total 256000K, used 17659K [0x0000000707600000, 0x0000000800000000)
  region size 1024K, 6 young (6144K), 6 survivors (6144K)
 Metaspace       used 22876K, capacity 23330K, committed 23808K, reserved 1071104K
  class space    used 2335K, capacity 2493K, committed 2560K, reserved 1048576K
}
Event: 5.616 GC heap before
{Heap before GC invocations=4 (full 0):
 garbage-first heap   total 256000K, used 165115K [0x0000000707600000, 0x0000000800000000)
  region size 1024K, 150 young (153600K), 6 survivors (6144K)
 Metaspace       used 24925K, capacity 25571K, committed 26112K, reserved 1073152K
  class space    used 2539K, capacity 2726K, committed 2816K, reserved 1048576K
}
Event: 5.630 GC heap after
{Heap after GC invocations=5 (full 0):
 garbage-first heap   total 256000K, used 28517K [0x0000000707600000, 0x0000000800000000)
  region size 1024K, 17 young (17408K), 17 survivors (17408K)
 Metaspace       used 24925K, capacity 25571K, committed 26112K, reserved 1073152K
  class space    used 2539K, capacity 2726K, committed 2816K, reserved 1048576K
}
Event: 6.795 GC heap before
{Heap before GC invocations=5 (full 0):
 garbage-first heap   total 256000K, used 164709K [0x0000000707600000, 0x0000000800000000)
  region size 1024K, 150 young (153600K), 17 survivors (17408K)
 Metaspace       used 25159K, capacity 25732K, committed 26112K, reserved 1073152K
  class space    used 2543K, capacity 2734K, committed 2816K, reserved 1048576K
}
Event: 6.816 GC heap after
{Heap after GC invocations=6 (full 0):
 garbage-first heap   total 331776K, used 35257K [0x0000000707600000, 0x0000000800000000)
  region size 1024K, 8 young (8192K), 8 survivors (8192K)
 Metaspace       used 25159K, capacity 25732K, committed 26112K, reserved 1073152K
  class space    used 2543K, capacity 2734K, committed 2816K, reserved 1048576K
}

Deoptimization events (20 events):
Event: 7.326 Thread 0x00007f9364017000 Uncommon trap: trap_request=0xffffffbe fr.pc=0x00007f935472b5a0 relative=0x0000000000000aa0
Event: 7.326 Thread 0x00007f9364017000 Uncommon trap: reason=profile_predicate action=maybe_recompile pc=0x00007f935472b5a0 method=jdk.internal.jimage.ImageStringsReader.charsFromByteBuffer([CLjava/nio/ByteBuffer;)V @ 6 c2
Event: 7.326 Thread 0x00007f9364017000 DEOPT PACKING pc=0x00007f935472b5a0 sp=0x00007f9369f1aa20
Event: 7.326 Thread 0x00007f9364017000 DEOPT UNPACKING pc=0x00007f934c8b8ba5 sp=0x00007f9369f1a8f8 mode 2
Event: 7.326 Thread 0x00007f9364017000 Uncommon trap: trap_request=0xffffffbe fr.pc=0x00007f935472b5a0 relative=0x0000000000000aa0
Event: 7.326 Thread 0x00007f9364017000 Uncommon trap: reason=profile_predicate action=maybe_recompile pc=0x00007f935472b5a0 method=jdk.internal.jimage.ImageStringsReader.charsFromByteBuffer([CLjava/nio/ByteBuffer;)V @ 6 c2
Event: 7.326 Thread 0x00007f9364017000 DEOPT PACKING pc=0x00007f935472b5a0 sp=0x00007f9369f1aa20
Event: 7.326 Thread 0x00007f9364017000 DEOPT UNPACKING pc=0x00007f934c8b8ba5 sp=0x00007f9369f1a8f8 mode 2
Event: 7.441 Thread 0x00007f9364017000 Uncommon trap: trap_request=0xffffff4d fr.pc=0x00007f93546f56e0 relative=0x0000000000000e60
Event: 7.441 Thread 0x00007f9364017000 Uncommon trap: reason=unstable_if action=reinterpret pc=0x00007f93546f56e0 method=java.util.regex.Pattern.sequence(Ljava/util/regex/Pattern$Node;)Ljava/util/regex/Pattern$Node; @ 241 c2
Event: 7.441 Thread 0x00007f9364017000 DEOPT PACKING pc=0x00007f93546f56e0 sp=0x00007f9369f1b480
Event: 7.441 Thread 0x00007f9364017000 DEOPT UNPACKING pc=0x00007f934c8b8ba5 sp=0x00007f9369f1b428 mode 2
Event: 7.442 Thread 0x00007f9364017000 Uncommon trap: trap_request=0xffffff4d fr.pc=0x00007f93546f589c relative=0x000000000000101c
Event: 7.442 Thread 0x00007f9364017000 Uncommon trap: reason=unstable_if action=reinterpret pc=0x00007f93546f589c method=java.util.regex.Pattern.sequence(Ljava/util/regex/Pattern$Node;)Ljava/util/regex/Pattern$Node; @ 151 c2
Event: 7.442 Thread 0x00007f9364017000 DEOPT PACKING pc=0x00007f93546f589c sp=0x00007f9369f1b840
Event: 7.442 Thread 0x00007f9364017000 DEOPT UNPACKING pc=0x00007f934c8b8ba5 sp=0x00007f9369f1b7f0 mode 2
Event: 7.442 Thread 0x00007f9364017000 Uncommon trap: trap_request=0xffffff4d fr.pc=0x00007f935468cd3c relative=0x000000000000249c
Event: 7.442 Thread 0x00007f9364017000 Uncommon trap: reason=unstable_if action=reinterpret pc=0x00007f935468cd3c method=java.util.regex.Pattern.compile()V @ 369 c2
Event: 7.442 Thread 0x00007f9364017000 DEOPT PACKING pc=0x00007f935468cd3c sp=0x00007f9369f1b8a0
Event: 7.442 Thread 0x00007f9364017000 DEOPT UNPACKING pc=0x00007f934c8b8ba5 sp=0x00007f9369f1b880 mode 2

Classes redefined (0 events):
No events

Internal exceptions (16 events):
Event: 0.086 Thread 0x00007f9364017000 Exception <a 'java/security/PrivilegedActionException'{0x0000000716e29b00}> (0x0000000716e29b00) thrown at [src/hotspot/share/prims/jvm.cpp, line 1304]
Event: 0.086 Thread 0x00007f9364017000 Exception <a 'java/security/PrivilegedActionException'{0x0000000716e29dd0}> (0x0000000716e29dd0) thrown at [src/hotspot/share/prims/jvm.cpp, line 1304]
Event: 0.160 Thread 0x00007f9364017000 Exception <a 'java/lang/NoSuchMethodError'{0x0000000716c28780}: 'int java.lang.invoke.DirectMethodHandle$Holder.invokeSpecialIFC(java.lang.Object, java.lang.Object, int)'> (0x0000000716c28780) thrown at [src/hotspot/share/interpreter/linkResolver.cpp, line 772]
Event: 1.584 Thread 0x00007f9364017000 Exception <a 'java/lang/NoClassDefFoundError'{0x0000000714c520f8}: com/google/inject/servlet/ServletModuleTargetVisitor> (0x0000000714c520f8) thrown at [src/hotspot/share/classfile/systemDictionary.cpp, line 220]
Event: 1.584 Thread 0x00007f9364017000 Exception <a 'java/lang/NoClassDefFoundError'{0x0000000714c520f8}> (0x0000000714c520f8) thrown at [src/hotspot/share/prims/jvm.cpp, line 1310]
Event: 1.584 Thread 0x00007f9364017000 Exception <a 'java/lang/NoClassDefFoundError'{0x0000000714c54ce8}: javax/annotation/Priority> (0x0000000714c54ce8) thrown at [src/hotspot/share/classfile/systemDictionary.cpp, line 220]
Event: 1.896 Thread 0x00007f9364017000 Implicit null exception at 0x00007f9354380574 to 0x00007f9354380a74
Event: 1.896 Thread 0x00007f9364017000 Implicit null exception at 0x00007f935437f774 to 0x00007f935437fc98
Event: 3.014 Thread 0x00007f9364017000 Implicit null exception at 0x00007f93544b1ee6 to 0x00007f93544b26ac
Event: 3.823 Thread 0x00007f9364017000 Implicit null exception at 0x00007f93543c6175 to 0x00007f93543c6358
Event: 3.823 Thread 0x00007f9364017000 Implicit null exception at 0x00007f935440842f to 0x00007f93544084a9
Event: 7.236 Thread 0x00007f9364017000 Exception <a 'java/lang/NoSuchMethodError'{0x0000000718ed85f0}: 'int java.lang.invoke.DirectMethodHandle$Holder.invokeVirtual(java.lang.Object, java.lang.Object, java.lang.Object)'> (0x0000000718ed85f0) thrown at [src/hotspot/share/interpreter/linkResolver.cpp, line 772]
Event: 7.239 Thread 0x00007f9364017000 Implicit null exception at 0x00007f93546f1b71 to 0x00007f93546f1c30
Event: 7.314 Thread 0x00007f9364017000 Exception <a 'java/lang/NoSuchMethodError'{0x0000000718df21d8}: 'int java.lang.invoke.DirectMethodHandle$Holder.invokeStaticInit(java.lang.Object, java.lang.Object)'> (0x0000000718df21d8) thrown at [src/hotspot/share/interpreter/linkResolver.cpp, line 772]
Event: 7.386 Thread 0x00007f9364017000 Exception <a 'java/lang/NoSuchMethodError'{0x0000000718cbd9d8}: 'int java.lang.invoke.DirectMethodHandle$Holder.invokeVirtual(java.lang.Object, java.lang.Object)'> (0x0000000718cbd9d8) thrown at [src/hotspot/share/interpreter/linkResolver.cpp, line 772]
Event: 7.391 Thread 0x00007f9364017000 Exception <a 'java/lang/NoSuchMethodError'{0x0000000718cf8230}: 'java.lang.Object java.lang.invoke.Invokers$Holder.linkToTargetMethod(java.lang.Object, java.lang.Object, java.lang.Object, java.lang.Object, java.lang.Object, java.lang.Object)'> (0x0000000718cf8230) thrown at [src/hotspot/share/interpreter/linkResolver.cpp, line 772]

Events (20 events):
Event: 7.403 loading class jdk/internal/jrtfs/SystemImage$1
Event: 7.404 loading class jdk/internal/jrtfs/SystemImage$1 done
Event: 7.436 loading class javax/tools/JavaFileObject
Event: 7.436 loading class javax/tools/JavaFileObject done
Event: 7.436 loading class javax/tools/JavaFileObject
Event: 7.436 loading class javax/tools/JavaFileObject done
Event: 7.436 loading class sun/invoke/util/VerifyAccess$1
Event: 7.436 loading class sun/invoke/util/VerifyAccess$1 done
Event: 7.436 loading class com/sun/tools/javac/main/JavaCompiler
Event: 7.436 loading class com/sun/tools/javac/main/JavaCompiler done
Event: 7.437 loading class javax/tools/JavaFileObject
Event: 7.437 loading class javax/tools/JavaFileObject done
Event: 7.437 loading class com/sun/tools/javac/main/JavaCompiler
Event: 7.437 loading class com/sun/tools/javac/main/JavaCompiler done
Event: 7.441 loading class java/util/regex/Pattern$GroupCurly
Event: 7.441 loading class java/util/regex/Pattern$GroupCurly done
Event: 7.442 loading class java/util/regex/Pattern$StartS
Event: 7.442 loading class java/util/regex/Pattern$StartS done
Event: 7.442 Executing VM operation: Deoptimize
Event: 7.442 Executing VM operation: Deoptimize done


Dynamic libraries:
707600000-71ba00000 rw-p 00000000 00:00 0 
71ba00000-800000000 ---p 00000000 00:00 0 
800000000-800380000 rw-p 00000000 00:00 0 
800380000-840000000 ---p 00000000 00:00 0 
561d822fe000-561d822ff000 r--p 00000000 08:03 2365914                    /usr/lib/jvm/java-11-openjdk/bin/java
561d822ff000-561d82300000 r-xp 00001000 08:03 2365914                    /usr/lib/jvm/java-11-openjdk/bin/java
561d82300000-561d82301000 r--p 00002000 08:03 2365914                    /usr/lib/jvm/java-11-openjdk/bin/java
561d82301000-561d82302000 r--p 00002000 08:03 2365914                    /usr/lib/jvm/java-11-openjdk/bin/java
561d82302000-561d82303000 rw-p 00003000 08:03 2365914                    /usr/lib/jvm/java-11-openjdk/bin/java
561d82b90000-561d82bb1000 rw-p 00000000 00:00 0                          [heap]
7f92dc000000-7f92dc021000 rw-p 00000000 00:00 0 
7f92dc021000-7f92e0000000 ---p 00000000 00:00 0 
7f92e4000000-7f92e4021000 rw-p 00000000 00:00 0 
7f92e4021000-7f92e8000000 ---p 00000000 00:00 0 
7f92e8000000-7f92e8021000 rw-p 00000000 00:00 0 
7f92e8021000-7f92ec000000 ---p 00000000 00:00 0 
7f92ec000000-7f92ec021000 rw-p 00000000 00:00 0 
7f92ec021000-7f92f0000000 ---p 00000000 00:00 0 
7f92f0000000-7f92f0021000 rw-p 00000000 00:00 0 
7f92f0021000-7f92f4000000 ---p 00000000 00:00 0 
7f92f4000000-7f92f4fb9000 rw-p 00000000 00:00 0 
7f92f4fb9000-7f92f8000000 ---p 00000000 00:00 0 
7f92f8000000-7f92f8021000 rw-p 00000000 00:00 0 
7f92f8021000-7f92fc000000 ---p 00000000 00:00 0 
7f92fc000000-7f92fce9b000 rw-p 00000000 00:00 0 
7f92fce9b000-7f9300000000 ---p 00000000 00:00 0 
7f9300000000-7f9300021000 rw-p 00000000 00:00 0 
7f9300021000-7f9304000000 ---p 00000000 00:00 0 
7f93061ef000-7f93063ef000 rw-p 00000000 00:00 0 
7f93063ef000-7f93065ef000 rw-p 00000000 00:00 0 
7f93065ef000-7f93067ef000 rw-p 00000000 00:00 0 
7f93067ef000-7f93069ef000 rw-p 00000000 00:00 0 
7f93069ef000-7f93069f0000 ---p 00000000 00:00 0 
7f93069f0000-7f9306cf1000 rw-p 00000000 00:00 0 
7f9306cf1000-7f9306ef1000 rw-p 00000000 00:00 0 
7f9306ef1000-7f93070f1000 rw-p 00000000 00:00 0 
7f93070f1000-7f93072f1000 rw-p 00000000 00:00 0 
7f93072f1000-7f93072f2000 ---p 00000000 00:00 0 
7f93072f2000-7f93073f3000 rw-p 00000000 00:00 0 
7f93073f3000-7f93073f4000 ---p 00000000 00:00 0 
7f93073f4000-7f93074f5000 rw-p 00000000 00:00 0 
7f93074f5000-7f93074f6000 ---p 00000000 00:00 0 
7f93074f6000-7f93075f7000 rw-p 00000000 00:00 0 
7f93075f7000-7f93075f8000 ---p 00000000 00:00 0 
7f93075f8000-7f93076f9000 rw-p 00000000 00:00 0 
7f93076f9000-7f93076fa000 ---p 00000000 00:00 0 
7f93076fa000-7f93077fb000 rw-p 00000000 00:00 0 
7f93077fb000-7f93077ff000 ---p 00000000 00:00 0 
7f93077ff000-7f9307afc000 rw-p 00000000 00:00 0 
7f9307afc000-7f9307cfc000 rw-p 00000000 00:00 0 
7f9307cfc000-7f9307d00000 ---p 00000000 00:00 0 
7f9307d00000-7f9307dfd000 rw-p 00000000 00:00 0 
7f9307dfd000-7f9307e00000 r-xp 00000000 00:31 982                        /tmp/libjansi-1.17.1-6321322909697021483.so
7f9307e00000-7f9307fff000 ---p 00003000 00:31 982                        /tmp/libjansi-1.17.1-6321322909697021483.so
7f9307fff000-7f9308000000 rw-p 00002000 00:31 982                        /tmp/libjansi-1.17.1-6321322909697021483.so
7f9308000000-7f9308021000 rw-p 00000000 00:00 0 
7f9308021000-7f930c000000 ---p 00000000 00:00 0 
7f930c000000-7f930c021000 rw-p 00000000 00:00 0 
7f930c021000-7f9310000000 ---p 00000000 00:00 0 
7f9310000000-7f93112e1000 rw-p 00000000 00:00 0 
7f93112e1000-7f9314000000 ---p 00000000 00:00 0 
7f9314000000-7f931491c000 rw-p 00000000 00:00 0 
7f931491c000-7f9318000000 ---p 00000000 00:00 0 
7f9318000000-7f9318021000 rw-p 00000000 00:00 0 
7f9318021000-7f931c000000 ---p 00000000 00:00 0 
7f931c000000-7f931c021000 rw-p 00000000 00:00 0 
7f931c021000-7f9320000000 ---p 00000000 00:00 0 
7f9320000000-7f9320021000 rw-p 00000000 00:00 0 
7f9320021000-7f9324000000 ---p 00000000 00:00 0 
7f9324000000-7f9324021000 rw-p 00000000 00:00 0 
7f9324021000-7f9328000000 ---p 00000000 00:00 0 
7f9328000000-7f9328021000 rw-p 00000000 00:00 0 
7f9328021000-7f932c000000 ---p 00000000 00:00 0 
7f932c000000-7f932c055000 rw-p 00000000 00:00 0 
7f932c055000-7f9330000000 ---p 00000000 00:00 0 
7f9330000000-7f9330021000 rw-p 00000000 00:00 0 
7f9330021000-7f9334000000 ---p 00000000 00:00 0 
7f9334000000-7f9334021000 rw-p 00000000 00:00 0 
7f9334021000-7f9338000000 ---p 00000000 00:00 0 
7f9338088000-7f933808e000 r--p 00000000 08:03 2248506                    /usr/lib/libnss_mymachines.so.2
7f933808e000-7f93380bc000 r-xp 00006000 08:03 2248506                    /usr/lib/libnss_mymachines.so.2
7f93380bc000-7f93380cc000 r--p 00034000 08:03 2248506                    /usr/lib/libnss_mymachines.so.2
7f93380cc000-7f93380cf000 r--p 00043000 08:03 2248506                    /usr/lib/libnss_mymachines.so.2
7f93380cf000-7f93380d0000 rw-p 00046000 08:03 2248506                    /usr/lib/libnss_mymachines.so.2
7f93380d0000-7f9338102000 rw-p 00000000 00:00 0 
7f9338102000-7f9338106000 ---p 00000000 00:00 0 
7f9338106000-7f9338203000 rw-p 00000000 00:00 0 
7f9338203000-7f9338204000 ---p 00000000 00:00 0 
7f9338204000-7f9338305000 rw-p 00000000 00:00 0 
7f9338305000-7f9338309000 ---p 00000000 00:00 0 
7f9338309000-7f9338406000 rw-p 00000000 00:00 0 
7f9338406000-7f933840a000 ---p 00000000 00:00 0 
7f933840a000-7f9338507000 rw-p 00000000 00:00 0 
7f9338507000-7f933850b000 ---p 00000000 00:00 0 
7f933850b000-7f9338608000 rw-p 00000000 00:00 0 
7f9338608000-7f933860c000 ---p 00000000 00:00 0 
7f933860c000-7f9338709000 rw-p 00000000 00:00 0 
7f9338709000-7f933870d000 ---p 00000000 00:00 0 
7f933870d000-7f933880a000 rw-p 00000000 00:00 0 
7f933880a000-7f9338df3000 r--p 00000000 08:03 2256468                    /usr/lib/locale/locale-archive
7f9338df3000-7f9338df7000 ---p 00000000 00:00 0 
7f9338df7000-7f9338ef4000 rw-p 00000000 00:00 0 
7f9338ef4000-7f9338ef8000 ---p 00000000 00:00 0 
7f9338ef8000-7f9338ff5000 rw-p 00000000 00:00 0 
7f9338ff5000-7f9338ff6000 ---p 00000000 00:00 0 
7f9338ff6000-7f93398f7000 rw-p 00000000 00:00 0 
7f93398f7000-7f93398f8000 ---p 00000000 00:00 0 
7f93398f8000-7f93399f9000 rw-p 00000000 00:00 0 
7f93399f9000-7f93399fa000 ---p 00000000 00:00 0 
7f93399fa000-7f933c000000 rw-p 00000000 00:00 0 
7f933c000000-7f933c021000 rw-p 00000000 00:00 0 
7f933c021000-7f9340000000 ---p 00000000 00:00 0 
7f934002c000-7f93408c0000 rw-p 00000000 00:00 0 
7f93408c0000-7f93441d8000 ---p 00000000 00:00 0 
7f93441d8000-7f93446e8000 rw-p 00000000 00:00 0 
7f93446e8000-7f9348000000 ---p 00000000 00:00 0 
7f9348000000-7f9348021000 rw-p 00000000 00:00 0 
7f9348021000-7f934c000000 ---p 00000000 00:00 0 
7f934c010000-7f934c014000 r--p 00000000 08:03 2366006                    /usr/lib/jvm/java-11-openjdk/lib/libnet.so
7f934c014000-7f934c023000 r-xp 00004000 08:03 2366006                    /usr/lib/jvm/java-11-openjdk/lib/libnet.so
7f934c023000-7f934c027000 r--p 00013000 08:03 2366006                    /usr/lib/jvm/java-11-openjdk/lib/libnet.so
7f934c027000-7f934c028000 r--p 00016000 08:03 2366006                    /usr/lib/jvm/java-11-openjdk/lib/libnet.so
7f934c028000-7f934c029000 rw-p 00017000 08:03 2366006                    /usr/lib/jvm/java-11-openjdk/lib/libnet.so
7f934c029000-7f934c16f000 rw-p 00000000 00:00 0 
7f934c16f000-7f934c892000 ---p 00000000 00:00 0 
7f934c892000-7f934cb02000 rwxp 00000000 00:00 0 
7f934cb02000-7f934ce23000 ---p 00000000 00:00 0 
7f934ce23000-7f934daa3000 rwxp 00000000 00:00 0 
7f934daa3000-7f935435a000 ---p 00000000 00:00 0 
7f935435a000-7f935473a000 rwxp 00000000 00:00 0 
7f935473a000-7f935b892000 ---p 00000000 00:00 0 
7f935b892000-7f9364000000 r--s 00000000 08:03 2381013                    /usr/lib/jvm/java-11-openjdk/lib/modules
7f9364000000-7f93656b5000 rw-p 00000000 00:00 0 
7f93656b5000-7f9368000000 ---p 00000000 00:00 0 
7f936800d000-7f9368010000 r--p 00000000 08:03 2239439                    /usr/lib/libcap.so.2.49
7f9368010000-7f9368014000 r-xp 00003000 08:03 2239439                    /usr/lib/libcap.so.2.49
7f9368014000-7f9368016000 r--p 00007000 08:03 2239439                    /usr/lib/libcap.so.2.49
7f9368016000-7f9368017000 r--p 00008000 08:03 2239439                    /usr/lib/libcap.so.2.49
7f9368017000-7f9368018000 rw-p 00009000 08:03 2239439                    /usr/lib/libcap.so.2.49
7f9368018000-7f9368039000 rw-p 00000000 00:00 0 
7f9368039000-7f936803a000 ---p 00000000 00:00 0 
7f936803a000-7f936813b000 rw-p 00000000 00:00 0 
7f936813b000-7f936813c000 ---p 00000000 00:00 0 
7f936813c000-7f93683e0000 rw-p 00000000 00:00 0 
7f93683e0000-7f9368b03000 ---p 00000000 00:00 0 
7f9368b03000-7f9368ba5000 rw-p 00000000 00:00 0 
7f9368ba5000-7f93692c8000 ---p 00000000 00:00 0 
7f93692c8000-7f9369ad0000 rw-p 00000000 00:00 0 
7f9369ad0000-7f9369ad1000 ---p 00000000 00:00 0 
7f9369ad1000-7f9369bda000 rw-p 00000000 00:00 0 
7f9369bda000-7f9369cbd000 ---p 00000000 00:00 0 
7f9369cbd000-7f9369cd6000 rw-p 00000000 00:00 0 
7f9369cd6000-7f9369da8000 ---p 00000000 00:00 0 
7f9369da8000-7f9369dab000 r--p 00000000 08:03 2237834                    /usr/lib/libnss_files-2.33.so
7f9369dab000-7f9369db2000 r-xp 00003000 08:03 2237834                    /usr/lib/libnss_files-2.33.so
7f9369db2000-7f9369db4000 r--p 0000a000 08:03 2237834                    /usr/lib/libnss_files-2.33.so
7f9369db4000-7f9369db5000 r--p 0000b000 08:03 2237834                    /usr/lib/libnss_files-2.33.so
7f9369db5000-7f9369db6000 rw-p 0000c000 08:03 2237834                    /usr/lib/libnss_files-2.33.so
7f9369db6000-7f9369dbc000 rw-p 00000000 00:00 0 
7f9369dbd000-7f9369dc4000 r--p 00000000 08:03 2366009                    /usr/lib/jvm/java-11-openjdk/lib/libnio.so
7f9369dc4000-7f9369dcb000 r-xp 00007000 08:03 2366009                    /usr/lib/jvm/java-11-openjdk/lib/libnio.so
7f9369dcb000-7f9369dce000 r--p 0000e000 08:03 2366009                    /usr/lib/jvm/java-11-openjdk/lib/libnio.so
7f9369dce000-7f9369dcf000 r--p 00010000 08:03 2366009                    /usr/lib/jvm/java-11-openjdk/lib/libnio.so
7f9369dcf000-7f9369dd0000 rw-p 00011000 08:03 2366009                    /usr/lib/jvm/java-11-openjdk/lib/libnio.so
7f9369dd0000-7f9369dd5000 rw-p 00000000 00:00 0 
7f9369dd5000-7f9369ddc000 ---p 00000000 00:00 0 
7f9369ddc000-7f9369dde000 r--p 00000000 08:03 2381011                    /usr/lib/jvm/java-11-openjdk/lib/libzip.so
7f9369dde000-7f9369de2000 r-xp 00002000 08:03 2381011                    /usr/lib/jvm/java-11-openjdk/lib/libzip.so
7f9369de2000-7f9369de4000 r--p 00006000 08:03 2381011                    /usr/lib/jvm/java-11-openjdk/lib/libzip.so
7f9369de4000-7f9369de5000 r--p 00007000 08:03 2381011                    /usr/lib/jvm/java-11-openjdk/lib/libzip.so
7f9369de5000-7f9369de6000 rw-p 00008000 08:03 2381011                    /usr/lib/jvm/java-11-openjdk/lib/libzip.so
7f9369de6000-7f9369df4000 r--p 00000000 08:03 2365976                    /usr/lib/jvm/java-11-openjdk/lib/libjava.so
7f9369df4000-7f9369e09000 r-xp 0000e000 08:03 2365976                    /usr/lib/jvm/java-11-openjdk/lib/libjava.so
7f9369e09000-7f9369e10000 r--p 00023000 08:03 2365976                    /usr/lib/jvm/java-11-openjdk/lib/libjava.so
7f9369e10000-7f9369e11000 r--p 00029000 08:03 2365976                    /usr/lib/jvm/java-11-openjdk/lib/libjava.so
7f9369e11000-7f9369e12000 rw-p 0002a000 08:03 2365976                    /usr/lib/jvm/java-11-openjdk/lib/libjava.so
7f9369e12000-7f9369e13000 rw-p 00000000 00:00 0 
7f9369e13000-7f9369e16000 r--p 00000000 08:03 2246807                    /usr/lib/librt-2.33.so
7f9369e16000-7f9369e1a000 r-xp 00003000 08:03 2246807                    /usr/lib/librt-2.33.so
7f9369e1a000-7f9369e1c000 r--p 00007000 08:03 2246807                    /usr/lib/librt-2.33.so
7f9369e1c000-7f9369e1d000 r--p 00008000 08:03 2246807                    /usr/lib/librt-2.33.so
7f9369e1d000-7f9369e1e000 rw-p 00009000 08:03 2246807                    /usr/lib/librt-2.33.so
7f9369e1e000-7f9369e22000 ---p 00000000 00:00 0 
7f9369e22000-7f9369f1f000 rw-p 00000000 00:00 0 
7f9369f1f000-7f9369f22000 r--p 00000000 08:03 2232914                    /usr/lib/libgcc_s.so.1
7f9369f22000-7f9369f33000 r-xp 00003000 08:03 2232914                    /usr/lib/libgcc_s.so.1
7f9369f33000-7f9369f37000 r--p 00014000 08:03 2232914                    /usr/lib/libgcc_s.so.1
7f9369f37000-7f9369f38000 r--p 00017000 08:03 2232914                    /usr/lib/libgcc_s.so.1
7f9369f38000-7f9369f39000 rw-p 00018000 08:03 2232914                    /usr/lib/libgcc_s.so.1
7f9369f39000-7f9369f48000 r--p 00000000 08:03 2237809                    /usr/lib/libm-2.33.so
7f9369f48000-7f9369fe3000 r-xp 0000f000 08:03 2237809                    /usr/lib/libm-2.33.so
7f9369fe3000-7f936a07b000 r--p 000aa000 08:03 2237809                    /usr/lib/libm-2.33.so
7f936a07b000-7f936a07c000 ---p 00142000 08:03 2237809                    /usr/lib/libm-2.33.so
7f936a07c000-7f936a07d000 r--p 00142000 08:03 2237809                    /usr/lib/libm-2.33.so
7f936a07d000-7f936a07e000 rw-p 00143000 08:03 2237809                    /usr/lib/libm-2.33.so
7f936a07e000-7f936a114000 r--p 00000000 08:03 2234767                    /usr/lib/libstdc++.so.6.0.28
7f936a114000-7f936a200000 r-xp 00096000 08:03 2234767                    /usr/lib/libstdc++.so.6.0.28
7f936a200000-7f936a249000 r--p 00182000 08:03 2234767                    /usr/lib/libstdc++.so.6.0.28
7f936a249000-7f936a24a000 ---p 001cb000 08:03 2234767                    /usr/lib/libstdc++.so.6.0.28
7f936a24a000-7f936a257000 r--p 001cb000 08:03 2234767                    /usr/lib/libstdc++.so.6.0.28
7f936a257000-7f936a258000 rw-p 001d8000 08:03 2234767                    /usr/lib/libstdc++.so.6.0.28
7f936a258000-7f936a25b000 rw-p 00000000 00:00 0 
7f936a25b000-7f936a4cb000 r--p 00000000 08:03 2381025                    /usr/lib/jvm/java-11-openjdk/lib/server/libjvm.so
7f936a4cb000-7f936b0b7000 r-xp 00270000 08:03 2381025                    /usr/lib/jvm/java-11-openjdk/lib/server/libjvm.so
7f936b0b7000-7f936b2fa000 r--p 00e5c000 08:03 2381025                    /usr/lib/jvm/java-11-openjdk/lib/server/libjvm.so
7f936b2fa000-7f936b2fb000 ---p 0109f000 08:03 2381025                    /usr/lib/jvm/java-11-openjdk/lib/server/libjvm.so
7f936b2fb000-7f936b3b9000 r--p 0109f000 08:03 2381025                    /usr/lib/jvm/java-11-openjdk/lib/server/libjvm.so
7f936b3b9000-7f936b3f2000 rw-p 0115d000 08:03 2381025                    /usr/lib/jvm/java-11-openjdk/lib/server/libjvm.so
7f936b3f2000-7f936b44b000 rw-p 00000000 00:00 0 
7f936b44b000-7f936b452000 r--p 00000000 08:03 2245447                    /usr/lib/libpthread-2.33.so
7f936b452000-7f936b461000 r-xp 00007000 08:03 2245447                    /usr/lib/libpthread-2.33.so
7f936b461000-7f936b466000 r--p 00016000 08:03 2245447                    /usr/lib/libpthread-2.33.so
7f936b466000-7f936b467000 r--p 0001a000 08:03 2245447                    /usr/lib/libpthread-2.33.so
7f936b467000-7f936b468000 rw-p 0001b000 08:03 2245447                    /usr/lib/libpthread-2.33.so
7f936b468000-7f936b46c000 rw-p 00000000 00:00 0 
7f936b46c000-7f936b46e000 r--p 00000000 08:03 2237802                    /usr/lib/libdl-2.33.so
7f936b46e000-7f936b470000 r-xp 00002000 08:03 2237802                    /usr/lib/libdl-2.33.so
7f936b470000-7f936b471000 r--p 00004000 08:03 2237802                    /usr/lib/libdl-2.33.so
7f936b471000-7f936b472000 r--p 00004000 08:03 2237802                    /usr/lib/libdl-2.33.so
7f936b472000-7f936b473000 rw-p 00005000 08:03 2237802                    /usr/lib/libdl-2.33.so
7f936b473000-7f936b476000 r--p 00000000 08:03 2234818                    /usr/lib/libz.so.1.2.11
7f936b476000-7f936b484000 r-xp 00003000 08:03 2234818                    /usr/lib/libz.so.1.2.11
7f936b484000-7f936b48a000 r--p 00011000 08:03 2234818                    /usr/lib/libz.so.1.2.11
7f936b48a000-7f936b48b000 ---p 00017000 08:03 2234818                    /usr/lib/libz.so.1.2.11
7f936b48b000-7f936b48c000 r--p 00017000 08:03 2234818                    /usr/lib/libz.so.1.2.11
7f936b48c000-7f936b48d000 rw-p 00018000 08:03 2234818                    /usr/lib/libz.so.1.2.11
7f936b48d000-7f936b4b3000 r--p 00000000 08:03 2237794                    /usr/lib/libc-2.33.so
7f936b4b3000-7f936b5ff000 r-xp 00026000 08:03 2237794                    /usr/lib/libc-2.33.so
7f936b5ff000-7f936b64b000 r--p 00172000 08:03 2237794                    /usr/lib/libc-2.33.so
7f936b64b000-7f936b64e000 r--p 001bd000 08:03 2237794                    /usr/lib/libc-2.33.so
7f936b64e000-7f936b651000 rw-p 001c0000 08:03 2237794                    /usr/lib/libc-2.33.so
7f936b651000-7f936b65a000 rw-p 00000000 00:00 0 
7f936b65a000-7f936b65b000 r--p 00000000 08:03 2256462                    /usr/lib/libutil-2.33.so
7f936b65b000-7f936b65c000 r-xp 00001000 08:03 2256462                    /usr/lib/libutil-2.33.so
7f936b65c000-7f936b65d000 r--p 00002000 08:03 2256462                    /usr/lib/libutil-2.33.so
7f936b65d000-7f936b65e000 r--p 00002000 08:03 2256462                    /usr/lib/libutil-2.33.so
7f936b65e000-7f936b65f000 rw-p 00003000 08:03 2256462                    /usr/lib/libutil-2.33.so
7f936b65f000-7f936b667000 rw-s 00000000 00:31 979                        /tmp/hsperfdata_qihang/38930
7f936b667000-7f936b668000 ---p 00000000 00:00 0 
7f936b668000-7f936b669000 r--p 00000000 00:00 0 
7f936b669000-7f936b66b000 r--p 00000000 08:03 2365984                    /usr/lib/jvm/java-11-openjdk/lib/libjimage.so
7f936b66b000-7f936b66e000 r-xp 00002000 08:03 2365984                    /usr/lib/jvm/java-11-openjdk/lib/libjimage.so
7f936b66e000-7f936b66f000 r--p 00005000 08:03 2365984                    /usr/lib/jvm/java-11-openjdk/lib/libjimage.so
7f936b66f000-7f936b670000 ---p 00006000 08:03 2365984                    /usr/lib/jvm/java-11-openjdk/lib/libjimage.so
7f936b670000-7f936b671000 r--p 00006000 08:03 2365984                    /usr/lib/jvm/java-11-openjdk/lib/libjimage.so
7f936b671000-7f936b672000 rw-p 00007000 08:03 2365984                    /usr/lib/jvm/java-11-openjdk/lib/libjimage.so
7f936b672000-7f936b677000 r--p 00000000 08:03 2381008                    /usr/lib/jvm/java-11-openjdk/lib/libverify.so
7f936b677000-7f936b67e000 r-xp 00005000 08:03 2381008                    /usr/lib/jvm/java-11-openjdk/lib/libverify.so
7f936b67e000-7f936b680000 r--p 0000c000 08:03 2381008                    /usr/lib/jvm/java-11-openjdk/lib/libverify.so
7f936b680000-7f936b681000 ---p 0000e000 08:03 2381008                    /usr/lib/jvm/java-11-openjdk/lib/libverify.so
7f936b681000-7f936b683000 r--p 0000e000 08:03 2381008                    /usr/lib/jvm/java-11-openjdk/lib/libverify.so
7f936b683000-7f936b684000 rw-p 00010000 08:03 2381008                    /usr/lib/jvm/java-11-openjdk/lib/libverify.so
7f936b684000-7f936b687000 r--p 00000000 08:03 2365944                    /usr/lib/jvm/java-11-openjdk/lib/jli/libjli.so
7f936b687000-7f936b691000 r-xp 00003000 08:03 2365944                    /usr/lib/jvm/java-11-openjdk/lib/jli/libjli.so
7f936b691000-7f936b694000 r--p 0000d000 08:03 2365944                    /usr/lib/jvm/java-11-openjdk/lib/jli/libjli.so
7f936b694000-7f936b695000 ---p 00010000 08:03 2365944                    /usr/lib/jvm/java-11-openjdk/lib/jli/libjli.so
7f936b695000-7f936b696000 r--p 00010000 08:03 2365944                    /usr/lib/jvm/java-11-openjdk/lib/jli/libjli.so
7f936b696000-7f936b697000 rw-p 00011000 08:03 2365944                    /usr/lib/jvm/java-11-openjdk/lib/jli/libjli.so
7f936b697000-7f936b699000 rw-p 00000000 00:00 0 
7f936b699000-7f936b69a000 r--p 00000000 08:03 2237782                    /usr/lib/ld-2.33.so
7f936b69a000-7f936b6be000 r-xp 00001000 08:03 2237782                    /usr/lib/ld-2.33.so
7f936b6be000-7f936b6c7000 r--p 00025000 08:03 2237782                    /usr/lib/ld-2.33.so
7f936b6c8000-7f936b6ca000 r--p 0002e000 08:03 2237782                    /usr/lib/ld-2.33.so
7f936b6ca000-7f936b6cc000 rw-p 00030000 08:03 2237782                    /usr/lib/ld-2.33.so
7ffec52cc000-7ffec52ed000 rw-p 00000000 00:00 0                          [stack]
7ffec5300000-7ffec5304000 r--p 00000000 00:00 0                          [vvar]
7ffec5304000-7ffec5306000 r-xp 00000000 00:00 0                          [vdso]
ffffffffff600000-ffffffffff601000 --xp 00000000 00:00 0                  [vsyscall]


VM Arguments:
jvm_args: -Dmaven.multiModuleProjectDirectory=/home/qihang/IdeaProjects/SpringCloud/cloud2020 -Dmaven.home=/opt/intellij-idea-ultimate-edition/plugins/maven/lib/maven3 -Dclassworlds.conf=/opt/intellij-idea-ultimate-edition/plugins/maven/lib/maven3/bin/m2.conf -Dmaven.ext.class.path=/opt/intellij-idea-ultimate-edition/plugins/maven/lib/maven-event-listener.jar -Dfile.encoding=UTF-8 
java_command: org.codehaus.classworlds.Launcher -Didea.version=2020.3.3 install
java_class_path (initial): /opt/intellij-idea-ultimate-edition/plugins/maven/lib/maven3/boot/plexus-classworlds.license:/opt/intellij-idea-ultimate-edition/plugins/maven/lib/maven3/boot/plexus-classworlds-2.6.0.jar
Launcher Type: SUN_STANDARD

[Global flags]
     intx CICompilerCount                          = 4                                         {product} {ergonomic}
     uint ConcGCThreads                            = 2                                         {product} {ergonomic}
     uint G1ConcRefinementThreads                  = 8                                         {product} {ergonomic}
   size_t G1HeapRegionSize                         = 1048576                                   {product} {ergonomic}
    uintx GCDrainStackTargetSize                   = 64                                        {product} {ergonomic}
   size_t InitialHeapSize                          = 262144000                                 {product} {ergonomic}
   size_t MarkStackSize                            = 4194304                                   {product} {ergonomic}
   size_t MaxHeapSize                              = 4171235328                                {product} {ergonomic}
   size_t MaxNewSize                               = 2501902336                                {product} {ergonomic}
   size_t MinHeapDeltaBytes                        = 1048576                                   {product} {ergonomic}
    uintx NonNMethodCodeHeapSize                   = 5836300                                {pd product} {ergonomic}
    uintx NonProfiledCodeHeapSize                  = 122910970                              {pd product} {ergonomic}
    uintx ProfiledCodeHeapSize                     = 122910970                              {pd product} {ergonomic}
    uintx ReservedCodeCacheSize                    = 251658240                              {pd product} {ergonomic}
     bool SegmentedCodeCache                       = true                                      {product} {ergonomic}
     bool UseCompressedClassPointers               = true                                 {lp64_product} {ergonomic}
     bool UseCompressedOops                        = true                                 {lp64_product} {ergonomic}
     bool UseG1GC                                  = true                                      {product} {ergonomic}

Logging:
Log output configuration:
 #0: stdout all=warning uptime,level,tags
 #1: stderr all=off uptime,level,tags

Environment Variables:
PATH=/home/qihang/.local/bin:/usr/local/sbin:/usr/local/bin:/usr/bin:/opt/cxoffice/bin:/usr/lib/jvm/default/bin:/usr/bin/site_perl:/usr/bin/vendor_perl:/usr/bin/core_perl:/var/lib/snapd/snap/bin
SHELL=/bin/zsh
DISPLAY=:0
LANG=zh_CN.UTF-8

Signal Handlers:
SIGSEGV: [libjvm.so+0xde76b0], sa_mask[0]=11111111011111111101111111111110, sa_flags=SA_RESTART|SA_SIGINFO
SIGBUS: [libjvm.so+0xde76b0], sa_mask[0]=11111111011111111101111111111110, sa_flags=SA_RESTART|SA_SIGINFO
SIGFPE: [libjvm.so+0xde76b0], sa_mask[0]=11111111011111111101111111111110, sa_flags=SA_RESTART|SA_SIGINFO
SIGPIPE: [libjvm.so+0xbda8c0], sa_mask[0]=11111111011111111101111111111110, sa_flags=SA_RESTART|SA_SIGINFO
SIGXFSZ: [libjvm.so+0xbda8c0], sa_mask[0]=11111111011111111101111111111110, sa_flags=SA_RESTART|SA_SIGINFO
SIGILL: [libjvm.so+0xde76b0], sa_mask[0]=11111111011111111101111111111110, sa_flags=SA_RESTART|SA_SIGINFO
SIGUSR2: [libjvm.so+0xbda750], sa_mask[0]=00100000000000000000000000000000, sa_flags=SA_RESTART|SA_SIGINFO
SIGHUP: [libjvm.so+0xbdad30], sa_mask[0]=11111111011111111101111111111110, sa_flags=SA_RESTART|SA_SIGINFO
SIGINT: [libjvm.so+0xbdad30], sa_mask[0]=11111111011111111101111111111110, sa_flags=SA_RESTART|SA_SIGINFO
SIGTERM: [libjvm.so+0xbdad30], sa_mask[0]=11111111011111111101111111111110, sa_flags=SA_RESTART|SA_SIGINFO
SIGQUIT: [libjvm.so+0xbdad30], sa_mask[0]=11111111011111111101111111111110, sa_flags=SA_RESTART|SA_SIGINFO


---------------  S Y S T E M  ---------------

OS:DISTRIB_ID=ManjaroLinux
DISTRIB_RELEASE=21.0
DISTRIB_CODENAME=Ornara
DISTRIB_DESCRIPTION="Manjaro Linux"
uname:Linux 5.9.16-1-MANJARO #1 SMP PREEMPT Mon Dec 21 22:00:46 UTC 2020 x86_64
OS uptime: 0 days 6:12 hours
libc:glibc 2.33 NPTL 2.33 
rlimit (soft/hard): STACK 8192k/infinity , CORE infinity/infinity , NPROC 63551/63551 , NOFILE 524288/524288 , AS infinity/infinity , CPU infinity/infinity , DATA infinity/infinity , FSIZE infinity/infinity , MEMLOCK 64k/64k
load average:2.50 2.38 2.17

/proc/meminfo:
MemTotal:       16287304 kB
MemFree:         5150756 kB
MemAvailable:    7821800 kB
Buffers:          174556 kB
Cached:          3027528 kB
SwapCached:            0 kB
Active:          1035180 kB
Inactive:        9615704 kB
Active(anon):      10336 kB
Inactive(anon):  7789612 kB
Active(file):    1024844 kB
Inactive(file):  1826092 kB
Unevictable:        3848 kB
Mlocked:               0 kB
SwapTotal:       4194300 kB
SwapFree:        4194300 kB
Dirty:              5348 kB
Writeback:             0 kB
AnonPages:       7452896 kB
Mapped:           738948 kB
Shmem:            351156 kB
KReclaimable:     145388 kB
Slab:             231708 kB
SReclaimable:     145388 kB
SUnreclaim:        86320 kB
KernelStack:       20784 kB
PageTables:        45356 kB
NFS_Unstable:          0 kB
Bounce:                0 kB
WritebackTmp:          0 kB
CommitLimit:    12337952 kB
Committed_AS:   16173248 kB
VmallocTotal:   34359738367 kB
VmallocUsed:       84780 kB
VmallocChunk:          0 kB
Percpu:             4288 kB
HardwareCorrupted:     0 kB
AnonHugePages:         0 kB
ShmemHugePages:        0 kB
ShmemPmdMapped:        0 kB
FileHugePages:         0 kB
FilePmdMapped:         0 kB
HugePages_Total:       0
HugePages_Free:        0
HugePages_Rsvd:        0
HugePages_Surp:        0
Hugepagesize:       2048 kB
Hugetlb:               0 kB
DirectMap4k:      388684 kB
DirectMap2M:    12085248 kB
DirectMap1G:     4194304 kB

/sys/kernel/mm/transparent_hugepage/enabled:
always [madvise] never
/sys/kernel/mm/transparent_hugepage/defrag (defrag/compaction efforts parameter):
always defer defer+madvise [madvise] never

/proc/sys/kernel/threads-max (system-wide limit on the number of threads):
127103
/proc/sys/vm/max_map_count (maximum number of memory map areas a process may have):
65530
/proc/sys/kernel/pid_max (system-wide limit on number of process identifiers):
4194304

container (cgroup) information:
container_type: cgroupv1
cpu_cpuset_cpus: 0-7
cpu_memory_nodes: 0
active_processor_count: 8
cpu_quota: -1
cpu_period: 100000
cpu_shares: -1
memory_limit_in_bytes: -1
memory_and_swap_limit_in_bytes: -1
memory_soft_limit_in_bytes: -1
memory_usage_in_bytes: 9785262080
memory_max_usage_in_bytes: 10188083200

Steal ticks since vm start: 0
Steal ticks percentage since vm start:  0.000

CPU:total 8 (initial active 8) (4 cores per cpu, 2 threads per core) family 6 model 60 stepping 3 microcode 0x28, cmov, cx8, fxsr, mmx, sse, sse2, sse3, ssse3, sse4.1, sse4.2, popcnt, avx, avx2, aes, clmul, erms, lzcnt, ht, tsc, tscinvbit, bmi1, bmi2, fma
CPU Model and flags from /proc/cpuinfo:
model name	: Intel(R) Core(TM) i7-4790 CPU @ 3.60GHz
flags		: fpu vme de pse tsc msr pae mce cx8 apic sep mtrr pge mca cmov pat pse36 clflush dts acpi mmx fxsr sse sse2 ss ht tm pbe syscall nx pdpe1gb rdtscp lm constant_tsc arch_perfmon pebs bts rep_good nopl xtopology nonstop_tsc cpuid aperfmperf pni pclmulqdq dtes64 monitor ds_cpl vmx smx est tm2 ssse3 sdbg fma cx16 xtpr pdcm pcid sse4_1 sse4_2 x2apic movbe popcnt tsc_deadline_timer aes xsave avx f16c rdrand lahf_lm abm cpuid_fault invpcid_single pti ssbd ibrs ibpb stibp tpr_shadow vnmi flexpriority ept vpid ept_ad fsgsbase tsc_adjust bmi1 avx2 smep bmi2 erms invpcid xsaveopt dtherm ida arat pln pts md_clear flush_l1d
Online cpus:
0-7
Offline cpus:

BIOS frequency limitation:
<Not Available>
Frequency switch latency (ns):
20000
Available cpu frequencies:
<Not Available>
Current governor:
schedutil
Core performance/turbo boost:
<Not Available>

Memory: 4k page, physical 16287304k(5150756k free), swap 4194300k(4194300k free)

vm_info: OpenJDK 64-Bit Server VM (11.0.10+9) for linux-amd64 JRE (11.0.10+9), built on Jan 30 2021 00:48:05 by "builduser" with gcc 10.2.0

END.
