#
# A fatal error has been detected by the Java Runtime Environment:
#
#  SIGSEGV (0xb) at pc=0x00007feeacba446b, pid=38639, tid=38668
#
# JRE version: OpenJDK Runtime Environment (11.0.10+9) (build 11.0.10+9)
# Java VM: OpenJDK 64-Bit Server VM (11.0.10+9, mixed mode, tiered, compressed oops, g1 gc, linux-amd64)
# Problematic frame:
# V  [libjvm.so+0x59b46b]
#
# Core dump will be written. Default location: Core dumps may be processed with "/usr/lib/systemd/systemd-coredump %P %u %g %s %t %c %h" (or dumping to /home/qihang/IdeaProjects/SpringCloud/cloud2020/core.38639)
#
# If you would like to submit a bug report, please visit:
#   https://bugreport.java.com/bugreport/crash.jsp
#

---------------  S U M M A R Y ------------

Command Line: -Dmaven.multiModuleProjectDirectory=/home/qihang/IdeaProjects/SpringCloud/cloud2020 -Dmaven.home=/opt/intellij-idea-ultimate-edition/plugins/maven/lib/maven3 -Dclassworlds.conf=/opt/intellij-idea-ultimate-edition/plugins/maven/lib/maven3/bin/m2.conf -Dmaven.ext.class.path=/opt/intellij-idea-ultimate-edition/plugins/maven/lib/maven-event-listener.jar -Dfile.encoding=UTF-8 org.codehaus.classworlds.Launcher -Didea.version=2020.3.3 install

Host: Intel(R) Core(TM) i7-4790 CPU @ 3.60GHz, 8 cores, 15G, Manjaro Linux
Time: Mon Mar 29 14:28:11 2021 CST elapsed time: 5.049410 seconds (0d 0h 0m 5s)

---------------  T H R E A D  ---------------

Current thread (0x00007feea8218800):  JavaThread "C2 CompilerThread0" daemon [_thread_in_vm, id=38668, stack(0x00007fee7a88a000,0x00007fee7a98b000)]


Current CompileTask:
C2:   5049 4611   !   4       java.util.Formatter::format (280 bytes)

Stack: [0x00007fee7a88a000,0x00007fee7a98b000],  sp=0x00007fee7a9879f0,  free space=1014k
Native frames: (J=compiled Java code, A=aot compiled Java code, j=interpreted, Vv=VM code, C=native code)
V  [libjvm.so+0x59b46b]
V  [libjvm.so+0x59b748]
V  [libjvm.so+0x595f8a]
V  [libjvm.so+0x592c87]
V  [libjvm.so+0x58efc1]
V  [libjvm.so+0xc1609c]
V  [libjvm.so+0x54bacc]
V  [libjvm.so+0x710c0c]
V  [libjvm.so+0xc15679]
V  [libjvm.so+0xc15857]
V  [libjvm.so+0xc16545]
V  [libjvm.so+0x54bacc]
V  [libjvm.so+0x6253de]
V  [libjvm.so+0x54b2cc]
V  [libjvm.so+0x62e906]
V  [libjvm.so+0x62fb68]
V  [libjvm.so+0xd7b06a]
V  [libjvm.so+0xd775d1]
V  [libjvm.so+0xbe4791]


siginfo: si_signo: 11 (SIGSEGV), si_code: 1 (SEGV_MAPERR), si_addr: 0x0000002000000000

Register to memory mapping:

RAX=0x00007fee50000d08 points into unknown readable memory: 0x00007feea8218800 | 00 88 21 a8 ee 7f 00 00
RBX=0x00007feea8218800 is a thread
RCX=0x0000000000000020 is an unknown value
RDX=0x0 is NULL
RSP=0x00007fee7a9879f0 is pointing into the stack for thread: 0x00007feea8218800
RBP=0x00007fee7a987a20 is pointing into the stack for thread: 0x00007feea8218800
RSI=0x00007feea821a4d0 points into unknown readable memory: 0x0000000000000002 | 02 00 00 00 00 00 00 00
RDI=0x0000002000000000 is an unknown value
R8 =0x00007feea82198a0 points into unknown readable memory: 0x00007fee791a2d50 | 50 2d 1a 79 ee 7f 00 00
R9 =0x00007feea821a4d0 points into unknown readable memory: 0x0000000000000002 | 02 00 00 00 00 00 00 00
R10=0x0000000000000002 is an unknown value
R11=0x000000000000000d is an unknown value
R12=0x0000002000000000 is an unknown value
R13=0x00007fee440dfc20 points into unknown readable memory: 0x00007fee7a989a18 | 18 9a 98 7a ee 7f 00 00
R14=0x00007fee440dfc20 points into unknown readable memory: 0x00007fee7a989a18 | 18 9a 98 7a ee 7f 00 00
R15=0x0000000000000090 is an unknown value


Registers:
RAX=0x00007fee50000d08, RBX=0x00007feea8218800, RCX=0x0000000000000020, RDX=0x0000000000000000
RSP=0x00007fee7a9879f0, RBP=0x00007fee7a987a20, RSI=0x00007feea821a4d0, RDI=0x0000002000000000
R8 =0x00007feea82198a0, R9 =0x00007feea821a4d0, R10=0x0000000000000002, R11=0x000000000000000d
R12=0x0000002000000000, R13=0x00007fee440dfc20, R14=0x00007fee440dfc20, R15=0x0000000000000090
RIP=0x00007feeacba446b, EFLAGS=0x0000000000010202, CSGSFS=0x002b000000000033, ERR=0x0000000000000004
  TRAPNO=0x000000000000000e

Top of Stack: (sp=0x00007fee7a9879f0)
0x00007fee7a9879f0:   0000000000000000 00007feeada5a19c
0x00007fee7a987a00:   000000000000007b 0000002000000000
0x00007fee7a987a10:   00007feead76cd48 00007fee440dfc20
0x00007fee7a987a20:   00007fee7a987a60 00007feeacba4748 

Instructions: (pc=0x00007feeacba446b)
0x00007feeacba436b:   ed 49 89 5c 24 28 4c 89 ee bf 20 00 00 00 67 e8
0x00007feeacba437b:   a1 51 e7 ff 48 89 c3 48 85 c0 0f 84 a1 00 00 00
0x00007feeacba438b:   48 8b 05 56 54 8e 00 be 08 00 00 00 4c 89 6b 08
0x00007feeacba439b:   48 89 df c7 43 10 14 00 00 00 48 89 03 67 e8 92
0x00007feeacba43ab:   f6 25 00 8b 33 31 c9 48 89 43 18 48 89 c2 31 c0
0x00007feeacba43bb:   85 f6 7f 21 eb 2f 0f 1f 80 00 00 00 00 48 c7 02
0x00007feeacba43cb:   00 00 00 00 8b 33 83 c0 01 48 83 c1 08 39 f0 7d
0x00007feeacba43db:   14 48 8b 53 18 48 01 ca 75 e3 83 c0 01 48 83 c1
0x00007feeacba43eb:   08 39 f0 7c ec 8b 73 04 48 63 d0 48 c1 e2 03 39
0x00007feeacba43fb:   c6 7f 17 eb 2c 48 c7 07 00 00 00 00 8b 73 04 83
0x00007feeacba440b:   c0 01 48 83 c2 08 39 f0 7d 17 48 8b 4b 18 48 89
0x00007feeacba441b:   cf 48 01 d7 75 df 83 c0 01 48 83 c2 08 39 f0 7c
0x00007feeacba442b:   ed 49 89 5c 24 30 48 83 c4 18 5b 41 5c 41 5d 41
0x00007feeacba443b:   5e 41 5f 5d c3 55 48 89 e5 41 56 41 55 49 89 fd
0x00007feeacba444b:   41 54 49 89 f4 53 48 83 ec 10 66 48 8d 3d 83 2a
0x00007feeacba445b:   bc 00 66 48 ff 15 bb 24 bc 00 4c 89 e7 48 8b 18
0x00007feeacba446b:   49 8b 04 24 ff 50 08 84 c0 0f 84 8e 00 00 00 41
0x00007feeacba447b:   8b 44 24 08 85 c0 7f 4d 3d 00 00 00 c0 0f 8c c2
0x00007feeacba448b:   01 00 00 3d ff ff ff bf 0f 86 e7 01 00 00 49 8b
0x00007feeacba449b:   75 00 bf 30 00 00 00 67 e8 78 50 e7 ff 49 89 c5
0x00007feeacba44ab:   48 85 c0 74 43 4c 89 e6 48 89 c7 67 e8 b4 98 00
0x00007feeacba44bb:   00 48 83 c4 10 4c 89 e8 5b 41 5c 41 5d 41 5e 5d
0x00007feeacba44cb:   c3 0f 1f 40 00 49 8b 75 00 bf 88 00 00 00 67 e8
0x00007feeacba44db:   41 50 e7 ff 49 89 c5 48 85 c0 74 0c 4c 89 e6 48
0x00007feeacba44eb:   89 c7 67 e8 1d 30 fe ff 48 83 c4 10 4c 89 e8 5b
0x00007feeacba44fb:   41 5c 41 5d 41 5e 5d c3 0f 1f 44 00 00 49 8b 04
0x00007feeacba450b:   24 4c 89 e7 ff 50 10 84 c0 0f 84 ae 00 00 00 66
0x00007feeacba451b:   49 0f 6e c4 66 48 0f 6e cb 66 0f 6c c1 0f 29 45
0x00007feeacba452b:   d0 4d 85 e4 74 26 4c 8b b3 88 02 00 00 49 63 36
0x00007feeacba453b:   41 3b 76 04 0f 84 7b 01 00 00 8d 46 01 41 89 06
0x00007feeacba454b:   49 8b 46 18 4c 89 24 f0 4c 8b 65 d0 49 8b 44 24
0x00007feeacba455b:   08 48 8b 93 f0 04 00 00 48 8b 40 08 4c 8b 60 18 


Stack slot to memory mapping:
stack at sp + 0 slots: 0x0 is NULL
stack at sp + 1 slots: 0x00007feeada5a19c: <offset 0x000000000001319c> in /lib64/ld-linux-x86-64.so.2 at 0x00007feeada47000
stack at sp + 2 slots: 0x000000000000007b is an unknown value
stack at sp + 3 slots: 0x0000002000000000 is an unknown value
stack at sp + 4 slots: 0x00007feead76cd48: <offset 0x0000000001163d48> in /usr/lib/jvm/java-11-openjdk/lib/server/libjvm.so at 0x00007feeac609000
stack at sp + 5 slots: 0x00007fee440dfc20 points into unknown readable memory: 0x00007fee7a989a18 | 18 9a 98 7a ee 7f 00 00
stack at sp + 6 slots: 0x00007fee7a987a60 is pointing into the stack for thread: 0x00007feea8218800
stack at sp + 7 slots: 0x00007feeacba4748: <offset 0x000000000059b748> in /usr/lib/jvm/java-11-openjdk/lib/server/libjvm.so at 0x00007feeac609000


---------------  P R O C E S S  ---------------

Threads class SMR info:
_java_thread_list=0x00007fee54201620, length=11, elements={
0x00007feea8017000, 0x00007feea81fb800, 0x00007feea81ff800, 0x00007feea8214800,
0x00007feea8216800, 0x00007feea8218800, 0x00007feea821a800, 0x00007feea821c800,
0x00007feea82e4800, 0x00007fee54125000, 0x00007fee54200000
}

Java Threads: ( => current thread )
  0x00007feea8017000 JavaThread "main" [_thread_in_native, id=38640, stack(0x00007feeac1cc000,0x00007feeac2cd000)]
  0x00007feea81fb800 JavaThread "Reference Handler" daemon [_thread_blocked, id=38656, stack(0x00007fee7b277000,0x00007fee7b378000)]
  0x00007feea81ff800 JavaThread "Finalizer" daemon [_thread_blocked, id=38657, stack(0x00007fee7b176000,0x00007fee7b277000)]
  0x00007feea8214800 JavaThread "Signal Dispatcher" daemon [_thread_blocked, id=38666, stack(0x00007fee7aa8c000,0x00007fee7ab8d000)]
  0x00007feea8216800 JavaThread "Service Thread" daemon [_thread_blocked, id=38667, stack(0x00007fee7a98b000,0x00007fee7aa8c000)]
=>0x00007feea8218800 JavaThread "C2 CompilerThread0" daemon [_thread_in_vm, id=38668, stack(0x00007fee7a88a000,0x00007fee7a98b000)]
  0x00007feea821a800 JavaThread "C1 CompilerThread0" daemon [_thread_blocked, id=38669, stack(0x00007fee7a789000,0x00007fee7a88a000)]
  0x00007feea821c800 JavaThread "Sweeper thread" daemon [_thread_blocked, id=38670, stack(0x00007fee7a688000,0x00007fee7a789000)]
  0x00007feea82e4800 JavaThread "Common-Cleaner" daemon [_thread_blocked, id=38681, stack(0x00007fee7a485000,0x00007fee7a586000)]
  0x00007fee54125000 JavaThread "C2 CompilerThread1" daemon [_thread_in_native, id=38692, stack(0x00007fee7a181000,0x00007fee7a282000)]
  0x00007fee54200000 JavaThread "C2 CompilerThread2" daemon [_thread_in_native, id=38695, stack(0x00007fee79c80000,0x00007fee79d81000)]

Other Threads:
  0x00007feea81f3800 VMThread "VM Thread" [stack: 0x00007fee7b37a000,0x00007fee7b47a000] [id=38654]
  0x00007feea82d3000 WatcherThread [stack: 0x00007fee7a588000,0x00007fee7a688000] [id=38673]
  0x00007feea802e800 GCTaskThread "GC Thread#0" [stack: 0x00007fee906a7000,0x00007fee907a7000] [id=38644]
  0x00007fee6c001000 GCTaskThread "GC Thread#1" [stack: 0x00007fee79b80000,0x00007fee79c80000] [id=38697]
  0x00007fee6c002800 GCTaskThread "GC Thread#2" [stack: 0x00007fee79a7e000,0x00007fee79b7e000] [id=38698]
  0x00007fee6c004000 GCTaskThread "GC Thread#3" [stack: 0x00007fee7997c000,0x00007fee79a7c000] [id=38699]
  0x00007fee6c005800 GCTaskThread "GC Thread#4" [stack: 0x00007fee7987a000,0x00007fee7997a000] [id=38700]
  0x00007fee6c007800 GCTaskThread "GC Thread#5" [stack: 0x00007fee79778000,0x00007fee79878000] [id=38701]
  0x00007feea808c800 ConcurrentGCThread "G1 Main Marker" [stack: 0x00007fee8285e000,0x00007fee8295e000] [id=38646]
  0x00007feea808e800 ConcurrentGCThread "G1 Conc#0" [stack: 0x00007fee8275c000,0x00007fee8285c000] [id=38647]
  0x00007fee7c001000 ConcurrentGCThread "G1 Conc#1" [stack: 0x00007fee78e76000,0x00007fee78f76000] [id=38726]
  0x00007feea818e800 ConcurrentGCThread "G1 Refine#0" [stack: 0x00007fee7bdff000,0x00007fee7beff000] [id=38649]
  0x00007feea8190800 ConcurrentGCThread "G1 Young RemSet Sampling" [stack: 0x00007fee7bcfd000,0x00007fee7bdfd000] [id=38650]

Threads with active compile tasks:
C2 CompilerThread0   5052 4611   !   4       java.util.Formatter::format (280 bytes)
C2 CompilerThread1   5052 4461   !   4       java.io.BufferedReader::readLine (304 bytes)
C2 CompilerThread2   5052 4569       4       java.util.StringTokenizer::nextToken (92 bytes)

VM state:not at safepoint (normal execution)

VM Mutex/Monitor currently owned by a thread: None

Heap address: 0x0000000707600000, size: 3978 MB, Compressed Oops mode: Zero based, Oop shift amount: 3
Narrow klass base: 0x0000000800000000, Narrow klass shift: 0
Compressed class space size: 1073741824 Address: 0x0000000800000000

Heap:
 garbage-first heap   total 256000K, used 134826K [0x0000000707600000, 0x0000000800000000)
  region size 1024K, 122 young (124928K), 7 survivors (7168K)
 Metaspace       used 24958K, capacity 25635K, committed 26112K, reserved 1073152K
  class space    used 2539K, capacity 2726K, committed 2816K, reserved 1048576K
Heap Regions: E=young(eden), S=young(survivor), O=old, HS=humongous(starts), HC=humongous(continues), CS=collection set, F=free, A=archive, TAMS=top-at-mark-start (previous, next)
|   0|0x0000000707600000, 0x0000000707700000, 0x0000000707700000|100%| O|  |TAMS 0x000000070766dc00, 0x0000000707600000| Untracked 
|   1|0x0000000707700000, 0x0000000707800000, 0x0000000707800000|100%| O|  |TAMS 0x0000000707700000, 0x0000000707700000| Untracked 
|   2|0x0000000707800000, 0x0000000707900000, 0x0000000707900000|100%| O|  |TAMS 0x0000000707800000, 0x0000000707800000| Untracked 
|   3|0x0000000707900000, 0x0000000707a00000, 0x0000000707a00000|100%| O|  |TAMS 0x0000000707900000, 0x0000000707900000| Untracked 
|   4|0x0000000707a00000, 0x0000000707b00000, 0x0000000707b00000|100%| O|  |TAMS 0x0000000707a00000, 0x0000000707a00000| Untracked 
|   5|0x0000000707b00000, 0x0000000707c00000, 0x0000000707c00000|100%| O|  |TAMS 0x0000000707b00000, 0x0000000707b00000| Untracked 
|   6|0x0000000707c00000, 0x0000000707d00000, 0x0000000707d00000|100%| O|  |TAMS 0x0000000707c00000, 0x0000000707c00000| Untracked 
|   7|0x0000000707d00000, 0x0000000707e00000, 0x0000000707e00000|100%| O|  |TAMS 0x0000000707d00000, 0x0000000707d00000| Untracked 
|   8|0x0000000707e00000, 0x0000000707f00000, 0x0000000707f00000|100%| O|  |TAMS 0x0000000707e00000, 0x0000000707e00000| Untracked 
|   9|0x0000000707f00000, 0x0000000708000000, 0x0000000708000000|100%| O|  |TAMS 0x0000000707f00000, 0x0000000707f00000| Untracked 
|  10|0x0000000708000000, 0x0000000708100000, 0x0000000708100000|100%| O|  |TAMS 0x0000000708000000, 0x0000000708000000| Untracked 
|  11|0x0000000708100000, 0x0000000708165400, 0x0000000708200000| 39%| O|  |TAMS 0x0000000708100000, 0x0000000708100000| Untracked 
|  12|0x0000000708200000, 0x0000000708200000, 0x0000000708300000|  0%| F|  |TAMS 0x0000000708200000, 0x0000000708200000| Untracked 
|  13|0x0000000708300000, 0x0000000708300000, 0x0000000708400000|  0%| F|  |TAMS 0x0000000708300000, 0x0000000708300000| Untracked 
|  14|0x0000000708400000, 0x0000000708400000, 0x0000000708500000|  0%| F|  |TAMS 0x0000000708400000, 0x0000000708400000| Untracked 
|  15|0x0000000708500000, 0x0000000708500000, 0x0000000708600000|  0%| F|  |TAMS 0x0000000708500000, 0x0000000708500000| Untracked 
|  16|0x0000000708600000, 0x0000000708600000, 0x0000000708700000|  0%| F|  |TAMS 0x0000000708600000, 0x0000000708600000| Untracked 
|  17|0x0000000708700000, 0x0000000708700000, 0x0000000708800000|  0%| F|  |TAMS 0x0000000708700000, 0x0000000708700000| Untracked 
|  18|0x0000000708800000, 0x0000000708800000, 0x0000000708900000|  0%| F|  |TAMS 0x0000000708800000, 0x0000000708800000| Untracked 
|  19|0x0000000708900000, 0x0000000708900000, 0x0000000708a00000|  0%| F|  |TAMS 0x0000000708900000, 0x0000000708900000| Untracked 
|  20|0x0000000708a00000, 0x0000000708a00000, 0x0000000708b00000|  0%| F|  |TAMS 0x0000000708a00000, 0x0000000708a00000| Untracked 
|  21|0x0000000708b00000, 0x0000000708b00000, 0x0000000708c00000|  0%| F|  |TAMS 0x0000000708b00000, 0x0000000708b00000| Untracked 
|  22|0x0000000708c00000, 0x0000000708c00000, 0x0000000708d00000|  0%| F|  |TAMS 0x0000000708c00000, 0x0000000708c00000| Untracked 
|  23|0x0000000708d00000, 0x0000000708d00000, 0x0000000708e00000|  0%| F|  |TAMS 0x0000000708d00000, 0x0000000708d00000| Untracked 
|  24|0x0000000708e00000, 0x0000000708e00000, 0x0000000708f00000|  0%| F|  |TAMS 0x0000000708e00000, 0x0000000708e00000| Untracked 
|  25|0x0000000708f00000, 0x0000000708f00000, 0x0000000709000000|  0%| F|  |TAMS 0x0000000708f00000, 0x0000000708f00000| Untracked 
|  26|0x0000000709000000, 0x0000000709000000, 0x0000000709100000|  0%| F|  |TAMS 0x0000000709000000, 0x0000000709000000| Untracked 
|  27|0x0000000709100000, 0x0000000709100000, 0x0000000709200000|  0%| F|  |TAMS 0x0000000709100000, 0x0000000709100000| Untracked 
|  28|0x0000000709200000, 0x0000000709200000, 0x0000000709300000|  0%| F|  |TAMS 0x0000000709200000, 0x0000000709200000| Untracked 
|  29|0x0000000709300000, 0x0000000709300000, 0x0000000709400000|  0%| F|  |TAMS 0x0000000709300000, 0x0000000709300000| Untracked 
|  30|0x0000000709400000, 0x0000000709400000, 0x0000000709500000|  0%| F|  |TAMS 0x0000000709400000, 0x0000000709400000| Untracked 
|  31|0x0000000709500000, 0x0000000709500000, 0x0000000709600000|  0%| F|  |TAMS 0x0000000709500000, 0x0000000709500000| Untracked 
|  32|0x0000000709600000, 0x0000000709600000, 0x0000000709700000|  0%| F|  |TAMS 0x0000000709600000, 0x0000000709600000| Untracked 
|  33|0x0000000709700000, 0x0000000709700000, 0x0000000709800000|  0%| F|  |TAMS 0x0000000709700000, 0x0000000709700000| Untracked 
|  34|0x0000000709800000, 0x0000000709800000, 0x0000000709900000|  0%| F|  |TAMS 0x0000000709800000, 0x0000000709800000| Untracked 
|  35|0x0000000709900000, 0x0000000709900000, 0x0000000709a00000|  0%| F|  |TAMS 0x0000000709900000, 0x0000000709900000| Untracked 
|  36|0x0000000709a00000, 0x0000000709a00000, 0x0000000709b00000|  0%| F|  |TAMS 0x0000000709a00000, 0x0000000709a00000| Untracked 
|  37|0x0000000709b00000, 0x0000000709b00000, 0x0000000709c00000|  0%| F|  |TAMS 0x0000000709b00000, 0x0000000709b00000| Untracked 
|  38|0x0000000709c00000, 0x0000000709c00000, 0x0000000709d00000|  0%| F|  |TAMS 0x0000000709c00000, 0x0000000709c00000| Untracked 
|  39|0x0000000709d00000, 0x0000000709d00000, 0x0000000709e00000|  0%| F|  |TAMS 0x0000000709d00000, 0x0000000709d00000| Untracked 
|  40|0x0000000709e00000, 0x0000000709e00000, 0x0000000709f00000|  0%| F|  |TAMS 0x0000000709e00000, 0x0000000709e00000| Untracked 
|  41|0x0000000709f00000, 0x0000000709f00000, 0x000000070a000000|  0%| F|  |TAMS 0x0000000709f00000, 0x0000000709f00000| Untracked 
|  42|0x000000070a000000, 0x000000070a000000, 0x000000070a100000|  0%| F|  |TAMS 0x000000070a000000, 0x000000070a000000| Untracked 
|  43|0x000000070a100000, 0x000000070a100000, 0x000000070a200000|  0%| F|  |TAMS 0x000000070a100000, 0x000000070a100000| Untracked 
|  44|0x000000070a200000, 0x000000070a200000, 0x000000070a300000|  0%| F|  |TAMS 0x000000070a200000, 0x000000070a200000| Untracked 
|  45|0x000000070a300000, 0x000000070a300000, 0x000000070a400000|  0%| F|  |TAMS 0x000000070a300000, 0x000000070a300000| Untracked 
|  46|0x000000070a400000, 0x000000070a400000, 0x000000070a500000|  0%| F|  |TAMS 0x000000070a400000, 0x000000070a400000| Untracked 
|  47|0x000000070a500000, 0x000000070a500000, 0x000000070a600000|  0%| F|  |TAMS 0x000000070a500000, 0x000000070a500000| Untracked 
|  48|0x000000070a600000, 0x000000070a600000, 0x000000070a700000|  0%| F|  |TAMS 0x000000070a600000, 0x000000070a600000| Untracked 
|  49|0x000000070a700000, 0x000000070a700000, 0x000000070a800000|  0%| F|  |TAMS 0x000000070a700000, 0x000000070a700000| Untracked 
|  50|0x000000070a800000, 0x000000070a800000, 0x000000070a900000|  0%| F|  |TAMS 0x000000070a800000, 0x000000070a800000| Untracked 
|  51|0x000000070a900000, 0x000000070a900000, 0x000000070aa00000|  0%| F|  |TAMS 0x000000070a900000, 0x000000070a900000| Untracked 
|  52|0x000000070aa00000, 0x000000070aa00000, 0x000000070ab00000|  0%| F|  |TAMS 0x000000070aa00000, 0x000000070aa00000| Untracked 
|  53|0x000000070ab00000, 0x000000070ab00000, 0x000000070ac00000|  0%| F|  |TAMS 0x000000070ab00000, 0x000000070ab00000| Untracked 
|  54|0x000000070ac00000, 0x000000070ac00000, 0x000000070ad00000|  0%| F|  |TAMS 0x000000070ac00000, 0x000000070ac00000| Untracked 
|  55|0x000000070ad00000, 0x000000070ad00000, 0x000000070ae00000|  0%| F|  |TAMS 0x000000070ad00000, 0x000000070ad00000| Untracked 
|  56|0x000000070ae00000, 0x000000070ae00000, 0x000000070af00000|  0%| F|  |TAMS 0x000000070ae00000, 0x000000070ae00000| Untracked 
|  57|0x000000070af00000, 0x000000070af00000, 0x000000070b000000|  0%| F|  |TAMS 0x000000070af00000, 0x000000070af00000| Untracked 
|  58|0x000000070b000000, 0x000000070b000000, 0x000000070b100000|  0%| F|  |TAMS 0x000000070b000000, 0x000000070b000000| Untracked 
|  59|0x000000070b100000, 0x000000070b100000, 0x000000070b200000|  0%| F|  |TAMS 0x000000070b100000, 0x000000070b100000| Untracked 
|  60|0x000000070b200000, 0x000000070b200000, 0x000000070b300000|  0%| F|  |TAMS 0x000000070b200000, 0x000000070b200000| Untracked 
|  61|0x000000070b300000, 0x000000070b300000, 0x000000070b400000|  0%| F|  |TAMS 0x000000070b300000, 0x000000070b300000| Untracked 
|  62|0x000000070b400000, 0x000000070b400000, 0x000000070b500000|  0%| F|  |TAMS 0x000000070b400000, 0x000000070b400000| Untracked 
|  63|0x000000070b500000, 0x000000070b500000, 0x000000070b600000|  0%| F|  |TAMS 0x000000070b500000, 0x000000070b500000| Untracked 
|  64|0x000000070b600000, 0x000000070b600000, 0x000000070b700000|  0%| F|  |TAMS 0x000000070b600000, 0x000000070b600000| Untracked 
|  65|0x000000070b700000, 0x000000070b700000, 0x000000070b800000|  0%| F|  |TAMS 0x000000070b700000, 0x000000070b700000| Untracked 
|  66|0x000000070b800000, 0x000000070b800000, 0x000000070b900000|  0%| F|  |TAMS 0x000000070b800000, 0x000000070b800000| Untracked 
|  67|0x000000070b900000, 0x000000070b900000, 0x000000070ba00000|  0%| F|  |TAMS 0x000000070b900000, 0x000000070b900000| Untracked 
|  68|0x000000070ba00000, 0x000000070ba00000, 0x000000070bb00000|  0%| F|  |TAMS 0x000000070ba00000, 0x000000070ba00000| Untracked 
|  69|0x000000070bb00000, 0x000000070bb00000, 0x000000070bc00000|  0%| F|  |TAMS 0x000000070bb00000, 0x000000070bb00000| Untracked 
|  70|0x000000070bc00000, 0x000000070bc00000, 0x000000070bd00000|  0%| F|  |TAMS 0x000000070bc00000, 0x000000070bc00000| Untracked 
|  71|0x000000070bd00000, 0x000000070bd00000, 0x000000070be00000|  0%| F|  |TAMS 0x000000070bd00000, 0x000000070bd00000| Untracked 
|  72|0x000000070be00000, 0x000000070be00000, 0x000000070bf00000|  0%| F|  |TAMS 0x000000070be00000, 0x000000070be00000| Untracked 
|  73|0x000000070bf00000, 0x000000070bf00000, 0x000000070c000000|  0%| F|  |TAMS 0x000000070bf00000, 0x000000070bf00000| Untracked 
|  74|0x000000070c000000, 0x000000070c000000, 0x000000070c100000|  0%| F|  |TAMS 0x000000070c000000, 0x000000070c000000| Untracked 
|  75|0x000000070c100000, 0x000000070c100000, 0x000000070c200000|  0%| F|  |TAMS 0x000000070c100000, 0x000000070c100000| Untracked 
|  76|0x000000070c200000, 0x000000070c200000, 0x000000070c300000|  0%| F|  |TAMS 0x000000070c200000, 0x000000070c200000| Untracked 
|  77|0x000000070c300000, 0x000000070c300000, 0x000000070c400000|  0%| F|  |TAMS 0x000000070c300000, 0x000000070c300000| Untracked 
|  78|0x000000070c400000, 0x000000070c400000, 0x000000070c500000|  0%| F|  |TAMS 0x000000070c400000, 0x000000070c400000| Untracked 
|  79|0x000000070c500000, 0x000000070c500000, 0x000000070c600000|  0%| F|  |TAMS 0x000000070c500000, 0x000000070c500000| Untracked 
|  80|0x000000070c600000, 0x000000070c600000, 0x000000070c700000|  0%| F|  |TAMS 0x000000070c600000, 0x000000070c600000| Untracked 
|  81|0x000000070c700000, 0x000000070c700000, 0x000000070c800000|  0%| F|  |TAMS 0x000000070c700000, 0x000000070c700000| Untracked 
|  82|0x000000070c800000, 0x000000070c800000, 0x000000070c900000|  0%| F|  |TAMS 0x000000070c800000, 0x000000070c800000| Untracked 
|  83|0x000000070c900000, 0x000000070c900000, 0x000000070ca00000|  0%| F|  |TAMS 0x000000070c900000, 0x000000070c900000| Untracked 
|  84|0x000000070ca00000, 0x000000070ca00000, 0x000000070cb00000|  0%| F|  |TAMS 0x000000070ca00000, 0x000000070ca00000| Untracked 
|  85|0x000000070cb00000, 0x000000070cb00000, 0x000000070cc00000|  0%| F|  |TAMS 0x000000070cb00000, 0x000000070cb00000| Untracked 
|  86|0x000000070cc00000, 0x000000070cc00000, 0x000000070cd00000|  0%| F|  |TAMS 0x000000070cc00000, 0x000000070cc00000| Untracked 
|  87|0x000000070cd00000, 0x000000070cd00000, 0x000000070ce00000|  0%| F|  |TAMS 0x000000070cd00000, 0x000000070cd00000| Untracked 
|  88|0x000000070ce00000, 0x000000070ce00000, 0x000000070cf00000|  0%| F|  |TAMS 0x000000070ce00000, 0x000000070ce00000| Untracked 
|  89|0x000000070cf00000, 0x000000070cf00000, 0x000000070d000000|  0%| F|  |TAMS 0x000000070cf00000, 0x000000070cf00000| Untracked 
|  90|0x000000070d000000, 0x000000070d000000, 0x000000070d100000|  0%| F|  |TAMS 0x000000070d000000, 0x000000070d000000| Untracked 
|  91|0x000000070d100000, 0x000000070d100000, 0x000000070d200000|  0%| F|  |TAMS 0x000000070d100000, 0x000000070d100000| Untracked 
|  92|0x000000070d200000, 0x000000070d200000, 0x000000070d300000|  0%| F|  |TAMS 0x000000070d200000, 0x000000070d200000| Untracked 
|  93|0x000000070d300000, 0x000000070d300000, 0x000000070d400000|  0%| F|  |TAMS 0x000000070d300000, 0x000000070d300000| Untracked 
|  94|0x000000070d400000, 0x000000070d400000, 0x000000070d500000|  0%| F|  |TAMS 0x000000070d400000, 0x000000070d400000| Untracked 
|  95|0x000000070d500000, 0x000000070d500000, 0x000000070d600000|  0%| F|  |TAMS 0x000000070d500000, 0x000000070d500000| Untracked 
|  96|0x000000070d600000, 0x000000070d600000, 0x000000070d700000|  0%| F|  |TAMS 0x000000070d600000, 0x000000070d600000| Untracked 
|  97|0x000000070d700000, 0x000000070d700000, 0x000000070d800000|  0%| F|  |TAMS 0x000000070d700000, 0x000000070d700000| Untracked 
|  98|0x000000070d800000, 0x000000070d800000, 0x000000070d900000|  0%| F|  |TAMS 0x000000070d800000, 0x000000070d800000| Untracked 
|  99|0x000000070d900000, 0x000000070d900000, 0x000000070da00000|  0%| F|  |TAMS 0x000000070d900000, 0x000000070d900000| Untracked 
| 100|0x000000070da00000, 0x000000070da00000, 0x000000070db00000|  0%| F|  |TAMS 0x000000070da00000, 0x000000070da00000| Untracked 
| 101|0x000000070db00000, 0x000000070db00000, 0x000000070dc00000|  0%| F|  |TAMS 0x000000070db00000, 0x000000070db00000| Untracked 
| 102|0x000000070dc00000, 0x000000070dc00000, 0x000000070dd00000|  0%| F|  |TAMS 0x000000070dc00000, 0x000000070dc00000| Untracked 
| 103|0x000000070dd00000, 0x000000070dd00000, 0x000000070de00000|  0%| F|  |TAMS 0x000000070dd00000, 0x000000070dd00000| Untracked 
| 104|0x000000070de00000, 0x000000070de00000, 0x000000070df00000|  0%| F|  |TAMS 0x000000070de00000, 0x000000070de00000| Untracked 
| 105|0x000000070df00000, 0x000000070df00000, 0x000000070e000000|  0%| F|  |TAMS 0x000000070df00000, 0x000000070df00000| Untracked 
| 106|0x000000070e000000, 0x000000070e000000, 0x000000070e100000|  0%| F|  |TAMS 0x000000070e000000, 0x000000070e000000| Untracked 
| 107|0x000000070e100000, 0x000000070e100000, 0x000000070e200000|  0%| F|  |TAMS 0x000000070e100000, 0x000000070e100000| Untracked 
| 108|0x000000070e200000, 0x000000070e200000, 0x000000070e300000|  0%| F|  |TAMS 0x000000070e200000, 0x000000070e200000| Untracked 
| 109|0x000000070e300000, 0x000000070e300000, 0x000000070e400000|  0%| F|  |TAMS 0x000000070e300000, 0x000000070e300000| Untracked 
| 110|0x000000070e400000, 0x000000070e400000, 0x000000070e500000|  0%| F|  |TAMS 0x000000070e400000, 0x000000070e400000| Untracked 
| 111|0x000000070e500000, 0x000000070e500000, 0x000000070e600000|  0%| F|  |TAMS 0x000000070e500000, 0x000000070e500000| Untracked 
| 112|0x000000070e600000, 0x000000070e600000, 0x000000070e700000|  0%| F|  |TAMS 0x000000070e600000, 0x000000070e600000| Untracked 
| 113|0x000000070e700000, 0x000000070e700000, 0x000000070e800000|  0%| F|  |TAMS 0x000000070e700000, 0x000000070e700000| Untracked 
| 114|0x000000070e800000, 0x000000070e800000, 0x000000070e900000|  0%| F|  |TAMS 0x000000070e800000, 0x000000070e800000| Untracked 
| 115|0x000000070e900000, 0x000000070e900000, 0x000000070ea00000|  0%| F|  |TAMS 0x000000070e900000, 0x000000070e900000| Untracked 
| 116|0x000000070ea00000, 0x000000070ea00000, 0x000000070eb00000|  0%| F|  |TAMS 0x000000070ea00000, 0x000000070ea00000| Untracked 
| 117|0x000000070eb00000, 0x000000070eb00000, 0x000000070ec00000|  0%| F|  |TAMS 0x000000070eb00000, 0x000000070eb00000| Untracked 
| 118|0x000000070ec00000, 0x000000070ec00000, 0x000000070ed00000|  0%| F|  |TAMS 0x000000070ec00000, 0x000000070ec00000| Untracked 
| 119|0x000000070ed00000, 0x000000070ed00000, 0x000000070ee00000|  0%| F|  |TAMS 0x000000070ed00000, 0x000000070ed00000| Untracked 
| 120|0x000000070ee00000, 0x000000070ee00000, 0x000000070ef00000|  0%| F|  |TAMS 0x000000070ee00000, 0x000000070ee00000| Untracked 
| 121|0x000000070ef00000, 0x000000070ef00000, 0x000000070f000000|  0%| F|  |TAMS 0x000000070ef00000, 0x000000070ef00000| Untracked 
| 122|0x000000070f000000, 0x000000070f000000, 0x000000070f100000|  0%| F|  |TAMS 0x000000070f000000, 0x000000070f000000| Untracked 
| 123|0x000000070f100000, 0x000000070f100000, 0x000000070f200000|  0%| F|  |TAMS 0x000000070f100000, 0x000000070f100000| Untracked 
| 124|0x000000070f200000, 0x000000070f200000, 0x000000070f300000|  0%| F|  |TAMS 0x000000070f200000, 0x000000070f200000| Untracked 
| 125|0x000000070f300000, 0x000000070f300000, 0x000000070f400000|  0%| F|  |TAMS 0x000000070f300000, 0x000000070f300000| Untracked 
| 126|0x000000070f400000, 0x000000070f400000, 0x000000070f500000|  0%| F|  |TAMS 0x000000070f400000, 0x000000070f400000| Untracked 
| 127|0x000000070f500000, 0x000000070f500000, 0x000000070f600000|  0%| F|  |TAMS 0x000000070f500000, 0x000000070f500000| Untracked 
| 128|0x000000070f600000, 0x000000070f680800, 0x000000070f700000| 50%| E|  |TAMS 0x000000070f600000, 0x000000070f600000| Complete 
| 129|0x000000070f700000, 0x000000070f800000, 0x000000070f800000|100%| E|CS|TAMS 0x000000070f700000, 0x000000070f700000| Complete 
| 130|0x000000070f800000, 0x000000070f900000, 0x000000070f900000|100%| E|CS|TAMS 0x000000070f800000, 0x000000070f800000| Complete 
| 131|0x000000070f900000, 0x000000070fa00000, 0x000000070fa00000|100%| E|CS|TAMS 0x000000070f900000, 0x000000070f900000| Complete 
| 132|0x000000070fa00000, 0x000000070fb00000, 0x000000070fb00000|100%| E|CS|TAMS 0x000000070fa00000, 0x000000070fa00000| Complete 
| 133|0x000000070fb00000, 0x000000070fc00000, 0x000000070fc00000|100%| E|CS|TAMS 0x000000070fb00000, 0x000000070fb00000| Complete 
| 134|0x000000070fc00000, 0x000000070fc455d8, 0x000000070fd00000| 27%| S|CS|TAMS 0x000000070fc00000, 0x000000070fc00000| Complete 
| 135|0x000000070fd00000, 0x000000070fe00000, 0x000000070fe00000|100%| S|CS|TAMS 0x000000070fd00000, 0x000000070fd00000| Complete 
| 136|0x000000070fe00000, 0x000000070ff00000, 0x000000070ff00000|100%| S|CS|TAMS 0x000000070fe00000, 0x000000070fe00000| Complete 
| 137|0x000000070ff00000, 0x0000000710000000, 0x0000000710000000|100%| S|CS|TAMS 0x000000070ff00000, 0x000000070ff00000| Complete 
| 138|0x0000000710000000, 0x0000000710100000, 0x0000000710100000|100%| S|CS|TAMS 0x0000000710000000, 0x0000000710000000| Complete 
| 139|0x0000000710100000, 0x0000000710200000, 0x0000000710200000|100%| S|CS|TAMS 0x0000000710100000, 0x0000000710100000| Complete 
| 140|0x0000000710200000, 0x0000000710300000, 0x0000000710300000|100%| E|CS|TAMS 0x0000000710200000, 0x0000000710200000| Complete 
| 141|0x0000000710300000, 0x0000000710400000, 0x0000000710400000|100%| E|CS|TAMS 0x0000000710300000, 0x0000000710300000| Complete 
| 142|0x0000000710400000, 0x0000000710500000, 0x0000000710500000|100%| E|CS|TAMS 0x0000000710400000, 0x0000000710400000| Complete 
| 143|0x0000000710500000, 0x0000000710600000, 0x0000000710600000|100%| E|CS|TAMS 0x0000000710500000, 0x0000000710500000| Complete 
| 144|0x0000000710600000, 0x0000000710700000, 0x0000000710700000|100%| E|CS|TAMS 0x0000000710600000, 0x0000000710600000| Complete 
| 145|0x0000000710700000, 0x0000000710800000, 0x0000000710800000|100%| E|CS|TAMS 0x0000000710700000, 0x0000000710700000| Complete 
| 146|0x0000000710800000, 0x0000000710900000, 0x0000000710900000|100%| E|CS|TAMS 0x0000000710800000, 0x0000000710800000| Complete 
| 147|0x0000000710900000, 0x0000000710a00000, 0x0000000710a00000|100%| E|CS|TAMS 0x0000000710900000, 0x0000000710900000| Complete 
| 148|0x0000000710a00000, 0x0000000710b00000, 0x0000000710b00000|100%| E|CS|TAMS 0x0000000710a00000, 0x0000000710a00000| Complete 
| 149|0x0000000710b00000, 0x0000000710c00000, 0x0000000710c00000|100%| E|CS|TAMS 0x0000000710b00000, 0x0000000710b00000| Complete 
| 150|0x0000000710c00000, 0x0000000710d00000, 0x0000000710d00000|100%| E|CS|TAMS 0x0000000710c00000, 0x0000000710c00000| Complete 
| 151|0x0000000710d00000, 0x0000000710e00000, 0x0000000710e00000|100%| E|CS|TAMS 0x0000000710d00000, 0x0000000710d00000| Complete 
| 152|0x0000000710e00000, 0x0000000710f00000, 0x0000000710f00000|100%| S|CS|TAMS 0x0000000710e00000, 0x0000000710e00000| Complete 
| 153|0x0000000710f00000, 0x0000000711000000, 0x0000000711000000|100%| E|CS|TAMS 0x0000000710f00000, 0x0000000710f00000| Complete 
| 154|0x0000000711000000, 0x0000000711100000, 0x0000000711100000|100%| E|CS|TAMS 0x0000000711000000, 0x0000000711000000| Complete 
| 155|0x0000000711100000, 0x0000000711200000, 0x0000000711200000|100%| E|CS|TAMS 0x0000000711100000, 0x0000000711100000| Complete 
| 156|0x0000000711200000, 0x0000000711300000, 0x0000000711300000|100%| E|CS|TAMS 0x0000000711200000, 0x0000000711200000| Complete 
| 157|0x0000000711300000, 0x0000000711400000, 0x0000000711400000|100%| E|CS|TAMS 0x0000000711300000, 0x0000000711300000| Complete 
| 158|0x0000000711400000, 0x0000000711500000, 0x0000000711500000|100%| E|CS|TAMS 0x0000000711400000, 0x0000000711400000| Complete 
| 159|0x0000000711500000, 0x0000000711600000, 0x0000000711600000|100%| E|CS|TAMS 0x0000000711500000, 0x0000000711500000| Complete 
| 160|0x0000000711600000, 0x0000000711700000, 0x0000000711700000|100%| E|CS|TAMS 0x0000000711600000, 0x0000000711600000| Complete 
| 161|0x0000000711700000, 0x0000000711800000, 0x0000000711800000|100%| E|CS|TAMS 0x0000000711700000, 0x0000000711700000| Complete 
| 162|0x0000000711800000, 0x0000000711900000, 0x0000000711900000|100%| E|CS|TAMS 0x0000000711800000, 0x0000000711800000| Complete 
| 163|0x0000000711900000, 0x0000000711a00000, 0x0000000711a00000|100%| E|CS|TAMS 0x0000000711900000, 0x0000000711900000| Complete 
| 164|0x0000000711a00000, 0x0000000711b00000, 0x0000000711b00000|100%| E|CS|TAMS 0x0000000711a00000, 0x0000000711a00000| Complete 
| 165|0x0000000711b00000, 0x0000000711c00000, 0x0000000711c00000|100%| E|CS|TAMS 0x0000000711b00000, 0x0000000711b00000| Complete 
| 166|0x0000000711c00000, 0x0000000711d00000, 0x0000000711d00000|100%| E|CS|TAMS 0x0000000711c00000, 0x0000000711c00000| Complete 
| 167|0x0000000711d00000, 0x0000000711e00000, 0x0000000711e00000|100%| E|CS|TAMS 0x0000000711d00000, 0x0000000711d00000| Complete 
| 168|0x0000000711e00000, 0x0000000711f00000, 0x0000000711f00000|100%| E|CS|TAMS 0x0000000711e00000, 0x0000000711e00000| Complete 
| 169|0x0000000711f00000, 0x0000000712000000, 0x0000000712000000|100%| E|CS|TAMS 0x0000000711f00000, 0x0000000711f00000| Complete 
| 170|0x0000000712000000, 0x0000000712100000, 0x0000000712100000|100%| E|CS|TAMS 0x0000000712000000, 0x0000000712000000| Complete 
| 171|0x0000000712100000, 0x0000000712200000, 0x0000000712200000|100%| E|CS|TAMS 0x0000000712100000, 0x0000000712100000| Complete 
| 172|0x0000000712200000, 0x0000000712300000, 0x0000000712300000|100%| E|CS|TAMS 0x0000000712200000, 0x0000000712200000| Complete 
| 173|0x0000000712300000, 0x0000000712400000, 0x0000000712400000|100%| E|CS|TAMS 0x0000000712300000, 0x0000000712300000| Complete 
| 174|0x0000000712400000, 0x0000000712500000, 0x0000000712500000|100%| E|CS|TAMS 0x0000000712400000, 0x0000000712400000| Complete 
| 175|0x0000000712500000, 0x0000000712600000, 0x0000000712600000|100%| E|CS|TAMS 0x0000000712500000, 0x0000000712500000| Complete 
| 176|0x0000000712600000, 0x0000000712700000, 0x0000000712700000|100%| E|CS|TAMS 0x0000000712600000, 0x0000000712600000| Complete 
| 177|0x0000000712700000, 0x0000000712800000, 0x0000000712800000|100%| E|CS|TAMS 0x0000000712700000, 0x0000000712700000| Complete 
| 178|0x0000000712800000, 0x0000000712900000, 0x0000000712900000|100%| E|CS|TAMS 0x0000000712800000, 0x0000000712800000| Complete 
| 179|0x0000000712900000, 0x0000000712a00000, 0x0000000712a00000|100%| E|CS|TAMS 0x0000000712900000, 0x0000000712900000| Complete 
| 180|0x0000000712a00000, 0x0000000712b00000, 0x0000000712b00000|100%| E|CS|TAMS 0x0000000712a00000, 0x0000000712a00000| Complete 
| 181|0x0000000712b00000, 0x0000000712c00000, 0x0000000712c00000|100%| E|CS|TAMS 0x0000000712b00000, 0x0000000712b00000| Complete 
| 182|0x0000000712c00000, 0x0000000712d00000, 0x0000000712d00000|100%| E|CS|TAMS 0x0000000712c00000, 0x0000000712c00000| Complete 
| 183|0x0000000712d00000, 0x0000000712e00000, 0x0000000712e00000|100%| E|CS|TAMS 0x0000000712d00000, 0x0000000712d00000| Complete 
| 184|0x0000000712e00000, 0x0000000712f00000, 0x0000000712f00000|100%| E|CS|TAMS 0x0000000712e00000, 0x0000000712e00000| Complete 
| 185|0x0000000712f00000, 0x0000000713000000, 0x0000000713000000|100%| E|CS|TAMS 0x0000000712f00000, 0x0000000712f00000| Complete 
| 186|0x0000000713000000, 0x0000000713100000, 0x0000000713100000|100%| E|CS|TAMS 0x0000000713000000, 0x0000000713000000| Complete 
| 187|0x0000000713100000, 0x0000000713200000, 0x0000000713200000|100%| E|CS|TAMS 0x0000000713100000, 0x0000000713100000| Complete 
| 188|0x0000000713200000, 0x0000000713300000, 0x0000000713300000|100%| E|CS|TAMS 0x0000000713200000, 0x0000000713200000| Complete 
| 189|0x0000000713300000, 0x0000000713400000, 0x0000000713400000|100%| E|CS|TAMS 0x0000000713300000, 0x0000000713300000| Complete 
| 190|0x0000000713400000, 0x0000000713500000, 0x0000000713500000|100%| E|CS|TAMS 0x0000000713400000, 0x0000000713400000| Complete 
| 191|0x0000000713500000, 0x0000000713600000, 0x0000000713600000|100%| E|CS|TAMS 0x0000000713500000, 0x0000000713500000| Complete 
| 192|0x0000000713600000, 0x0000000713700000, 0x0000000713700000|100%| E|CS|TAMS 0x0000000713600000, 0x0000000713600000| Complete 
| 193|0x0000000713700000, 0x0000000713800000, 0x0000000713800000|100%| E|CS|TAMS 0x0000000713700000, 0x0000000713700000| Complete 
| 194|0x0000000713800000, 0x0000000713900000, 0x0000000713900000|100%| E|CS|TAMS 0x0000000713800000, 0x0000000713800000| Complete 
| 195|0x0000000713900000, 0x0000000713a00000, 0x0000000713a00000|100%| E|CS|TAMS 0x0000000713900000, 0x0000000713900000| Complete 
| 196|0x0000000713a00000, 0x0000000713b00000, 0x0000000713b00000|100%| E|CS|TAMS 0x0000000713a00000, 0x0000000713a00000| Complete 
| 197|0x0000000713b00000, 0x0000000713c00000, 0x0000000713c00000|100%| E|CS|TAMS 0x0000000713b00000, 0x0000000713b00000| Complete 
| 198|0x0000000713c00000, 0x0000000713d00000, 0x0000000713d00000|100%| E|CS|TAMS 0x0000000713c00000, 0x0000000713c00000| Complete 
| 199|0x0000000713d00000, 0x0000000713e00000, 0x0000000713e00000|100%| E|CS|TAMS 0x0000000713d00000, 0x0000000713d00000| Complete 
| 200|0x0000000713e00000, 0x0000000713f00000, 0x0000000713f00000|100%| E|CS|TAMS 0x0000000713e00000, 0x0000000713e00000| Complete 
| 201|0x0000000713f00000, 0x0000000714000000, 0x0000000714000000|100%| E|CS|TAMS 0x0000000713f00000, 0x0000000713f00000| Complete 
| 202|0x0000000714000000, 0x0000000714100000, 0x0000000714100000|100%| E|CS|TAMS 0x0000000714000000, 0x0000000714000000| Complete 
| 203|0x0000000714100000, 0x0000000714200000, 0x0000000714200000|100%| E|CS|TAMS 0x0000000714100000, 0x0000000714100000| Complete 
| 204|0x0000000714200000, 0x0000000714300000, 0x0000000714300000|100%| E|CS|TAMS 0x0000000714200000, 0x0000000714200000| Complete 
| 205|0x0000000714300000, 0x0000000714400000, 0x0000000714400000|100%| E|CS|TAMS 0x0000000714300000, 0x0000000714300000| Complete 
| 206|0x0000000714400000, 0x0000000714500000, 0x0000000714500000|100%| E|CS|TAMS 0x0000000714400000, 0x0000000714400000| Complete 
| 207|0x0000000714500000, 0x0000000714600000, 0x0000000714600000|100%| E|CS|TAMS 0x0000000714500000, 0x0000000714500000| Complete 
| 208|0x0000000714600000, 0x0000000714700000, 0x0000000714700000|100%| E|CS|TAMS 0x0000000714600000, 0x0000000714600000| Complete 
| 209|0x0000000714700000, 0x0000000714800000, 0x0000000714800000|100%| E|CS|TAMS 0x0000000714700000, 0x0000000714700000| Complete 
| 210|0x0000000714800000, 0x0000000714900000, 0x0000000714900000|100%| E|CS|TAMS 0x0000000714800000, 0x0000000714800000| Complete 
| 211|0x0000000714900000, 0x0000000714a00000, 0x0000000714a00000|100%| E|CS|TAMS 0x0000000714900000, 0x0000000714900000| Complete 
| 212|0x0000000714a00000, 0x0000000714b00000, 0x0000000714b00000|100%| E|CS|TAMS 0x0000000714a00000, 0x0000000714a00000| Complete 
| 213|0x0000000714b00000, 0x0000000714c00000, 0x0000000714c00000|100%| E|CS|TAMS 0x0000000714b00000, 0x0000000714b00000| Complete 
| 214|0x0000000714c00000, 0x0000000714d00000, 0x0000000714d00000|100%| E|CS|TAMS 0x0000000714c00000, 0x0000000714c00000| Complete 
| 215|0x0000000714d00000, 0x0000000714e00000, 0x0000000714e00000|100%| E|CS|TAMS 0x0000000714d00000, 0x0000000714d00000| Complete 
| 216|0x0000000714e00000, 0x0000000714f00000, 0x0000000714f00000|100%| E|CS|TAMS 0x0000000714e00000, 0x0000000714e00000| Complete 
| 217|0x0000000714f00000, 0x0000000715000000, 0x0000000715000000|100%| E|CS|TAMS 0x0000000714f00000, 0x0000000714f00000| Complete 
| 218|0x0000000715000000, 0x0000000715100000, 0x0000000715100000|100%| E|CS|TAMS 0x0000000715000000, 0x0000000715000000| Complete 
| 219|0x0000000715100000, 0x0000000715200000, 0x0000000715200000|100%| E|CS|TAMS 0x0000000715100000, 0x0000000715100000| Complete 
| 220|0x0000000715200000, 0x0000000715300000, 0x0000000715300000|100%| E|CS|TAMS 0x0000000715200000, 0x0000000715200000| Complete 
| 221|0x0000000715300000, 0x0000000715400000, 0x0000000715400000|100%| E|CS|TAMS 0x0000000715300000, 0x0000000715300000| Complete 
| 222|0x0000000715400000, 0x0000000715500000, 0x0000000715500000|100%| E|CS|TAMS 0x0000000715400000, 0x0000000715400000| Complete 
| 223|0x0000000715500000, 0x0000000715600000, 0x0000000715600000|100%| E|CS|TAMS 0x0000000715500000, 0x0000000715500000| Complete 
| 224|0x0000000715600000, 0x0000000715700000, 0x0000000715700000|100%| E|CS|TAMS 0x0000000715600000, 0x0000000715600000| Complete 
| 225|0x0000000715700000, 0x0000000715800000, 0x0000000715800000|100%| E|CS|TAMS 0x0000000715700000, 0x0000000715700000| Complete 
| 226|0x0000000715800000, 0x0000000715900000, 0x0000000715900000|100%| E|CS|TAMS 0x0000000715800000, 0x0000000715800000| Complete 
| 227|0x0000000715900000, 0x0000000715a00000, 0x0000000715a00000|100%| E|CS|TAMS 0x0000000715900000, 0x0000000715900000| Complete 
| 228|0x0000000715a00000, 0x0000000715b00000, 0x0000000715b00000|100%| E|CS|TAMS 0x0000000715a00000, 0x0000000715a00000| Complete 
| 229|0x0000000715b00000, 0x0000000715c00000, 0x0000000715c00000|100%| E|CS|TAMS 0x0000000715b00000, 0x0000000715b00000| Complete 
| 230|0x0000000715c00000, 0x0000000715d00000, 0x0000000715d00000|100%| E|CS|TAMS 0x0000000715c00000, 0x0000000715c00000| Complete 
| 231|0x0000000715d00000, 0x0000000715e00000, 0x0000000715e00000|100%| E|CS|TAMS 0x0000000715d00000, 0x0000000715d00000| Complete 
| 232|0x0000000715e00000, 0x0000000715f00000, 0x0000000715f00000|100%| E|CS|TAMS 0x0000000715e00000, 0x0000000715e00000| Complete 
| 233|0x0000000715f00000, 0x0000000716000000, 0x0000000716000000|100%| E|CS|TAMS 0x0000000715f00000, 0x0000000715f00000| Complete 
| 234|0x0000000716000000, 0x0000000716100000, 0x0000000716100000|100%| E|CS|TAMS 0x0000000716000000, 0x0000000716000000| Complete 
| 235|0x0000000716100000, 0x0000000716200000, 0x0000000716200000|100%| E|CS|TAMS 0x0000000716100000, 0x0000000716100000| Complete 
| 236|0x0000000716200000, 0x0000000716300000, 0x0000000716300000|100%| E|CS|TAMS 0x0000000716200000, 0x0000000716200000| Complete 
| 237|0x0000000716300000, 0x0000000716400000, 0x0000000716400000|100%| E|CS|TAMS 0x0000000716300000, 0x0000000716300000| Complete 
| 238|0x0000000716400000, 0x0000000716500000, 0x0000000716500000|100%| E|CS|TAMS 0x0000000716400000, 0x0000000716400000| Complete 
| 239|0x0000000716500000, 0x0000000716600000, 0x0000000716600000|100%| E|CS|TAMS 0x0000000716500000, 0x0000000716500000| Complete 
| 240|0x0000000716600000, 0x0000000716700000, 0x0000000716700000|100%| E|CS|TAMS 0x0000000716600000, 0x0000000716600000| Complete 
| 241|0x0000000716700000, 0x0000000716800000, 0x0000000716800000|100%| E|CS|TAMS 0x0000000716700000, 0x0000000716700000| Complete 
| 242|0x0000000716800000, 0x0000000716900000, 0x0000000716900000|100%| E|CS|TAMS 0x0000000716800000, 0x0000000716800000| Complete 
| 243|0x0000000716900000, 0x0000000716a00000, 0x0000000716a00000|100%| E|CS|TAMS 0x0000000716900000, 0x0000000716900000| Complete 
| 244|0x0000000716a00000, 0x0000000716b00000, 0x0000000716b00000|100%| E|CS|TAMS 0x0000000716a00000, 0x0000000716a00000| Complete 
| 245|0x0000000716b00000, 0x0000000716c00000, 0x0000000716c00000|100%| E|CS|TAMS 0x0000000716b00000, 0x0000000716b00000| Complete 
| 246|0x0000000716c00000, 0x0000000716d00000, 0x0000000716d00000|100%| E|CS|TAMS 0x0000000716c00000, 0x0000000716c00000| Complete 
| 247|0x0000000716d00000, 0x0000000716e00000, 0x0000000716e00000|100%| E|CS|TAMS 0x0000000716d00000, 0x0000000716d00000| Complete 
| 248|0x0000000716e00000, 0x0000000716f00000, 0x0000000716f00000|100%| E|CS|TAMS 0x0000000716e00000, 0x0000000716e00000| Complete 
| 249|0x0000000716f00000, 0x0000000717000000, 0x0000000717000000|100%| E|CS|TAMS 0x0000000716f00000, 0x0000000716f00000| Complete 

Card table byte_map: [0x00007fee8ae74000,0x00007fee8b639000] _byte_map_base: 0x00007fee87639000

Marking Bits (Prev, Next): (CMBitMap*) 0x00007feea807c4f0, (CMBitMap*) 0x00007feea807c4b8
 Prev Bits: [0x00007fee82a5f000, 0x00007fee86887000)
 Next Bits: [0x00007fee86887000, 0x00007fee8a6af000)

Polling page: 0x00007feeada15000

Metaspace:

Usage:
  Non-class:     22.37 MB capacity,    21.89 MB ( 98%) used,   458.81 KB (  2%) free+waste,    31.38 KB ( <1%) overhead. 
      Class:      2.66 MB capacity,     2.48 MB ( 93%) used,   174.55 KB (  6%) free+waste,    12.19 KB ( <1%) overhead. 
       Both:     25.03 MB capacity,    24.37 MB ( 97%) used,   633.37 KB (  2%) free+waste,    43.56 KB ( <1%) overhead. 

Virtual space:
  Non-class space:       24.00 MB reserved,      22.75 MB ( 95%) committed 
      Class space:        1.00 GB reserved,       2.75 MB ( <1%) committed 
             Both:        1.02 GB reserved,      25.50 MB (  2%) committed 

Chunk freelists:
   Non-Class:  243.00 KB
       Class:  0 bytes
        Both:  243.00 KB

MaxMetaspaceSize: unlimited
CompressedClassSpaceSize: 1.00 GB

CodeHeap 'non-profiled nmethods': size=120032Kb used=2849Kb max_used=2849Kb free=117182Kb
 bounds [0x00007fee9835a000, 0x00007fee9862a000, 0x00007fee9f892000]
CodeHeap 'profiled nmethods': size=120028Kb used=11297Kb max_used=11297Kb free=108731Kb
 bounds [0x00007fee90e23000, 0x00007fee91933000, 0x00007fee9835a000]
CodeHeap 'non-nmethods': size=5700Kb used=1098Kb max_used=1166Kb free=4601Kb
 bounds [0x00007fee90892000, 0x00007fee90b02000, 0x00007fee90e23000]
 total_blobs=5017 nmethods=4597 adapters=332
 compilation: enabled
              stopped_count=0, restarted_count=0
 full_count=0

Compilation events (20 events):
Event: 5.033 Thread 0x00007feea821a800 4602       3       org.eclipse.aether.util.graph.transformer.SimpleOptionalitySelector::selectOptionality (18 bytes)
Event: 5.033 Thread 0x00007fee54200000 nmethod 4599% 0x00007fee9861c390 code [0x00007fee9861c540, 0x00007fee9861c6b8]
Event: 5.033 Thread 0x00007fee54200000 4585       4       java.util.Collections$UnmodifiableCollection$1::next (10 bytes)
Event: 5.033 Thread 0x00007feea821a800 nmethod 4602 0x00007fee9192a490 code [0x00007fee9192a660, 0x00007fee9192a8e0]
Event: 5.033 Thread 0x00007feea821a800 4604       3       org.eclipse.aether.graph.DefaultDependencyNode::setOptional (30 bytes)
Event: 5.033 Thread 0x00007fee54200000 nmethod 4585 0x00007fee9861c810 code [0x00007fee9861c9a0, 0x00007fee9861ca38]
Event: 5.033 Thread 0x00007fee54200000 4592       4       org.eclipse.aether.artifact.AbstractArtifact::equals (139 bytes)
Event: 5.033 Thread 0x00007feea821a800 nmethod 4604 0x00007fee9192aa10 code [0x00007fee9192ac20, 0x00007fee9192b1e0]
Event: 5.041 Thread 0x00007fee54200000 nmethod 4592 0x00007fee9861cb10 code [0x00007fee9861cce0, 0x00007fee9861d648]
Event: 5.041 Thread 0x00007fee54200000 4590       4       java.util.HashMap::entrySet (27 bytes)
Event: 5.041 Thread 0x00007feea8218800 nmethod 4547 0x00007fee9861da10 code [0x00007fee9861dd20, 0x00007fee98620110]
Event: 5.041 Thread 0x00007feea8218800 4589       4       java.lang.Object::equals (11 bytes)
Event: 5.042 Thread 0x00007feea8218800 nmethod 4589 0x00007fee98620f10 code [0x00007fee986210a0, 0x00007fee98621118]
Event: 5.042 Thread 0x00007feea8218800 4546       4       java.lang.Boolean::parseBoolean (7 bytes)
Event: 5.043 Thread 0x00007fee54200000 nmethod 4590 0x00007fee98621190 code [0x00007fee98621320, 0x00007fee986214d8]
Event: 5.043 Thread 0x00007fee54200000 4587       4       java.util.Arrays$ArrayList::iterator (12 bytes)
Event: 5.044 Thread 0x00007fee54200000 nmethod 4587 0x00007fee98621590 code [0x00007fee98621720, 0x00007fee98621878]
Event: 5.044 Thread 0x00007fee54200000 4569       4       java.util.StringTokenizer::nextToken (92 bytes)
Event: 5.048 Thread 0x00007feea8218800 nmethod 4546 0x00007fee98621910 code [0x00007fee98621ac0, 0x00007fee98622058]
Event: 5.048 Thread 0x00007feea8218800 4611   !   4       java.util.Formatter::format (280 bytes)

GC Heap History (6 events):
Event: 0.715 GC heap before
{Heap before GC invocations=0 (full 0):
 garbage-first heap   total 256000K, used 24576K [0x0000000707600000, 0x0000000800000000)
  region size 1024K, 24 young (24576K), 0 survivors (0K)
 Metaspace       used 12810K, capacity 13016K, committed 13184K, reserved 1060864K
  class space    used 1308K, capacity 1381K, committed 1408K, reserved 1048576K
}
Event: 0.754 GC heap after
{Heap after GC invocations=1 (full 0):
 garbage-first heap   total 256000K, used 3511K [0x0000000707600000, 0x0000000800000000)
  region size 1024K, 3 young (3072K), 3 survivors (3072K)
 Metaspace       used 12810K, capacity 13016K, committed 13184K, reserved 1060864K
  class space    used 1308K, capacity 1381K, committed 1408K, reserved 1048576K
}
Event: 2.641 GC heap before
{Heap before GC invocations=1 (full 0):
 garbage-first heap   total 256000K, used 99767K [0x0000000707600000, 0x0000000800000000)
  region size 1024K, 98 young (100352K), 3 survivors (3072K)
 Metaspace       used 20639K, capacity 20955K, committed 21248K, reserved 1069056K
  class space    used 2170K, capacity 2278K, committed 2304K, reserved 1048576K
}
Event: 2.710 GC heap after
{Heap after GC invocations=2 (full 0):
 garbage-first heap   total 256000K, used 11768K [0x0000000707600000, 0x0000000800000000)
  region size 1024K, 12 young (12288K), 12 survivors (12288K)
 Metaspace       used 20639K, capacity 20955K, committed 21248K, reserved 1069056K
  class space    used 2170K, capacity 2278K, committed 2304K, reserved 1048576K
}
Event: 3.898 GC heap before
{Heap before GC invocations=3 (full 0):
 garbage-first heap   total 256000K, used 111096K [0x0000000707600000, 0x0000000800000000)
  region size 1024K, 109 young (111616K), 12 survivors (12288K)
 Metaspace       used 22966K, capacity 23394K, committed 23808K, reserved 1071104K
  class space    used 2335K, capacity 2493K, committed 2560K, reserved 1048576K
}
Event: 3.927 GC heap after
{Heap after GC invocations=4 (full 0):
 garbage-first heap   total 256000K, used 18090K [0x0000000707600000, 0x0000000800000000)
  region size 1024K, 7 young (7168K), 7 survivors (7168K)
 Metaspace       used 22966K, capacity 23394K, committed 23808K, reserved 1071104K
  class space    used 2335K, capacity 2493K, committed 2560K, reserved 1048576K
}

Deoptimization events (20 events):
Event: 4.748 Thread 0x00007feea8017000 Uncommon trap: trap_request=0xffffffbe fr.pc=0x00007fee985f9668 relative=0x0000000000000508
Event: 4.748 Thread 0x00007feea8017000 Uncommon trap: reason=profile_predicate action=maybe_recompile pc=0x00007fee985f9668 method=sun.nio.cs.ISO_8859_1$Decoder.decodeArrayLoop(Ljava/nio/ByteBuffer;Ljava/nio/CharBuffer;)Ljava/nio/charset/CoderResult; @ 133 c2
Event: 4.748 Thread 0x00007feea8017000 DEOPT PACKING pc=0x00007fee985f9668 sp=0x00007feeac2c7b80
Event: 4.748 Thread 0x00007feea8017000 DEOPT UNPACKING pc=0x00007fee908b8ba5 sp=0x00007feeac2c7b10 mode 2
Event: 4.748 Thread 0x00007feea8017000 Uncommon trap: trap_request=0xffffffbe fr.pc=0x00007fee985f9668 relative=0x0000000000000508
Event: 4.748 Thread 0x00007feea8017000 Uncommon trap: reason=profile_predicate action=maybe_recompile pc=0x00007fee985f9668 method=sun.nio.cs.ISO_8859_1$Decoder.decodeArrayLoop(Ljava/nio/ByteBuffer;Ljava/nio/CharBuffer;)Ljava/nio/charset/CoderResult; @ 133 c2
Event: 4.748 Thread 0x00007feea8017000 DEOPT PACKING pc=0x00007fee985f9668 sp=0x00007feeac2c7b80
Event: 4.748 Thread 0x00007feea8017000 DEOPT UNPACKING pc=0x00007fee908b8ba5 sp=0x00007feeac2c7b10 mode 2
Event: 4.748 Thread 0x00007feea8017000 Uncommon trap: trap_request=0xffffffbe fr.pc=0x00007fee985f9668 relative=0x0000000000000508
Event: 4.748 Thread 0x00007feea8017000 Uncommon trap: reason=profile_predicate action=maybe_recompile pc=0x00007fee985f9668 method=sun.nio.cs.ISO_8859_1$Decoder.decodeArrayLoop(Ljava/nio/ByteBuffer;Ljava/nio/CharBuffer;)Ljava/nio/charset/CoderResult; @ 133 c2
Event: 4.748 Thread 0x00007feea8017000 DEOPT PACKING pc=0x00007fee985f9668 sp=0x00007feeac2c7c40
Event: 4.748 Thread 0x00007feea8017000 DEOPT UNPACKING pc=0x00007fee908b8ba5 sp=0x00007feeac2c7bd0 mode 2
Event: 4.774 Thread 0x00007feea8017000 Uncommon trap: trap_request=0xffffff4d fr.pc=0x00007fee985fabe4 relative=0x0000000000000a04
Event: 4.774 Thread 0x00007feea8017000 Uncommon trap: reason=unstable_if action=reinterpret pc=0x00007fee985fabe4 method=org.apache.maven.model.interpolation.StringVisitorModelInterpolator$ModelVisitor.visit(Lorg/apache/maven/model/Dependency;)V @ 113 c2
Event: 4.774 Thread 0x00007feea8017000 DEOPT PACKING pc=0x00007fee985fabe4 sp=0x00007feeac2c82e0
Event: 4.774 Thread 0x00007feea8017000 DEOPT UNPACKING pc=0x00007fee908b8ba5 sp=0x00007feeac2c8298 mode 2
Event: 4.775 Thread 0x00007feea8017000 Uncommon trap: trap_request=0xffffff4d fr.pc=0x00007fee985aa73c relative=0x00000000000045fc
Event: 4.775 Thread 0x00007feea8017000 Uncommon trap: reason=unstable_if action=reinterpret pc=0x00007fee985aa73c method=java.lang.CharacterDataLatin1.isJavaIdentifierStart(I)Z @ 14 c2
Event: 4.775 Thread 0x00007feea8017000 DEOPT PACKING pc=0x00007fee985aa73c sp=0x00007feeac2c7e10
Event: 4.775 Thread 0x00007feea8017000 DEOPT UNPACKING pc=0x00007fee908b8ba5 sp=0x00007feeac2c7cb0 mode 2

Classes redefined (0 events):
No events

Internal exceptions (11 events):
Event: 0.099 Thread 0x00007feea8017000 Exception <a 'java/security/PrivilegedActionException'{0x0000000716e29aa8}> (0x0000000716e29aa8) thrown at [src/hotspot/share/prims/jvm.cpp, line 1304]
Event: 0.099 Thread 0x00007feea8017000 Exception <a 'java/security/PrivilegedActionException'{0x0000000716e29d78}> (0x0000000716e29d78) thrown at [src/hotspot/share/prims/jvm.cpp, line 1304]
Event: 0.168 Thread 0x00007feea8017000 Exception <a 'java/lang/NoSuchMethodError'{0x0000000716c28728}: 'int java.lang.invoke.DirectMethodHandle$Holder.invokeSpecialIFC(java.lang.Object, java.lang.Object, int)'> (0x0000000716c28728) thrown at [src/hotspot/share/interpreter/linkResolver.cpp, line 772]
Event: 1.305 Thread 0x00007feea8017000 Exception <a 'java/lang/NoClassDefFoundError'{0x0000000714cc10b8}: com/google/inject/servlet/ServletModuleTargetVisitor> (0x0000000714cc10b8) thrown at [src/hotspot/share/classfile/systemDictionary.cpp, line 220]
Event: 1.305 Thread 0x00007feea8017000 Exception <a 'java/lang/NoClassDefFoundError'{0x0000000714cc10b8}> (0x0000000714cc10b8) thrown at [src/hotspot/share/prims/jvm.cpp, line 1310]
Event: 1.305 Thread 0x00007feea8017000 Exception <a 'java/lang/NoClassDefFoundError'{0x0000000714cc3b68}: javax/annotation/Priority> (0x0000000714cc3b68) thrown at [src/hotspot/share/classfile/systemDictionary.cpp, line 220]
Event: 1.689 Thread 0x00007feea8017000 Implicit null exception at 0x00007fee9837e4f4 to 0x00007fee9837e9f4
Event: 1.689 Thread 0x00007feea8017000 Implicit null exception at 0x00007fee9837da74 to 0x00007fee9837df98
Event: 2.820 Thread 0x00007feea8017000 Implicit null exception at 0x00007fee984b9fe6 to 0x00007fee984ba7bc
Event: 3.569 Thread 0x00007feea8017000 Implicit null exception at 0x00007fee983be075 to 0x00007fee983be25c
Event: 3.569 Thread 0x00007feea8017000 Implicit null exception at 0x00007fee983dd12f to 0x00007fee983dd1a9

Events (20 events):
Event: 4.438 loading class org/apache/maven/project/artifact/ProjectArtifactMetadata
Event: 4.438 loading class org/apache/maven/project/artifact/ProjectArtifactMetadata done
Event: 4.438 loading class org/apache/maven/project/artifact/ProjectArtifactMetadata
Event: 4.438 loading class org/apache/maven/project/artifact/ProjectArtifactMetadata done
Event: 4.438 loading class org/apache/maven/artifact/metadata/AbstractArtifactMetadata
Event: 4.438 loading class org/apache/maven/artifact/metadata/AbstractArtifactMetadata done
Event: 4.438 loading class org/apache/maven/repository/legacy/metadata/AbstractArtifactMetadata
Event: 4.438 loading class org/apache/maven/repository/legacy/metadata/AbstractArtifactMetadata done
Event: 4.438 loading class org/eclipse/aether/util/artifact/SubArtifact
Event: 4.438 loading class org/eclipse/aether/util/artifact/SubArtifact done
Event: 4.439 Executing VM operation: Deoptimize
Event: 4.439 Executing VM operation: Deoptimize done
Event: 4.946 loading class org/codehaus/plexus/util/FileUtils
Event: 4.946 loading class org/codehaus/plexus/util/FileUtils done
Event: 4.946 loading class org/codehaus/plexus/util/FileUtils
Event: 4.946 loading class org/codehaus/plexus/util/FileUtils done
Event: 4.948 loading class org/codehaus/plexus/util/io/InputStreamFacade
Event: 4.948 loading class org/codehaus/plexus/util/io/InputStreamFacade done
Event: 4.948 loading class org/codehaus/plexus/util/io/InputStreamFacade
Event: 4.948 loading class org/codehaus/plexus/util/io/InputStreamFacade done


Dynamic libraries:
707600000-717000000 rw-p 00000000 00:00 0 
717000000-800000000 ---p 00000000 00:00 0 
800000000-8002c0000 rw-p 00000000 00:00 0 
8002c0000-840000000 ---p 00000000 00:00 0 
55661a5a5000-55661a5a6000 r--p 00000000 08:03 2365914                    /usr/lib/jvm/java-11-openjdk/bin/java
55661a5a6000-55661a5a7000 r-xp 00001000 08:03 2365914                    /usr/lib/jvm/java-11-openjdk/bin/java
55661a5a7000-55661a5a8000 r--p 00002000 08:03 2365914                    /usr/lib/jvm/java-11-openjdk/bin/java
55661a5a8000-55661a5a9000 r--p 00002000 08:03 2365914                    /usr/lib/jvm/java-11-openjdk/bin/java
55661a5a9000-55661a5aa000 rw-p 00003000 08:03 2365914                    /usr/lib/jvm/java-11-openjdk/bin/java
55661a852000-55661a873000 rw-p 00000000 00:00 0                          [heap]
7fee20000000-7fee20021000 rw-p 00000000 00:00 0 
7fee20021000-7fee24000000 ---p 00000000 00:00 0 
7fee28000000-7fee28021000 rw-p 00000000 00:00 0 
7fee28021000-7fee2c000000 ---p 00000000 00:00 0 
7fee2c000000-7fee2c021000 rw-p 00000000 00:00 0 
7fee2c021000-7fee30000000 ---p 00000000 00:00 0 
7fee30000000-7fee30021000 rw-p 00000000 00:00 0 
7fee30021000-7fee34000000 ---p 00000000 00:00 0 
7fee34000000-7fee34021000 rw-p 00000000 00:00 0 
7fee34021000-7fee38000000 ---p 00000000 00:00 0 
7fee38000000-7fee38e9c000 rw-p 00000000 00:00 0 
7fee38e9c000-7fee3c000000 ---p 00000000 00:00 0 
7fee3c000000-7fee3c021000 rw-p 00000000 00:00 0 
7fee3c021000-7fee40000000 ---p 00000000 00:00 0 
7fee40000000-7fee40021000 rw-p 00000000 00:00 0 
7fee40021000-7fee44000000 ---p 00000000 00:00 0 
7fee44000000-7fee450d9000 rw-p 00000000 00:00 0 
7fee450d9000-7fee48000000 ---p 00000000 00:00 0 
7fee48000000-7fee48021000 rw-p 00000000 00:00 0 
7fee48021000-7fee4c000000 ---p 00000000 00:00 0 
7fee4c000000-7fee4c021000 rw-p 00000000 00:00 0 
7fee4c021000-7fee50000000 ---p 00000000 00:00 0 
7fee50000000-7fee510d7000 rw-p 00000000 00:00 0 
7fee510d7000-7fee54000000 ---p 00000000 00:00 0 
7fee54000000-7fee54b21000 rw-p 00000000 00:00 0 
7fee54b21000-7fee58000000 ---p 00000000 00:00 0 
7fee58000000-7fee58021000 rw-p 00000000 00:00 0 
7fee58021000-7fee5c000000 ---p 00000000 00:00 0 
7fee5c000000-7fee5c021000 rw-p 00000000 00:00 0 
7fee5c021000-7fee60000000 ---p 00000000 00:00 0 
7fee60000000-7fee60021000 rw-p 00000000 00:00 0 
7fee60021000-7fee64000000 ---p 00000000 00:00 0 
7fee64000000-7fee64021000 rw-p 00000000 00:00 0 
7fee64021000-7fee68000000 ---p 00000000 00:00 0 
7fee68000000-7fee68021000 rw-p 00000000 00:00 0 
7fee68021000-7fee6c000000 ---p 00000000 00:00 0 
7fee6c000000-7fee6c022000 rw-p 00000000 00:00 0 
7fee6c022000-7fee70000000 ---p 00000000 00:00 0 
7fee70000000-7fee70021000 rw-p 00000000 00:00 0 
7fee70021000-7fee74000000 ---p 00000000 00:00 0 
7fee74000000-7fee74021000 rw-p 00000000 00:00 0 
7fee74021000-7fee78000000 ---p 00000000 00:00 0 
7fee78a2b000-7fee78a31000 r--p 00000000 08:03 2248506                    /usr/lib/libnss_mymachines.so.2
7fee78a31000-7fee78a5f000 r-xp 00006000 08:03 2248506                    /usr/lib/libnss_mymachines.so.2
7fee78a5f000-7fee78a6f000 r--p 00034000 08:03 2248506                    /usr/lib/libnss_mymachines.so.2
7fee78a6f000-7fee78a72000 r--p 00043000 08:03 2248506                    /usr/lib/libnss_mymachines.so.2
7fee78a72000-7fee78a73000 rw-p 00046000 08:03 2248506                    /usr/lib/libnss_mymachines.so.2
7fee78a73000-7fee78b34000 rw-p 00000000 00:00 0 
7fee78b34000-7fee78c74000 ---p 00000000 00:00 0 
7fee78c74000-7fee78e74000 rw-p 00000000 00:00 0 
7fee78e74000-7fee78e75000 ---p 00000000 00:00 0 
7fee78e75000-7fee79176000 rw-p 00000000 00:00 0 
7fee79176000-7fee79376000 rw-p 00000000 00:00 0 
7fee79376000-7fee79576000 rw-p 00000000 00:00 0 
7fee79576000-7fee79776000 rw-p 00000000 00:00 0 
7fee79776000-7fee79777000 ---p 00000000 00:00 0 
7fee79777000-7fee79878000 rw-p 00000000 00:00 0 
7fee79878000-7fee79879000 ---p 00000000 00:00 0 
7fee79879000-7fee7997a000 rw-p 00000000 00:00 0 
7fee7997a000-7fee7997b000 ---p 00000000 00:00 0 
7fee7997b000-7fee79a7c000 rw-p 00000000 00:00 0 
7fee79a7c000-7fee79a7d000 ---p 00000000 00:00 0 
7fee79a7d000-7fee79b7e000 rw-p 00000000 00:00 0 
7fee79b7e000-7fee79b7f000 ---p 00000000 00:00 0 
7fee79b7f000-7fee79c80000 rw-p 00000000 00:00 0 
7fee79c80000-7fee79c84000 ---p 00000000 00:00 0 
7fee79c84000-7fee79f81000 rw-p 00000000 00:00 0 
7fee79f81000-7fee7a181000 rw-p 00000000 00:00 0 
7fee7a181000-7fee7a185000 ---p 00000000 00:00 0 
7fee7a185000-7fee7a282000 rw-p 00000000 00:00 0 
7fee7a282000-7fee7a285000 r-xp 00000000 00:31 971                        /tmp/libjansi-1.17.1-2131217999953955565.so
7fee7a285000-7fee7a484000 ---p 00003000 00:31 971                        /tmp/libjansi-1.17.1-2131217999953955565.so
7fee7a484000-7fee7a485000 rw-p 00002000 00:31 971                        /tmp/libjansi-1.17.1-2131217999953955565.so
7fee7a485000-7fee7a489000 ---p 00000000 00:00 0 
7fee7a489000-7fee7a586000 rw-p 00000000 00:00 0 
7fee7a586000-7fee7a587000 ---p 00000000 00:00 0 
7fee7a587000-7fee7a688000 rw-p 00000000 00:00 0 
7fee7a688000-7fee7a68c000 ---p 00000000 00:00 0 
7fee7a68c000-7fee7a789000 rw-p 00000000 00:00 0 
7fee7a789000-7fee7a78d000 ---p 00000000 00:00 0 
7fee7a78d000-7fee7a88a000 rw-p 00000000 00:00 0 
7fee7a88a000-7fee7a88e000 ---p 00000000 00:00 0 
7fee7a88e000-7fee7a98b000 rw-p 00000000 00:00 0 
7fee7a98b000-7fee7a98f000 ---p 00000000 00:00 0 
7fee7a98f000-7fee7aa8c000 rw-p 00000000 00:00 0 
7fee7aa8c000-7fee7aa90000 ---p 00000000 00:00 0 
7fee7aa90000-7fee7ab8d000 rw-p 00000000 00:00 0 
7fee7ab8d000-7fee7b176000 r--p 00000000 08:03 2256468                    /usr/lib/locale/locale-archive
7fee7b176000-7fee7b17a000 ---p 00000000 00:00 0 
7fee7b17a000-7fee7b277000 rw-p 00000000 00:00 0 
7fee7b277000-7fee7b27b000 ---p 00000000 00:00 0 
7fee7b27b000-7fee7b378000 rw-p 00000000 00:00 0 
7fee7b378000-7fee7b379000 ---p 00000000 00:00 0 
7fee7b379000-7fee7bcfb000 rw-p 00000000 00:00 0 
7fee7bcfb000-7fee7bcfc000 ---p 00000000 00:00 0 
7fee7bcfc000-7fee7bdfd000 rw-p 00000000 00:00 0 
7fee7bdfd000-7fee7bdfe000 ---p 00000000 00:00 0 
7fee7bdfe000-7fee7c000000 rw-p 00000000 00:00 0 
7fee7c000000-7fee7c021000 rw-p 00000000 00:00 0 
7fee7c021000-7fee80000000 ---p 00000000 00:00 0 
7fee80017000-7fee8001a000 r--p 00000000 08:03 2239439                    /usr/lib/libcap.so.2.49
7fee8001a000-7fee8001e000 r-xp 00003000 08:03 2239439                    /usr/lib/libcap.so.2.49
7fee8001e000-7fee80020000 r--p 00007000 08:03 2239439                    /usr/lib/libcap.so.2.49
7fee80020000-7fee80021000 r--p 00008000 08:03 2239439                    /usr/lib/libcap.so.2.49
7fee80021000-7fee80022000 rw-p 00009000 08:03 2239439                    /usr/lib/libcap.so.2.49
7fee80022000-7fee8275a000 rw-p 00000000 00:00 0 
7fee8275a000-7fee8275b000 ---p 00000000 00:00 0 
7fee8275b000-7fee8285c000 rw-p 00000000 00:00 0 
7fee8285c000-7fee8285d000 ---p 00000000 00:00 0 
7fee8285d000-7fee82e47000 rw-p 00000000 00:00 0 
7fee82e47000-7fee86887000 ---p 00000000 00:00 0 
7fee86887000-7fee86c6f000 rw-p 00000000 00:00 0 
7fee86c6f000-7fee8a6af000 ---p 00000000 00:00 0 
7fee8a6af000-7fee8a72c000 rw-p 00000000 00:00 0 
7fee8a72c000-7fee8ae74000 ---p 00000000 00:00 0 
7fee8ae74000-7fee8aef1000 rw-p 00000000 00:00 0 
7fee8aef1000-7fee8b639000 ---p 00000000 00:00 0 
7fee8b639000-7fee8b6b6000 rw-p 00000000 00:00 0 
7fee8b6b6000-7fee8bdfe000 ---p 00000000 00:00 0 
7fee8bdfe000-7fee8c000000 rw-p 00000000 00:00 0 
7fee8c000000-7fee8c021000 rw-p 00000000 00:00 0 
7fee8c021000-7fee90000000 ---p 00000000 00:00 0 
7fee9002b000-7fee9002f000 r--p 00000000 08:03 2366006                    /usr/lib/jvm/java-11-openjdk/lib/libnet.so
7fee9002f000-7fee9003e000 r-xp 00004000 08:03 2366006                    /usr/lib/jvm/java-11-openjdk/lib/libnet.so
7fee9003e000-7fee90042000 r--p 00013000 08:03 2366006                    /usr/lib/jvm/java-11-openjdk/lib/libnet.so
7fee90042000-7fee90043000 r--p 00016000 08:03 2366006                    /usr/lib/jvm/java-11-openjdk/lib/libnet.so
7fee90043000-7fee90044000 rw-p 00017000 08:03 2366006                    /usr/lib/jvm/java-11-openjdk/lib/libnet.so
7fee90044000-7fee906a5000 rw-p 00000000 00:00 0 
7fee906a5000-7fee906a6000 ---p 00000000 00:00 0 
7fee906a6000-7fee907ad000 rw-p 00000000 00:00 0 
7fee907ad000-7fee90892000 ---p 00000000 00:00 0 
7fee90892000-7fee90b02000 rwxp 00000000 00:00 0 
7fee90b02000-7fee90e23000 ---p 00000000 00:00 0 
7fee90e23000-7fee91933000 rwxp 00000000 00:00 0 
7fee91933000-7fee9835a000 ---p 00000000 00:00 0 
7fee9835a000-7fee9862a000 rwxp 00000000 00:00 0 
7fee9862a000-7fee9f892000 ---p 00000000 00:00 0 
7fee9f892000-7feea8000000 r--s 00000000 08:03 2381013                    /usr/lib/jvm/java-11-openjdk/lib/modules
7feea8000000-7feea9308000 rw-p 00000000 00:00 0 
7feea9308000-7feeac000000 ---p 00000000 00:00 0 
7feeac001000-7feeac082000 rw-p 00000000 00:00 0 
7feeac082000-7feeac156000 ---p 00000000 00:00 0 
7feeac156000-7feeac159000 r--p 00000000 08:03 2237834                    /usr/lib/libnss_files-2.33.so
7feeac159000-7feeac160000 r-xp 00003000 08:03 2237834                    /usr/lib/libnss_files-2.33.so
7feeac160000-7feeac162000 r--p 0000a000 08:03 2237834                    /usr/lib/libnss_files-2.33.so
7feeac162000-7feeac163000 r--p 0000b000 08:03 2237834                    /usr/lib/libnss_files-2.33.so
7feeac163000-7feeac164000 rw-p 0000c000 08:03 2237834                    /usr/lib/libnss_files-2.33.so
7feeac164000-7feeac16a000 rw-p 00000000 00:00 0 
7feeac16b000-7feeac172000 r--p 00000000 08:03 2366009                    /usr/lib/jvm/java-11-openjdk/lib/libnio.so
7feeac172000-7feeac179000 r-xp 00007000 08:03 2366009                    /usr/lib/jvm/java-11-openjdk/lib/libnio.so
7feeac179000-7feeac17c000 r--p 0000e000 08:03 2366009                    /usr/lib/jvm/java-11-openjdk/lib/libnio.so
7feeac17c000-7feeac17d000 r--p 00010000 08:03 2366009                    /usr/lib/jvm/java-11-openjdk/lib/libnio.so
7feeac17d000-7feeac17e000 rw-p 00011000 08:03 2366009                    /usr/lib/jvm/java-11-openjdk/lib/libnio.so
7feeac17e000-7feeac183000 rw-p 00000000 00:00 0 
7feeac183000-7feeac18a000 ---p 00000000 00:00 0 
7feeac18a000-7feeac18c000 r--p 00000000 08:03 2381011                    /usr/lib/jvm/java-11-openjdk/lib/libzip.so
7feeac18c000-7feeac190000 r-xp 00002000 08:03 2381011                    /usr/lib/jvm/java-11-openjdk/lib/libzip.so
7feeac190000-7feeac192000 r--p 00006000 08:03 2381011                    /usr/lib/jvm/java-11-openjdk/lib/libzip.so
7feeac192000-7feeac193000 r--p 00007000 08:03 2381011                    /usr/lib/jvm/java-11-openjdk/lib/libzip.so
7feeac193000-7feeac194000 rw-p 00008000 08:03 2381011                    /usr/lib/jvm/java-11-openjdk/lib/libzip.so
7feeac194000-7feeac1a2000 r--p 00000000 08:03 2365976                    /usr/lib/jvm/java-11-openjdk/lib/libjava.so
7feeac1a2000-7feeac1b7000 r-xp 0000e000 08:03 2365976                    /usr/lib/jvm/java-11-openjdk/lib/libjava.so
7feeac1b7000-7feeac1be000 r--p 00023000 08:03 2365976                    /usr/lib/jvm/java-11-openjdk/lib/libjava.so
7feeac1be000-7feeac1bf000 r--p 00029000 08:03 2365976                    /usr/lib/jvm/java-11-openjdk/lib/libjava.so
7feeac1bf000-7feeac1c0000 rw-p 0002a000 08:03 2365976                    /usr/lib/jvm/java-11-openjdk/lib/libjava.so
7feeac1c0000-7feeac1c1000 rw-p 00000000 00:00 0 
7feeac1c1000-7feeac1c4000 r--p 00000000 08:03 2246807                    /usr/lib/librt-2.33.so
7feeac1c4000-7feeac1c8000 r-xp 00003000 08:03 2246807                    /usr/lib/librt-2.33.so
7feeac1c8000-7feeac1ca000 r--p 00007000 08:03 2246807                    /usr/lib/librt-2.33.so
7feeac1ca000-7feeac1cb000 r--p 00008000 08:03 2246807                    /usr/lib/librt-2.33.so
7feeac1cb000-7feeac1cc000 rw-p 00009000 08:03 2246807                    /usr/lib/librt-2.33.so
7feeac1cc000-7feeac1d0000 ---p 00000000 00:00 0 
7feeac1d0000-7feeac2cd000 rw-p 00000000 00:00 0 
7feeac2cd000-7feeac2d0000 r--p 00000000 08:03 2232914                    /usr/lib/libgcc_s.so.1
7feeac2d0000-7feeac2e1000 r-xp 00003000 08:03 2232914                    /usr/lib/libgcc_s.so.1
7feeac2e1000-7feeac2e5000 r--p 00014000 08:03 2232914                    /usr/lib/libgcc_s.so.1
7feeac2e5000-7feeac2e6000 r--p 00017000 08:03 2232914                    /usr/lib/libgcc_s.so.1
7feeac2e6000-7feeac2e7000 rw-p 00018000 08:03 2232914                    /usr/lib/libgcc_s.so.1
7feeac2e7000-7feeac2f6000 r--p 00000000 08:03 2237809                    /usr/lib/libm-2.33.so
7feeac2f6000-7feeac391000 r-xp 0000f000 08:03 2237809                    /usr/lib/libm-2.33.so
7feeac391000-7feeac429000 r--p 000aa000 08:03 2237809                    /usr/lib/libm-2.33.so
7feeac429000-7feeac42a000 ---p 00142000 08:03 2237809                    /usr/lib/libm-2.33.so
7feeac42a000-7feeac42b000 r--p 00142000 08:03 2237809                    /usr/lib/libm-2.33.so
7feeac42b000-7feeac42c000 rw-p 00143000 08:03 2237809                    /usr/lib/libm-2.33.so
7feeac42c000-7feeac4c2000 r--p 00000000 08:03 2234767                    /usr/lib/libstdc++.so.6.0.28
7feeac4c2000-7feeac5ae000 r-xp 00096000 08:03 2234767                    /usr/lib/libstdc++.so.6.0.28
7feeac5ae000-7feeac5f7000 r--p 00182000 08:03 2234767                    /usr/lib/libstdc++.so.6.0.28
7feeac5f7000-7feeac5f8000 ---p 001cb000 08:03 2234767                    /usr/lib/libstdc++.so.6.0.28
7feeac5f8000-7feeac605000 r--p 001cb000 08:03 2234767                    /usr/lib/libstdc++.so.6.0.28
7feeac605000-7feeac606000 rw-p 001d8000 08:03 2234767                    /usr/lib/libstdc++.so.6.0.28
7feeac606000-7feeac609000 rw-p 00000000 00:00 0 
7feeac609000-7feeac879000 r--p 00000000 08:03 2381025                    /usr/lib/jvm/java-11-openjdk/lib/server/libjvm.so
7feeac879000-7feead465000 r-xp 00270000 08:03 2381025                    /usr/lib/jvm/java-11-openjdk/lib/server/libjvm.so
7feead465000-7feead6a8000 r--p 00e5c000 08:03 2381025                    /usr/lib/jvm/java-11-openjdk/lib/server/libjvm.so
7feead6a8000-7feead6a9000 ---p 0109f000 08:03 2381025                    /usr/lib/jvm/java-11-openjdk/lib/server/libjvm.so
7feead6a9000-7feead767000 r--p 0109f000 08:03 2381025                    /usr/lib/jvm/java-11-openjdk/lib/server/libjvm.so
7feead767000-7feead7a0000 rw-p 0115d000 08:03 2381025                    /usr/lib/jvm/java-11-openjdk/lib/server/libjvm.so
7feead7a0000-7feead7f9000 rw-p 00000000 00:00 0 
7feead7f9000-7feead800000 r--p 00000000 08:03 2245447                    /usr/lib/libpthread-2.33.so
7feead800000-7feead80f000 r-xp 00007000 08:03 2245447                    /usr/lib/libpthread-2.33.so
7feead80f000-7feead814000 r--p 00016000 08:03 2245447                    /usr/lib/libpthread-2.33.so
7feead814000-7feead815000 r--p 0001a000 08:03 2245447                    /usr/lib/libpthread-2.33.so
7feead815000-7feead816000 rw-p 0001b000 08:03 2245447                    /usr/lib/libpthread-2.33.so
7feead816000-7feead81a000 rw-p 00000000 00:00 0 
7feead81a000-7feead81c000 r--p 00000000 08:03 2237802                    /usr/lib/libdl-2.33.so
7feead81c000-7feead81e000 r-xp 00002000 08:03 2237802                    /usr/lib/libdl-2.33.so
7feead81e000-7feead81f000 r--p 00004000 08:03 2237802                    /usr/lib/libdl-2.33.so
7feead81f000-7feead820000 r--p 00004000 08:03 2237802                    /usr/lib/libdl-2.33.so
7feead820000-7feead821000 rw-p 00005000 08:03 2237802                    /usr/lib/libdl-2.33.so
7feead821000-7feead824000 r--p 00000000 08:03 2234818                    /usr/lib/libz.so.1.2.11
7feead824000-7feead832000 r-xp 00003000 08:03 2234818                    /usr/lib/libz.so.1.2.11
7feead832000-7feead838000 r--p 00011000 08:03 2234818                    /usr/lib/libz.so.1.2.11
7feead838000-7feead839000 ---p 00017000 08:03 2234818                    /usr/lib/libz.so.1.2.11
7feead839000-7feead83a000 r--p 00017000 08:03 2234818                    /usr/lib/libz.so.1.2.11
7feead83a000-7feead83b000 rw-p 00018000 08:03 2234818                    /usr/lib/libz.so.1.2.11
7feead83b000-7feead861000 r--p 00000000 08:03 2237794                    /usr/lib/libc-2.33.so
7feead861000-7feead9ad000 r-xp 00026000 08:03 2237794                    /usr/lib/libc-2.33.so
7feead9ad000-7feead9f9000 r--p 00172000 08:03 2237794                    /usr/lib/libc-2.33.so
7feead9f9000-7feead9fc000 r--p 001bd000 08:03 2237794                    /usr/lib/libc-2.33.so
7feead9fc000-7feead9ff000 rw-p 001c0000 08:03 2237794                    /usr/lib/libc-2.33.so
7feead9ff000-7feeada08000 rw-p 00000000 00:00 0 
7feeada08000-7feeada09000 r--p 00000000 08:03 2256462                    /usr/lib/libutil-2.33.so
7feeada09000-7feeada0a000 r-xp 00001000 08:03 2256462                    /usr/lib/libutil-2.33.so
7feeada0a000-7feeada0b000 r--p 00002000 08:03 2256462                    /usr/lib/libutil-2.33.so
7feeada0b000-7feeada0c000 r--p 00002000 08:03 2256462                    /usr/lib/libutil-2.33.so
7feeada0c000-7feeada0d000 rw-p 00003000 08:03 2256462                    /usr/lib/libutil-2.33.so
7feeada0d000-7feeada15000 rw-s 00000000 00:31 967                        /tmp/hsperfdata_qihang/38639
7feeada15000-7feeada16000 ---p 00000000 00:00 0 
7feeada16000-7feeada17000 r--p 00000000 00:00 0 
7feeada17000-7feeada19000 r--p 00000000 08:03 2365984                    /usr/lib/jvm/java-11-openjdk/lib/libjimage.so
7feeada19000-7feeada1c000 r-xp 00002000 08:03 2365984                    /usr/lib/jvm/java-11-openjdk/lib/libjimage.so
7feeada1c000-7feeada1d000 r--p 00005000 08:03 2365984                    /usr/lib/jvm/java-11-openjdk/lib/libjimage.so
7feeada1d000-7feeada1e000 ---p 00006000 08:03 2365984                    /usr/lib/jvm/java-11-openjdk/lib/libjimage.so
7feeada1e000-7feeada1f000 r--p 00006000 08:03 2365984                    /usr/lib/jvm/java-11-openjdk/lib/libjimage.so
7feeada1f000-7feeada20000 rw-p 00007000 08:03 2365984                    /usr/lib/jvm/java-11-openjdk/lib/libjimage.so
7feeada20000-7feeada25000 r--p 00000000 08:03 2381008                    /usr/lib/jvm/java-11-openjdk/lib/libverify.so
7feeada25000-7feeada2c000 r-xp 00005000 08:03 2381008                    /usr/lib/jvm/java-11-openjdk/lib/libverify.so
7feeada2c000-7feeada2e000 r--p 0000c000 08:03 2381008                    /usr/lib/jvm/java-11-openjdk/lib/libverify.so
7feeada2e000-7feeada2f000 ---p 0000e000 08:03 2381008                    /usr/lib/jvm/java-11-openjdk/lib/libverify.so
7feeada2f000-7feeada31000 r--p 0000e000 08:03 2381008                    /usr/lib/jvm/java-11-openjdk/lib/libverify.so
7feeada31000-7feeada32000 rw-p 00010000 08:03 2381008                    /usr/lib/jvm/java-11-openjdk/lib/libverify.so
7feeada32000-7feeada35000 r--p 00000000 08:03 2365944                    /usr/lib/jvm/java-11-openjdk/lib/jli/libjli.so
7feeada35000-7feeada3f000 r-xp 00003000 08:03 2365944                    /usr/lib/jvm/java-11-openjdk/lib/jli/libjli.so
7feeada3f000-7feeada42000 r--p 0000d000 08:03 2365944                    /usr/lib/jvm/java-11-openjdk/lib/jli/libjli.so
7feeada42000-7feeada43000 ---p 00010000 08:03 2365944                    /usr/lib/jvm/java-11-openjdk/lib/jli/libjli.so
7feeada43000-7feeada44000 r--p 00010000 08:03 2365944                    /usr/lib/jvm/java-11-openjdk/lib/jli/libjli.so
7feeada44000-7feeada45000 rw-p 00011000 08:03 2365944                    /usr/lib/jvm/java-11-openjdk/lib/jli/libjli.so
7feeada45000-7feeada47000 rw-p 00000000 00:00 0 
7feeada47000-7feeada48000 r--p 00000000 08:03 2237782                    /usr/lib/ld-2.33.so
7feeada48000-7feeada6c000 r-xp 00001000 08:03 2237782                    /usr/lib/ld-2.33.so
7feeada6c000-7feeada75000 r--p 00025000 08:03 2237782                    /usr/lib/ld-2.33.so
7feeada76000-7feeada78000 r--p 0002e000 08:03 2237782                    /usr/lib/ld-2.33.so
7feeada78000-7feeada7a000 rw-p 00030000 08:03 2237782                    /usr/lib/ld-2.33.so
7ffdd0ab3000-7ffdd0ad4000 rw-p 00000000 00:00 0                          [stack]
7ffdd0b4a000-7ffdd0b4e000 r--p 00000000 00:00 0                          [vvar]
7ffdd0b4e000-7ffdd0b50000 r-xp 00000000 00:00 0                          [vdso]
ffffffffff600000-ffffffffff601000 --xp 00000000 00:00 0                  [vsyscall]


VM Arguments:
jvm_args: -Dmaven.multiModuleProjectDirectory=/home/qihang/IdeaProjects/SpringCloud/cloud2020 -Dmaven.home=/opt/intellij-idea-ultimate-edition/plugins/maven/lib/maven3 -Dclassworlds.conf=/opt/intellij-idea-ultimate-edition/plugins/maven/lib/maven3/bin/m2.conf -Dmaven.ext.class.path=/opt/intellij-idea-ultimate-edition/plugins/maven/lib/maven-event-listener.jar -Dfile.encoding=UTF-8 
java_command: org.codehaus.classworlds.Launcher -Didea.version=2020.3.3 install
java_class_path (initial): /opt/intellij-idea-ultimate-edition/plugins/maven/lib/maven3/boot/plexus-classworlds.license:/opt/intellij-idea-ultimate-edition/plugins/maven/lib/maven3/boot/plexus-classworlds-2.6.0.jar
Launcher Type: SUN_STANDARD

[Global flags]
     intx CICompilerCount                          = 4                                         {product} {ergonomic}
     uint ConcGCThreads                            = 2                                         {product} {ergonomic}
     uint G1ConcRefinementThreads                  = 8                                         {product} {ergonomic}
   size_t G1HeapRegionSize                         = 1048576                                   {product} {ergonomic}
    uintx GCDrainStackTargetSize                   = 64                                        {product} {ergonomic}
   size_t InitialHeapSize                          = 262144000                                 {product} {ergonomic}
   size_t MarkStackSize                            = 4194304                                   {product} {ergonomic}
   size_t MaxHeapSize                              = 4171235328                                {product} {ergonomic}
   size_t MaxNewSize                               = 2501902336                                {product} {ergonomic}
   size_t MinHeapDeltaBytes                        = 1048576                                   {product} {ergonomic}
    uintx NonNMethodCodeHeapSize                   = 5836300                                {pd product} {ergonomic}
    uintx NonProfiledCodeHeapSize                  = 122910970                              {pd product} {ergonomic}
    uintx ProfiledCodeHeapSize                     = 122910970                              {pd product} {ergonomic}
    uintx ReservedCodeCacheSize                    = 251658240                              {pd product} {ergonomic}
     bool SegmentedCodeCache                       = true                                      {product} {ergonomic}
     bool UseCompressedClassPointers               = true                                 {lp64_product} {ergonomic}
     bool UseCompressedOops                        = true                                 {lp64_product} {ergonomic}
     bool UseG1GC                                  = true                                      {product} {ergonomic}

Logging:
Log output configuration:
 #0: stdout all=warning uptime,level,tags
 #1: stderr all=off uptime,level,tags

Environment Variables:
PATH=/home/qihang/.local/bin:/usr/local/sbin:/usr/local/bin:/usr/bin:/opt/cxoffice/bin:/usr/lib/jvm/default/bin:/usr/bin/site_perl:/usr/bin/vendor_perl:/usr/bin/core_perl:/var/lib/snapd/snap/bin
SHELL=/bin/zsh
DISPLAY=:0
LANG=zh_CN.UTF-8

Signal Handlers:
SIGSEGV: [libjvm.so+0xde76b0], sa_mask[0]=11111111011111111101111111111110, sa_flags=SA_RESTART|SA_SIGINFO
SIGBUS: [libjvm.so+0xde76b0], sa_mask[0]=11111111011111111101111111111110, sa_flags=SA_RESTART|SA_SIGINFO
SIGFPE: [libjvm.so+0xde76b0], sa_mask[0]=11111111011111111101111111111110, sa_flags=SA_RESTART|SA_SIGINFO
SIGPIPE: [libjvm.so+0xbda8c0], sa_mask[0]=11111111011111111101111111111110, sa_flags=SA_RESTART|SA_SIGINFO
SIGXFSZ: [libjvm.so+0xbda8c0], sa_mask[0]=11111111011111111101111111111110, sa_flags=SA_RESTART|SA_SIGINFO
SIGILL: [libjvm.so+0xde76b0], sa_mask[0]=11111111011111111101111111111110, sa_flags=SA_RESTART|SA_SIGINFO
SIGUSR2: [libjvm.so+0xbda750], sa_mask[0]=00100000000000000000000000000000, sa_flags=SA_RESTART|SA_SIGINFO
SIGHUP: [libjvm.so+0xbdad30], sa_mask[0]=11111111011111111101111111111110, sa_flags=SA_RESTART|SA_SIGINFO
SIGINT: [libjvm.so+0xbdad30], sa_mask[0]=11111111011111111101111111111110, sa_flags=SA_RESTART|SA_SIGINFO
SIGTERM: [libjvm.so+0xbdad30], sa_mask[0]=11111111011111111101111111111110, sa_flags=SA_RESTART|SA_SIGINFO
SIGQUIT: [libjvm.so+0xbdad30], sa_mask[0]=11111111011111111101111111111110, sa_flags=SA_RESTART|SA_SIGINFO


---------------  S Y S T E M  ---------------

OS:DISTRIB_ID=ManjaroLinux
DISTRIB_RELEASE=21.0
DISTRIB_CODENAME=Ornara
DISTRIB_DESCRIPTION="Manjaro Linux"
uname:Linux 5.9.16-1-MANJARO #1 SMP PREEMPT Mon Dec 21 22:00:46 UTC 2020 x86_64
OS uptime: 0 days 6:10 hours
libc:glibc 2.33 NPTL 2.33 
rlimit (soft/hard): STACK 8192k/infinity , CORE infinity/infinity , NPROC 63551/63551 , NOFILE 524288/524288 , AS infinity/infinity , CPU infinity/infinity , DATA infinity/infinity , FSIZE infinity/infinity , MEMLOCK 64k/64k
load average:2.67 2.36 2.14

/proc/meminfo:
MemTotal:       16287304 kB
MemFree:         5443036 kB
MemAvailable:    8027588 kB
Buffers:          173988 kB
Cached:          2940332 kB
SwapCached:            0 kB
Active:           932280 kB
Inactive:        9431328 kB
Active(anon):      10224 kB
Inactive(anon):  7587728 kB
Active(file):     922056 kB
Inactive(file):  1843600 kB
Unevictable:        3848 kB
Mlocked:               0 kB
SwapTotal:       4194300 kB
SwapFree:        4194300 kB
Dirty:             17696 kB
Writeback:             8 kB
AnonPages:       7253384 kB
Mapped:           731888 kB
Shmem:            348412 kB
KReclaimable:     142968 kB
Slab:             228924 kB
SReclaimable:     142968 kB
SUnreclaim:        85956 kB
KernelStack:       20592 kB
PageTables:        45172 kB
NFS_Unstable:          0 kB
Bounce:                0 kB
WritebackTmp:          0 kB
CommitLimit:    12337952 kB
Committed_AS:   16043192 kB
VmallocTotal:   34359738367 kB
VmallocUsed:       84508 kB
VmallocChunk:          0 kB
Percpu:             4256 kB
HardwareCorrupted:     0 kB
AnonHugePages:         0 kB
ShmemHugePages:        0 kB
ShmemPmdMapped:        0 kB
FileHugePages:         0 kB
FilePmdMapped:         0 kB
HugePages_Total:       0
HugePages_Free:        0
HugePages_Rsvd:        0
HugePages_Surp:        0
Hugepagesize:       2048 kB
Hugetlb:               0 kB
DirectMap4k:      386636 kB
DirectMap2M:    11038720 kB
DirectMap1G:     5242880 kB

/sys/kernel/mm/transparent_hugepage/enabled:
always [madvise] never
/sys/kernel/mm/transparent_hugepage/defrag (defrag/compaction efforts parameter):
always defer defer+madvise [madvise] never

/proc/sys/kernel/threads-max (system-wide limit on the number of threads):
127103
/proc/sys/vm/max_map_count (maximum number of memory map areas a process may have):
65530
/proc/sys/kernel/pid_max (system-wide limit on number of process identifiers):
4194304

container (cgroup) information:
container_type: cgroupv1
cpu_cpuset_cpus: 0-7
cpu_memory_nodes: 0
active_processor_count: 8
cpu_quota: -1
cpu_period: 100000
cpu_shares: -1
memory_limit_in_bytes: -1
memory_and_swap_limit_in_bytes: -1
memory_soft_limit_in_bytes: -1
memory_usage_in_bytes: 9576980480
memory_max_usage_in_bytes: 10188083200

Steal ticks since vm start: 0
Steal ticks percentage since vm start:  0.000

CPU:total 8 (initial active 8) (4 cores per cpu, 2 threads per core) family 6 model 60 stepping 3 microcode 0x28, cmov, cx8, fxsr, mmx, sse, sse2, sse3, ssse3, sse4.1, sse4.2, popcnt, avx, avx2, aes, clmul, erms, lzcnt, ht, tsc, tscinvbit, bmi1, bmi2, fma
CPU Model and flags from /proc/cpuinfo:
model name	: Intel(R) Core(TM) i7-4790 CPU @ 3.60GHz
flags		: fpu vme de pse tsc msr pae mce cx8 apic sep mtrr pge mca cmov pat pse36 clflush dts acpi mmx fxsr sse sse2 ss ht tm pbe syscall nx pdpe1gb rdtscp lm constant_tsc arch_perfmon pebs bts rep_good nopl xtopology nonstop_tsc cpuid aperfmperf pni pclmulqdq dtes64 monitor ds_cpl vmx smx est tm2 ssse3 sdbg fma cx16 xtpr pdcm pcid sse4_1 sse4_2 x2apic movbe popcnt tsc_deadline_timer aes xsave avx f16c rdrand lahf_lm abm cpuid_fault invpcid_single pti ssbd ibrs ibpb stibp tpr_shadow vnmi flexpriority ept vpid ept_ad fsgsbase tsc_adjust bmi1 avx2 smep bmi2 erms invpcid xsaveopt dtherm ida arat pln pts md_clear flush_l1d
Online cpus:
0-7
Offline cpus:

BIOS frequency limitation:
<Not Available>
Frequency switch latency (ns):
20000
Available cpu frequencies:
<Not Available>
Current governor:
schedutil
Core performance/turbo boost:
<Not Available>

Memory: 4k page, physical 16287304k(5443036k free), swap 4194300k(4194300k free)

vm_info: OpenJDK 64-Bit Server VM (11.0.10+9) for linux-amd64 JRE (11.0.10+9), built on Jan 30 2021 00:48:05 by "builduser" with gcc 10.2.0

END.
